2026-01-17 23:59:56,874 [INFO] 清洗任务启动: 514 章节
2026-01-17 23:59:57,080 [INFO] 章节 384_第七卷 八月火 第三百八十一节 - 狂躁.txt 本地过滤跳过 (未发现角色关键词)
2026-01-17 23:59:57,115 [INFO] 章节 306_第六卷 蔚蓝天空下 第三百零四节 - 凯莉.txt 本地过滤跳过 (未发现角色关键词)
2026-01-17 23:59:57,118 [INFO] 章节 107_第三卷 同居时代 第一百零六节 - 结论.txt 本地过滤跳过 (未发现角色关键词)
2026-01-17 23:59:57,119 [INFO] 章节 187_第五卷 有爱的世界 第一百八十六节 - 斩草.txt 本地过滤跳过 (未发现角色关键词)
2026-01-17 23:59:57,120 [INFO] 章节 307_第六卷 蔚蓝天空下 第三百零五节 - 你妈贵姓.txt 本地过滤跳过 (未发现角色关键词)
2026-01-17 23:59:57,122 [INFO] 章节 108_第三卷 同居时代 第一百零七节 - 火拼.txt 本地过滤跳过 (未发现角色关键词)
2026-01-17 23:59:57,123 [INFO] 章节 308_第六卷 蔚蓝天空下 第三百零六节 - 直觉.txt 本地过滤跳过 (未发现角色关键词)
2026-01-17 23:59:57,124 [INFO] 章节 109_第三卷 同居时代 第一百零八节 - 犬牙.txt 本地过滤跳过 (未发现角色关键词)
2026-01-17 23:59:57,125 [INFO] 章节 309_第六卷 蔚蓝天空下 第三百零七节 - 时间不多.txt 本地过滤跳过 (未发现角色关键词)
2026-01-17 23:59:57,126 [INFO] 章节 070_第三卷 同居时代 第六十九节 - 郁金香.txt 本地过滤跳过 (未发现角色关键词)
2026-01-17 23:59:57,127 [INFO] 章节 190_第五卷 有爱的世界 第一百八十九节 - 追求者.txt 本地过滤跳过 (未发现角色关键词)
2026-01-17 23:59:57,128 [INFO] 章节 071_第三卷 同居时代 第七十节 - 偷车贼.txt 本地过滤跳过 (未发现角色关键词)
2026-01-17 23:59:57,130 [INFO] 章节 311_第六卷 蔚蓝天空下 第三百零九节 - 邀请.txt 本地过滤跳过 (未发现角色关键词)
2026-01-17 23:59:57,131 [INFO] 章节 072_第三卷 同居时代 第七十一节 - 残局.txt 本地过滤跳过 (未发现角色关键词)
2026-01-17 23:59:57,133 [INFO] 章节 392_第七卷 八月火 第三百八十九节 - 月池家的小院落.txt 本地过滤跳过 (未发现角色关键词)
2026-01-17 23:59:57,133 [INFO] 章节 073_第三卷 同居时代 第七十二节 - 夜路.txt 本地过滤跳过 (未发现角色关键词)
2026-01-17 23:59:57,134 [INFO] 章节 113_第三卷 同居时代 第一百一十二节 - 狂欢宴会.txt 本地过滤跳过 (未发现角色关键词)
2026-01-17 23:59:57,135 [INFO] 章节 313_第六卷 蔚蓝天空下 第三百一十一节 - 抓她见我.txt 本地过滤跳过 (未发现角色关键词)
2026-01-17 23:59:57,135 [INFO] 章节 393_第七卷 八月火 第三百九十节 - 妒意.txt 本地过滤跳过 (未发现角色关键词)
2026-01-17 23:59:57,137 [INFO] 章节 394_第七卷 八月火 第三百九十一节 - 差距.txt 本地过滤跳过 (未发现角色关键词)
2026-01-17 23:59:57,138 [INFO] 章节 115_第三卷 同居时代 第一百一十四节 - 意外.txt 本地过滤跳过 (未发现角色关键词)
2026-01-17 23:59:57,139 [INFO] 章节 315_第六卷 蔚蓝天空下 第三百一十三节 - 相见.txt 本地过滤跳过 (未发现角色关键词)
2026-01-17 23:59:57,141 [INFO] 章节 395_第七卷 八月火 第三百九十二节 - 生猛海鲜.txt 本地过滤跳过 (未发现角色关键词)
2026-01-17 23:59:57,142 [INFO] 章节 196_第五卷 有爱的世界 第一百九十五节 - 比较.txt 本地过滤跳过 (未发现角色关键词)
2026-01-17 23:59:57,143 [INFO] 章节 316_第六卷 蔚蓝天空下 第三百一十四节 - 没见过人谈恋爱啊.txt 本地过滤跳过 (未发现角色关键词)
2026-01-17 23:59:57,143 [INFO] 章节 396_第七卷 八月火 第三百九十三节 - 无暇.txt 本地过滤跳过 (未发现角色关键词)
2026-01-17 23:59:57,144 [INFO] 章节 117_第三卷 同居时代 第一百一十六节 - 堕落的感觉.txt 本地过滤跳过 (未发现角色关键词)
2026-01-17 23:59:57,144 [INFO] 章节 317_第六卷 蔚蓝天空下 第三百一十五节 - 枪击.txt 本地过滤跳过 (未发现角色关键词)
2026-01-17 23:59:57,145 [INFO] 章节 318_第六卷 蔚蓝天空下 第三百一十六节 - 素言哪.txt 本地过滤跳过 (未发现角色关键词)
2026-01-17 23:59:57,146 [INFO] 章节 398_第七卷 八月火 第三百九十五节 - 惊艳一枪.txt 本地过滤跳过 (未发现角色关键词)
2026-01-17 23:59:57,147 [INFO] 章节 319_第六卷 蔚蓝天空下 第三百一十七节 - 恐怖之王.txt 本地过滤跳过 (未发现角色关键词)
2026-01-17 23:59:57,148 [INFO] 章节 080_第三卷 同居时代 第七十九节 - 警示.txt 本地过滤跳过 (未发现角色关键词)
2026-01-17 23:59:57,149 [INFO] 章节 400_第七卷 八月火 第三百九十七节 - 御守喜.txt 本地过滤跳过 (未发现角色关键词)
2026-01-17 23:59:57,150 [INFO] 章节 401_第七卷 八月火 第三百九十八节 - 还剩下什么.txt 本地过滤跳过 (未发现角色关键词)
2026-01-17 23:59:57,152 [INFO] 章节 122_第四卷 当时青春年少 第一百二十一节 - 期待.txt 本地过滤跳过 (未发现角色关键词)
2026-01-17 23:59:57,152 [INFO] 章节 322_第六卷 蔚蓝天空下 第三百二十节 - 心眼.txt 本地过滤跳过 (未发现角色关键词)
2026-01-17 23:59:57,153 [INFO] 章节 083_第三卷 同居时代 第八十二节 - 小冲突.txt 本地过滤跳过 (未发现角色关键词)
2026-01-17 23:59:57,154 [INFO] 章节 123_第四卷 当时青春年少 第一百二十二节 - 迷乱.txt 本地过滤跳过 (未发现角色关键词)
2026-01-17 23:59:57,155 [INFO] 章节 403_第七卷 八月火 第四百节 - 无限光明火.txt 本地过滤跳过 (未发现角色关键词)
2026-01-17 23:59:57,155 [INFO] 章节 124_第四卷 当时青春年少 第一百二十三节 - 砸场子.txt 本地过滤跳过 (未发现角色关键词)
2026-01-17 23:59:57,157 [INFO] 章节 125_第四卷 当时青春年少 第一百二十四节 - 女神.txt 本地过滤跳过 (未发现角色关键词)
2026-01-17 23:59:57,158 [INFO] 章节 126_第四卷 当时青春年少 第一百二十五节 - 伤.txt 本地过滤跳过 (未发现角色关键词)
2026-01-17 23:59:57,158 [INFO] 章节 208_第五卷 有爱的世界 第二百零七节 - 她来了.txt 本地过滤跳过 (未发现角色关键词)
2026-01-17 23:59:57,161 [INFO] 章节 408_第七卷 八月火 第四百零五节 - 有人找.txt 本地过滤跳过 (未发现角色关键词)
2026-01-17 23:59:57,161 [INFO] 章节 209_第五卷 有爱的世界 第二百零八节 - 血色嘉年华（一）.txt 本地过滤跳过 (未发现角色关键词)
2026-01-17 23:59:57,165 [INFO] 章节 210_第五卷 有爱的世界 第二百零九节 - 血色嘉年华（二）.txt 本地过滤跳过 (未发现角色关键词)
2026-01-17 23:59:57,168 [INFO] 章节 411_第七卷 八月火 第四百零八节 - 染血的城池.txt 本地过滤跳过 (未发现角色关键词)
2026-01-17 23:59:57,171 [INFO] 章节 094_第三卷 同居时代 第九十三节 - 破船.txt 本地过滤跳过 (未发现角色关键词)
2026-01-17 23:59:57,173 [INFO] 章节 414_第八卷 往日之扉 第四百一十节 - 胡不归.txt 本地过滤跳过 (未发现角色关键词)
2026-01-17 23:59:57,174 [INFO] 章节 415_第八卷 往日之扉 第四百一十一节 - 糖炒栗子.txt 本地过滤跳过 (未发现角色关键词)
2026-01-17 23:59:57,176 [INFO] 章节 416_第八卷 往日之扉 第四百一十二节 - 死者.txt 本地过滤跳过 (未发现角色关键词)
2026-01-17 23:59:57,176 [INFO] 章节 097_第三卷 同居时代 第九十六节 - 人质.txt 本地过滤跳过 (未发现角色关键词)
2026-01-17 23:59:57,177 [INFO] 章节 217_第五卷 有爱的世界 第二百一十六节 - 血色嘉年华（九）.txt 本地过滤跳过 (未发现角色关键词)
2026-01-17 23:59:57,177 [INFO] 章节 337_第六卷 蔚蓝天空下 第三百三十五节 - 对不起，我爱你.txt 本地过滤跳过 (未发现角色关键词)
2026-01-17 23:59:57,178 [INFO] 章节 098_第三卷 同居时代 第九十七节 - 所谓一拍两散.txt 本地过滤跳过 (未发现角色关键词)
2026-01-17 23:59:57,179 [INFO] 章节 418_第八卷 往日之扉 第四百一十四节 - 收留.txt 本地过滤跳过 (未发现角色关键词)
2026-01-17 23:59:57,179 [INFO] 章节 099_第三卷 同居时代 第九十八节 - 风暴（上）.txt 本地过滤跳过 (未发现角色关键词)
2026-01-17 23:59:57,180 [INFO] 章节 139_第四卷 当时青春年少 第一百三十八节 - 詹姆斯.txt 本地过滤跳过 (未发现角色关键词)
2026-01-17 23:59:57,181 [INFO] 章节 419_第八卷 往日之扉 第四百一十五节 - 复仇者.txt 本地过滤跳过 (未发现角色关键词)
2026-01-17 23:59:57,182 [INFO] 章节 141_第四卷 当时青春年少 第一百四十节 - 要命.txt 本地过滤跳过 (未发现角色关键词)
2026-01-17 23:59:57,183 [INFO] 章节 341_第六卷 蔚蓝天空下 第三百三十九节 - 失却的杀手之心.txt 本地过滤跳过 (未发现角色关键词)
2026-01-17 23:59:57,185 [INFO] 章节 222_第五卷 有爱的世界 第二百二十一节 - 风暴前夕.txt 本地过滤跳过 (未发现角色关键词)
2026-01-17 23:59:57,185 [INFO] 章节 342_第六卷 蔚蓝天空下 第三百四十节 - 最强压制.txt 本地过滤跳过 (未发现角色关键词)
2026-01-17 23:59:57,186 [INFO] 章节 422_第八卷 往日之扉 第四百一十八节 - 除夕（下）.txt 本地过滤跳过 (未发现角色关键词)
2026-01-17 23:59:57,187 [INFO] 章节 223_第五卷 有爱的世界 第二百二十二节 - 海蒂的烦恼.txt 本地过滤跳过 (未发现角色关键词)
2026-01-17 23:59:57,188 [INFO] 章节 024_第二卷 初中生活 第二十四节 - 侏儒.txt 本地过滤跳过 (未发现角色关键词)
2026-01-17 23:59:57,189 [INFO] 章节 224_第五卷 有爱的世界 第二百二十三节 - 絮语.txt 本地过滤跳过 (未发现角色关键词)
2026-01-17 23:59:57,190 [INFO] 章节 424_第八卷 往日之扉 第四百二十节 - 归来.txt 本地过滤跳过 (未发现角色关键词)
2026-01-17 23:59:57,190 [INFO] 章节 464_第八卷 往日之扉 第四百六十节 - 距离.txt 本地过滤跳过 (未发现角色关键词)
2026-01-17 23:59:57,191 [INFO] 章节 145_第四卷 当时青春年少 第一百四十四节 - 苦恼.txt 本地过滤跳过 (未发现角色关键词)
2026-01-17 23:59:57,191 [INFO] 章节 225_第五卷 有爱的世界 第二百二十四节 - 哈利路亚.txt 本地过滤跳过 (未发现角色关键词)
2026-01-17 23:59:57,191 [INFO] 章节 345_第六卷 蔚蓝天空下 第三百四十三节 - 国家.txt 本地过滤跳过 (未发现角色关键词)
2026-01-17 23:59:57,195 [INFO] 章节 026_第二卷 初中生活 第二十六节 - 百人斩.txt 本地过滤跳过 (未发现角色关键词)
2026-01-17 23:59:57,196 [INFO] 章节 146_第四卷 当时青春年少 第一百四十五节 - 拍卖会.txt 本地过滤跳过 (未发现角色关键词)
2026-01-17 23:59:57,196 [INFO] 章节 226_第五卷 有爱的世界 第二百二十五节 - 喋血街头.txt 本地过滤跳过 (未发现角色关键词)
2026-01-17 23:59:57,197 [INFO] 章节 266_第五卷 有爱的世界 第二百六十五节 - 道别.txt 本地过滤跳过 (未发现角色关键词)
2026-01-17 23:59:57,199 [INFO] 章节 027_第二卷 初中生活 第二十七节 - 我们回家.txt 本地过滤跳过 (未发现角色关键词)
2026-01-17 23:59:57,199 [INFO] 章节 147_第四卷 当时青春年少 第一百四十六节 - 心事.txt 本地过滤跳过 (未发现角色关键词)
2026-01-17 23:59:57,200 [INFO] 章节 227_第五卷 有爱的世界 第二百二十六节 - 黎明前的时间.txt 本地过滤跳过 (未发现角色关键词)
2026-01-17 23:59:57,200 [INFO] 章节 267_第五卷 有爱的世界 第二百六十六节 - 回家.txt 本地过滤跳过 (未发现角色关键词)
2026-01-17 23:59:57,202 [INFO] 章节 228_第五卷 有爱的世界 第二百二十七节 - 萨利埃.txt 本地过滤跳过 (未发现角色关键词)
2026-01-17 23:59:57,205 [INFO] 章节 149_第四卷 当时青春年少 第一百四十八节 - 蓝鸟.txt 本地过滤跳过 (未发现角色关键词)
2026-01-17 23:59:57,205 [INFO] 章节 229_第五卷 有爱的世界 第二百二十八节 - 约瑟夫.txt 本地过滤跳过 (未发现角色关键词)
2026-01-17 23:59:57,206 [INFO] 章节 269_第六卷 蔚蓝天空下 第二百六十七节 - 暗招.txt 本地过滤跳过 (未发现角色关键词)
2026-01-17 23:59:57,206 [INFO] 章节 469_第八卷 往日之扉 第四百六十五节 - 最后的试题.txt 本地过滤跳过 (未发现角色关键词)
2026-01-17 23:59:57,208 [INFO] 章节 231_第五卷 有爱的世界 第二百三十节 - 刃.txt 本地过滤跳过 (未发现角色关键词)
2026-01-17 23:59:57,210 [INFO] 章节 431_第八卷 往日之扉 第四百二十七节 - 赌局.txt 本地过滤跳过 (未发现角色关键词)
2026-01-17 23:59:57,210 [INFO] 章节 511_后篇 第十一章 黑小瘦.txt 本地过滤跳过 (未发现角色关键词)
2026-01-17 23:59:57,212 [INFO] 章节 232_第五卷 有爱的世界 第二百三十一节 - 回溯.txt 本地过滤跳过 (未发现角色关键词)
2026-01-17 23:59:57,213 [INFO] 章节 432_第八卷 往日之扉 第四百二十八节 - 混乱.txt 本地过滤跳过 (未发现角色关键词)
2026-01-17 23:59:57,214 [INFO] 章节 512_后篇 第十二章 鬼神.txt 本地过滤跳过 (未发现角色关键词)
2026-01-17 23:59:57,215 [INFO] 章节 233_第五卷 有爱的世界 第二百三十二节 - 猜疑，内幕.txt 本地过滤跳过 (未发现角色关键词)
2026-01-17 23:59:57,216 [INFO] 章节 234_第五卷 有爱的世界 第二百三十三节 - 黑手党.txt 本地过滤跳过 (未发现角色关键词)
2026-01-17 23:59:57,218 [INFO] 章节 434_第八卷 往日之扉 第四百三十节 - 躁动的夜.txt 本地过滤跳过 (未发现角色关键词)
2026-01-17 23:59:57,220 [INFO] 章节 235_第五卷 有爱的世界 第二百三十四节 - 扭曲.txt 本地过滤跳过 (未发现角色关键词)
2026-01-17 23:59:57,220 [INFO] 章节 275_第六卷 蔚蓝天空下 第二百七十三节 - 风将起.txt 本地过滤跳过 (未发现角色关键词)
2026-01-17 23:59:57,220 [INFO] 章节 036_第二卷 初中生活 第三十六节 - 獠牙（中）.txt 本地过滤跳过 (未发现角色关键词)
2026-01-17 23:59:57,220 [INFO] 章节 236_第五卷 有爱的世界 第二百三十五节 - 幸运日.txt 本地过滤跳过 (未发现角色关键词)
2026-01-17 23:59:57,224 [INFO] 章节 237_第五卷 有爱的世界 第二百三十六节 - 疯狂.txt 本地过滤跳过 (未发现角色关键词)
2026-01-17 23:59:57,225 [INFO] 章节 437_第八卷 往日之扉 第四百三十三节 - 清醒.txt 本地过滤跳过 (未发现角色关键词)
2026-01-17 23:59:57,226 [INFO] 章节 477_第九卷 最后回旋 第四百七十三节 - 捕蝉.txt 本地过滤跳过 (未发现角色关键词)
2026-01-17 23:59:57,226 [INFO] 章节 238_第五卷 有爱的世界 第二百三十七节 - 恋情.txt 本地过滤跳过 (未发现角色关键词)
2026-01-17 23:59:57,228 [INFO] 章节 478_第九卷 最后回旋 第四百七十四节 - 樱花（上）.txt 本地过滤跳过 (未发现角色关键词)
2026-01-17 23:59:57,228 [INFO] 章节 159_第四卷 当时青春年少 第一百五十八节 - 心乱.txt 本地过滤跳过 (未发现角色关键词)
2026-01-17 23:59:57,229 [INFO] 章节 239_第五卷 有爱的世界 第二百三十八节 - 离开.txt 本地过滤跳过 (未发现角色关键词)
2026-01-17 23:59:57,229 [INFO] 章节 439_第八卷 往日之扉 第四百三十五节 - 劫持.txt 本地过滤跳过 (未发现角色关键词)
2026-01-17 23:59:57,230 [INFO] 章节 479_第九卷 最后回旋 第四百七十五节 - 樱花（下）.txt 本地过滤跳过 (未发现角色关键词)
2026-01-17 23:59:57,230 [INFO] 章节 000_Intro.txt 本地过滤跳过 (未发现角色关键词)
2026-01-17 23:59:57,230 [INFO] 章节 160_第四卷 当时青春年少 第一百五十九节 - 校庆.txt 本地过滤跳过 (未发现角色关键词)
2026-01-17 23:59:57,230 [INFO] 章节 240_第五卷 有爱的世界 第二百三十九节 - 落寞.txt 本地过滤跳过 (未发现角色关键词)
2026-01-17 23:59:57,233 [INFO] 章节 280_第六卷 蔚蓝天空下 第二百七十八节 - 乱.txt 本地过滤跳过 (未发现角色关键词)
2026-01-17 23:59:57,234 [INFO] 章节 001_第一卷 重生 第一节 - 回到过去.txt 本地过滤跳过 (未发现角色关键词)
2026-01-17 23:59:57,234 [INFO] 章节 161_第四卷 当时青春年少 第一百六十节 - 网络风暴（上）.txt 本地过滤跳过 (未发现角色关键词)
2026-01-17 23:59:57,235 [INFO] 章节 241_第五卷 有爱的世界 第二百四十节 - 猜疑.txt 本地过滤跳过 (未发现角色关键词)
2026-01-17 23:59:57,237 [INFO] 章节 002_第一卷 重生 第二节 - 家明与灵静.txt 本地过滤跳过 (未发现角色关键词)
2026-01-17 23:59:57,238 [INFO] 章节 162_第四卷 当时青春年少 第一百六十一节 - 网络风暴（下）.txt 本地过滤跳过 (未发现角色关键词)
2026-01-17 23:59:57,238 [INFO] 章节 242_第五卷 有爱的世界 第二百四十一节 - 熟悉的人影.txt 本地过滤跳过 (未发现角色关键词)
2026-01-17 23:59:57,241 [INFO] 章节 243_第五卷 有爱的世界 第二百四十二节 - 隐匿之枪.txt 本地过滤跳过 (未发现角色关键词)
2026-01-17 23:59:57,243 [INFO] 章节 443_第八卷 往日之扉 第四百三十九节 - 你是谁.txt 本地过滤跳过 (未发现角色关键词)
2026-01-17 23:59:57,243 [INFO] 章节 483_第九卷 最后回旋 第四百七十九节 - 水城漫步.txt 本地过滤跳过 (未发现角色关键词)
2026-01-17 23:59:57,243 [INFO] 章节 244_第五卷 有爱的世界 第二百四十三节 - 无踪.txt 本地过滤跳过 (未发现角色关键词)
2026-01-17 23:59:57,246 [INFO] 章节 444_第八卷 往日之扉 第四百四十节 - 巨兽.txt 本地过滤跳过 (未发现角色关键词)
2026-01-17 23:59:57,246 [INFO] 章节 484_第九卷 最后回旋 第四百八十节 - 淑女.txt 本地过滤跳过 (未发现角色关键词)
2026-01-17 23:59:57,246 [INFO] 章节 045_第二卷 初中生活 第四十五节 - 楼台会.txt 本地过滤跳过 (未发现角色关键词)
2026-01-17 23:59:57,248 [INFO] 章节 245_第五卷 有爱的世界 第二百四十四节 - 漫天风雪.txt 本地过滤跳过 (未发现角色关键词)
2026-01-17 23:59:57,249 [INFO] 章节 445_第八卷 往日之扉 第四百四十一节 - 窗外的死神.txt 本地过滤跳过 (未发现角色关键词)
2026-01-17 23:59:57,250 [INFO] 章节 046_第二卷 初中生活 第四十六节 - 决定私奔.txt 本地过滤跳过 (未发现角色关键词)
2026-01-17 23:59:57,250 [INFO] 章节 246_第五卷 有爱的世界 第二百四十五节 - 深巷.txt 本地过滤跳过 (未发现角色关键词)
2026-01-17 23:59:57,252 [INFO] 章节 167_第四卷 当时青春年少 第一百六十六节 - 造物奇迹.txt 本地过滤跳过 (未发现角色关键词)
2026-01-17 23:59:57,252 [INFO] 章节 247_第五卷 有爱的世界 第二百四十六节 - 你是谁.txt 本地过滤跳过 (未发现角色关键词)
2026-01-17 23:59:57,253 [INFO] 章节 487_第九卷 最后回旋 第四百八十三节 - 我叫简素言.txt 本地过滤跳过 (未发现角色关键词)
2026-01-17 23:59:57,255 [INFO] 章节 248_第五卷 有爱的世界 第二百四十七节 - 雅涵的决定.txt 本地过滤跳过 (未发现角色关键词)
2026-01-17 23:59:57,257 [INFO] 章节 288_第六卷 蔚蓝天空下 第二百八十六节 - 最近的小烦恼.txt 本地过滤跳过 (未发现角色关键词)
2026-01-17 23:59:57,257 [INFO] 章节 488_第九卷 最后回旋 第四百八十四节 - 自然进化.txt 本地过滤跳过 (未发现角色关键词)
2026-01-17 23:59:57,257 [INFO] 章节 009_第一卷 重生 第九节 - 纯属意外（上）.txt 本地过滤跳过 (未发现角色关键词)
2026-01-17 23:59:57,258 [INFO] 章节 169_第四卷 当时青春年少 第一百六十八节 - 恐惧.txt 本地过滤跳过 (未发现角色关键词)
2026-01-17 23:59:57,258 [INFO] 章节 249_第五卷 有爱的世界 第二百四十八节 - 宣战.txt 本地过滤跳过 (未发现角色关键词)
2026-01-17 23:59:57,259 [INFO] 章节 010_第一卷 重生 第十节 - 纯属意外（下）.txt 本地过滤跳过 (未发现角色关键词)
2026-01-17 23:59:57,261 [INFO] 章节 170_第四卷 当时青春年少 第一百六十九节 - 头痛之谜.txt 本地过滤跳过 (未发现角色关键词)
2026-01-17 23:59:57,261 [INFO] 章节 250_第五卷 有爱的世界 第二百四十九节 - 人海.txt 本地过滤跳过 (未发现角色关键词)
2026-01-17 23:59:57,261 [INFO] 章节 370_第七卷 八月火 第三百六十七节 - 雨中的机场.txt 本地过滤跳过 (未发现角色关键词)
2026-01-17 23:59:57,263 [INFO] 章节 490_--外篇--.txt 本地过滤跳过 (未发现角色关键词)
2026-01-17 23:59:57,264 [INFO] 章节 251_第五卷 有爱的世界 第二百五十节 - 重枪.txt 本地过滤跳过 (未发现角色关键词)
2026-01-17 23:59:57,265 [INFO] 章节 491_外篇 第一节.txt 本地过滤跳过 (未发现角色关键词)
2026-01-17 23:59:57,266 [INFO] 章节 252_第五卷 有爱的世界 第二百五十一节 - 互刺.txt 本地过滤跳过 (未发现角色关键词)
2026-01-17 23:59:57,267 [INFO] 章节 492_外篇 第二节.txt 本地过滤跳过 (未发现角色关键词)
2026-01-17 23:59:57,268 [INFO] 章节 253_第五卷 有爱的世界 第二百五十二节 - 谁是你爸爸.txt 本地过滤跳过 (未发现角色关键词)
2026-01-17 23:59:57,269 [INFO] 章节 293_第六卷 蔚蓝天空下 第二百九十一节 - 黄雀.txt 本地过滤跳过 (未发现角色关键词)
2026-01-17 23:59:57,270 [INFO] 章节 493_外篇 第三节.txt 本地过滤跳过 (未发现角色关键词)
2026-01-17 23:59:57,271 [INFO] 章节 254_第五卷 有爱的世界 第二百五十三节 - 逃亡.txt 本地过滤跳过 (未发现角色关键词)
2026-01-17 23:59:57,271 [INFO] 章节 294_第六卷 蔚蓝天空下 第二百九十二节 - 伯爵.txt 本地过滤跳过 (未发现角色关键词)
2026-01-17 23:59:57,272 [INFO] 章节 374_第七卷 八月火 第三百七十一节 - 两年半.txt 本地过滤跳过 (未发现角色关键词)
2026-01-17 23:59:57,273 [INFO] 章节 494_外篇 第四节.txt 本地过滤跳过 (未发现角色关键词)
2026-01-17 23:59:57,273 [INFO] 章节 175_第四卷 当时青春年少 第一百七十四节 - 交火点.txt 本地过滤跳过 (未发现角色关键词)
2026-01-17 23:59:57,273 [INFO] 章节 255_第五卷 有爱的世界 第二百五十四节 - 我回来了.txt 本地过滤跳过 (未发现角色关键词)
2026-01-17 23:59:57,273 [INFO] 章节 295_第六卷 蔚蓝天空下 第二百九十三节 - 分解.txt 本地过滤跳过 (未发现角色关键词)
2026-01-17 23:59:57,273 [INFO] 章节 375_第七卷 八月火 第三百七十二节 - 巴黎.txt 本地过滤跳过 (未发现角色关键词)
2026-01-17 23:59:57,276 [INFO] 章节 495_外篇 第五节.txt 本地过滤跳过 (未发现角色关键词)
2026-01-17 23:59:57,277 [INFO] 章节 376_第七卷 八月火 第三百七十三节 - 我会来找你.txt 本地过滤跳过 (未发现角色关键词)
2026-01-17 23:59:57,278 [INFO] 章节 496_外篇 第六节.txt 本地过滤跳过 (未发现角色关键词)
2026-01-17 23:59:57,279 [INFO] 章节 297_第六卷 蔚蓝天空下 第二百九十五节 - 背影.txt 本地过滤跳过 (未发现角色关键词)
2026-01-17 23:59:57,282 [INFO] 章节 497_外篇 第七节.txt 本地过滤跳过 (未发现角色关键词)
2026-01-17 23:59:57,283 [INFO] 章节 258_第五卷 有爱的世界 第二百五十七节 - 小镇.txt 本地过滤跳过 (未发现角色关键词)
2026-01-17 23:59:57,283 [INFO] 章节 378_第七卷 八月火 第三百七十五节 - 史上最恐怖三人组.txt 本地过滤跳过 (未发现角色关键词)
2026-01-17 23:59:57,284 [INFO] 章节 498_外篇 第八节.txt 本地过滤跳过 (未发现角色关键词)
2026-01-17 23:59:57,285 [INFO] 章节 379_第七卷 八月火 第三百七十六节 - 染血的长街.txt 本地过滤跳过 (未发现角色关键词)
2026-01-17 23:59:57,285 [INFO] 章节 499_外篇 第九节.txt 本地过滤跳过 (未发现角色关键词)
2026-01-17 23:59:57,287 [INFO] 章节 260_第五卷 有爱的世界 第二百五十九节 - 挑战.txt 本地过滤跳过 (未发现角色关键词)
2026-01-17 23:59:57,288 [INFO] 章节 300_第六卷 蔚蓝天空下 第二百九十八节 - 女人啊.txt 本地过滤跳过 (未发现角色关键词)
2026-01-17 23:59:57,288 [INFO] 章节 380_第七卷 八月火 第三百七十七节 - 初识.txt 本地过滤跳过 (未发现角色关键词)
2026-01-17 23:59:57,289 [INFO] 章节 460_第八卷 往日之扉 第四百五十六节 - 白熊.txt 本地过滤跳过 (未发现角色关键词)
2026-01-17 23:59:57,289 [INFO] 章节 500_--后篇--.txt 本地过滤跳过 (未发现角色关键词)
2026-01-17 23:59:57,291 [INFO] 章节 181_第五卷 有爱的世界 第一百八十节 - 因果线.txt 本地过滤跳过 (未发现角色关键词)
2026-01-17 23:59:57,292 [INFO] 章节 261_第五卷 有爱的世界 第二百六十节 - 初吻.txt 本地过滤跳过 (未发现角色关键词)
2026-01-17 23:59:57,292 [INFO] 章节 301_第六卷 蔚蓝天空下 第二百九十九节 - 再见方雨思.txt 本地过滤跳过 (未发现角色关键词)
2026-01-17 23:59:57,293 [INFO] 章节 381_第七卷 八月火 第三百七十八节 - 喜欢你也没什么.txt 本地过滤跳过 (未发现角色关键词)
2026-01-17 23:59:57,294 [INFO] 章节 062_第三卷 同居时代 第六十一节 - 夜林.txt 本地过滤跳过 (未发现角色关键词)
2026-01-17 23:59:57,294 [INFO] 章节 302_第六卷 蔚蓝天空下 第三百节 - 你们不知道.txt 本地过滤跳过 (未发现角色关键词)
2026-01-17 23:59:57,296 [INFO] 章节 263_第五卷 有爱的世界 第二百六十二节 - 简单清晨.txt 本地过滤跳过 (未发现角色关键词)
2026-01-17 23:59:57,297 [INFO] 章节 303_第六卷 蔚蓝天空下 第三百零一节 - 唯一的优势.txt 本地过滤跳过 (未发现角色关键词)
2026-01-17 23:59:57,297 [INFO] 进度: 180/514 | 成功:0 失败:0 跳过/空:180 | 成本: 0.00 CNY
2026-01-17 23:59:57,297 [INFO] 进度: 180/514 | 成功:0 失败:0 跳过/空:180 | 成本: 0.00 CNY
2026-01-17 23:59:57,299 [INFO] 进度: 180/514 | 成功:0 失败:0 跳过/空:180 | 成本: 0.00 CNY
2026-01-17 23:59:57,299 [INFO] 进度: 180/514 | 成功:0 失败:0 跳过/空:180 | 成本: 0.00 CNY
2026-01-17 23:59:57,299 [INFO] 进度: 180/514 | 成功:0 失败:0 跳过/空:180 | 成本: 0.00 CNY
2026-01-17 23:59:57,299 [INFO] 进度: 180/514 | 成功:0 失败:0 跳过/空:180 | 成本: 0.00 CNY
2026-01-17 23:59:57,299 [INFO] 进度: 180/514 | 成功:0 失败:0 跳过/空:180 | 成本: 0.00 CNY
2026-01-17 23:59:57,299 [INFO] 进度: 180/514 | 成功:0 失败:0 跳过/空:180 | 成本: 0.00 CNY
2026-01-17 23:59:57,299 [INFO] 进度: 180/514 | 成功:0 失败:0 跳过/空:180 | 成本: 0.00 CNY
2026-01-17 23:59:57,299 [INFO] 进度: 180/514 | 成功:0 失败:0 跳过/空:180 | 成本: 0.00 CNY
2026-01-17 23:59:57,299 [INFO] 进度: 180/514 | 成功:0 失败:0 跳过/空:180 | 成本: 0.00 CNY
2026-01-17 23:59:57,299 [INFO] 进度: 180/514 | 成功:0 失败:0 跳过/空:180 | 成本: 0.00 CNY
2026-01-17 23:59:57,299 [INFO] 进度: 180/514 | 成功:0 失败:0 跳过/空:180 | 成本: 0.00 CNY
2026-01-17 23:59:57,299 [INFO] 进度: 180/514 | 成功:0 失败:0 跳过/空:180 | 成本: 0.00 CNY
2026-01-17 23:59:57,299 [INFO] 进度: 180/514 | 成功:0 失败:0 跳过/空:180 | 成本: 0.00 CNY
2026-01-17 23:59:57,299 [INFO] 进度: 180/514 | 成功:0 失败:0 跳过/空:180 | 成本: 0.00 CNY
2026-01-17 23:59:57,299 [INFO] 进度: 180/514 | 成功:0 失败:0 跳过/空:180 | 成本: 0.00 CNY
2026-01-17 23:59:57,299 [INFO] 进度: 180/514 | 成功:0 失败:0 跳过/空:180 | 成本: 0.00 CNY
2026-01-17 23:59:57,299 [INFO] 进度: 180/514 | 成功:0 失败:0 跳过/空:180 | 成本: 0.00 CNY
2026-01-17 23:59:57,299 [INFO] 进度: 180/514 | 成功:0 失败:0 跳过/空:180 | 成本: 0.00 CNY
2026-01-17 23:59:57,299 [INFO] 进度: 180/514 | 成功:0 失败:0 跳过/空:180 | 成本: 0.00 CNY
2026-01-17 23:59:57,301 [INFO] 进度: 180/514 | 成功:0 失败:0 跳过/空:180 | 成本: 0.00 CNY
2026-01-17 23:59:57,301 [INFO] 进度: 180/514 | 成功:0 失败:0 跳过/空:180 | 成本: 0.00 CNY
2026-01-17 23:59:57,301 [INFO] 进度: 180/514 | 成功:0 失败:0 跳过/空:180 | 成本: 0.00 CNY
2026-01-17 23:59:57,301 [INFO] 进度: 180/514 | 成功:0 失败:0 跳过/空:180 | 成本: 0.00 CNY
2026-01-17 23:59:57,301 [INFO] 进度: 180/514 | 成功:0 失败:0 跳过/空:180 | 成本: 0.00 CNY
2026-01-17 23:59:57,301 [INFO] 进度: 180/514 | 成功:0 失败:0 跳过/空:180 | 成本: 0.00 CNY
2026-01-17 23:59:57,301 [INFO] 进度: 180/514 | 成功:0 失败:0 跳过/空:180 | 成本: 0.00 CNY
2026-01-17 23:59:57,301 [INFO] 进度: 180/514 | 成功:0 失败:0 跳过/空:180 | 成本: 0.00 CNY
2026-01-17 23:59:57,301 [INFO] 进度: 180/514 | 成功:0 失败:0 跳过/空:180 | 成本: 0.00 CNY
2026-01-17 23:59:57,301 [INFO] 进度: 180/514 | 成功:0 失败:0 跳过/空:180 | 成本: 0.00 CNY
2026-01-17 23:59:57,301 [INFO] 进度: 180/514 | 成功:0 失败:0 跳过/空:180 | 成本: 0.00 CNY
2026-01-17 23:59:57,301 [INFO] 进度: 180/514 | 成功:0 失败:0 跳过/空:180 | 成本: 0.00 CNY
2026-01-17 23:59:57,301 [INFO] 进度: 180/514 | 成功:0 失败:0 跳过/空:180 | 成本: 0.00 CNY
2026-01-17 23:59:57,303 [INFO] 进度: 180/514 | 成功:0 失败:0 跳过/空:180 | 成本: 0.00 CNY
2026-01-17 23:59:57,303 [INFO] 进度: 180/514 | 成功:0 失败:0 跳过/空:180 | 成本: 0.00 CNY
2026-01-17 23:59:57,303 [INFO] 进度: 180/514 | 成功:0 失败:0 跳过/空:180 | 成本: 0.00 CNY
2026-01-17 23:59:57,303 [INFO] 进度: 180/514 | 成功:0 失败:0 跳过/空:180 | 成本: 0.00 CNY
2026-01-17 23:59:57,303 [INFO] 进度: 180/514 | 成功:0 失败:0 跳过/空:180 | 成本: 0.00 CNY
2026-01-17 23:59:57,303 [INFO] 进度: 180/514 | 成功:0 失败:0 跳过/空:180 | 成本: 0.00 CNY
2026-01-17 23:59:57,303 [INFO] 进度: 180/514 | 成功:0 失败:0 跳过/空:180 | 成本: 0.00 CNY
2026-01-17 23:59:57,303 [INFO] 进度: 180/514 | 成功:0 失败:0 跳过/空:180 | 成本: 0.00 CNY
2026-01-17 23:59:57,303 [INFO] 进度: 180/514 | 成功:0 失败:0 跳过/空:180 | 成本: 0.00 CNY
2026-01-17 23:59:57,303 [INFO] 进度: 180/514 | 成功:0 失败:0 跳过/空:180 | 成本: 0.00 CNY
2026-01-17 23:59:57,303 [INFO] 进度: 180/514 | 成功:0 失败:0 跳过/空:180 | 成本: 0.00 CNY
2026-01-17 23:59:57,303 [INFO] 进度: 180/514 | 成功:0 失败:0 跳过/空:180 | 成本: 0.00 CNY
2026-01-17 23:59:57,303 [INFO] 进度: 180/514 | 成功:0 失败:0 跳过/空:180 | 成本: 0.00 CNY
2026-01-17 23:59:57,303 [INFO] 进度: 180/514 | 成功:0 失败:0 跳过/空:180 | 成本: 0.00 CNY
2026-01-17 23:59:57,303 [INFO] 进度: 180/514 | 成功:0 失败:0 跳过/空:180 | 成本: 0.00 CNY
2026-01-17 23:59:57,303 [INFO] 进度: 180/514 | 成功:0 失败:0 跳过/空:180 | 成本: 0.00 CNY
2026-01-17 23:59:57,303 [INFO] 进度: 180/514 | 成功:0 失败:0 跳过/空:180 | 成本: 0.00 CNY
2026-01-17 23:59:57,303 [INFO] 进度: 180/514 | 成功:0 失败:0 跳过/空:180 | 成本: 0.00 CNY
2026-01-17 23:59:57,303 [INFO] 进度: 180/514 | 成功:0 失败:0 跳过/空:180 | 成本: 0.00 CNY
2026-01-17 23:59:57,303 [INFO] 进度: 180/514 | 成功:0 失败:0 跳过/空:180 | 成本: 0.00 CNY
2026-01-17 23:59:57,303 [INFO] 进度: 180/514 | 成功:0 失败:0 跳过/空:180 | 成本: 0.00 CNY
2026-01-17 23:59:57,303 [INFO] 进度: 180/514 | 成功:0 失败:0 跳过/空:180 | 成本: 0.00 CNY
2026-01-17 23:59:57,303 [INFO] 进度: 180/514 | 成功:0 失败:0 跳过/空:180 | 成本: 0.00 CNY
2026-01-17 23:59:57,303 [INFO] 进度: 180/514 | 成功:0 失败:0 跳过/空:180 | 成本: 0.00 CNY
2026-01-17 23:59:57,303 [INFO] 进度: 180/514 | 成功:0 失败:0 跳过/空:180 | 成本: 0.00 CNY
2026-01-17 23:59:57,303 [INFO] 进度: 180/514 | 成功:0 失败:0 跳过/空:180 | 成本: 0.00 CNY
2026-01-17 23:59:57,303 [INFO] 进度: 180/514 | 成功:0 失败:0 跳过/空:180 | 成本: 0.00 CNY
2026-01-17 23:59:57,306 [INFO] 进度: 180/514 | 成功:0 失败:0 跳过/空:180 | 成本: 0.00 CNY
2026-01-17 23:59:57,306 [INFO] 进度: 180/514 | 成功:0 失败:0 跳过/空:180 | 成本: 0.00 CNY
2026-01-17 23:59:57,306 [INFO] 进度: 180/514 | 成功:0 失败:0 跳过/空:180 | 成本: 0.00 CNY
2026-01-17 23:59:57,306 [INFO] 进度: 180/514 | 成功:0 失败:0 跳过/空:180 | 成本: 0.00 CNY
2026-01-17 23:59:57,306 [INFO] 进度: 180/514 | 成功:0 失败:0 跳过/空:180 | 成本: 0.00 CNY
2026-01-17 23:59:57,306 [INFO] 进度: 180/514 | 成功:0 失败:0 跳过/空:180 | 成本: 0.00 CNY
2026-01-17 23:59:57,306 [INFO] 进度: 180/514 | 成功:0 失败:0 跳过/空:180 | 成本: 0.00 CNY
2026-01-17 23:59:57,306 [INFO] 进度: 180/514 | 成功:0 失败:0 跳过/空:180 | 成本: 0.00 CNY
2026-01-17 23:59:57,306 [INFO] 进度: 180/514 | 成功:0 失败:0 跳过/空:180 | 成本: 0.00 CNY
2026-01-17 23:59:57,306 [INFO] 进度: 180/514 | 成功:0 失败:0 跳过/空:180 | 成本: 0.00 CNY
2026-01-17 23:59:57,306 [INFO] 进度: 180/514 | 成功:0 失败:0 跳过/空:180 | 成本: 0.00 CNY
2026-01-17 23:59:57,306 [INFO] 进度: 180/514 | 成功:0 失败:0 跳过/空:180 | 成本: 0.00 CNY
2026-01-17 23:59:57,306 [INFO] 进度: 180/514 | 成功:0 失败:0 跳过/空:180 | 成本: 0.00 CNY
2026-01-17 23:59:57,306 [INFO] 进度: 180/514 | 成功:0 失败:0 跳过/空:180 | 成本: 0.00 CNY
2026-01-17 23:59:57,306 [INFO] 进度: 180/514 | 成功:0 失败:0 跳过/空:180 | 成本: 0.00 CNY
2026-01-17 23:59:57,306 [INFO] 进度: 180/514 | 成功:0 失败:0 跳过/空:180 | 成本: 0.00 CNY
2026-01-17 23:59:57,306 [INFO] 进度: 180/514 | 成功:0 失败:0 跳过/空:180 | 成本: 0.00 CNY
2026-01-17 23:59:57,306 [INFO] 进度: 180/514 | 成功:0 失败:0 跳过/空:180 | 成本: 0.00 CNY
2026-01-17 23:59:57,306 [INFO] 进度: 180/514 | 成功:0 失败:0 跳过/空:180 | 成本: 0.00 CNY
2026-01-17 23:59:57,306 [INFO] 进度: 180/514 | 成功:0 失败:0 跳过/空:180 | 成本: 0.00 CNY
2026-01-17 23:59:57,306 [INFO] 进度: 180/514 | 成功:0 失败:0 跳过/空:180 | 成本: 0.00 CNY
2026-01-17 23:59:57,306 [INFO] 进度: 180/514 | 成功:0 失败:0 跳过/空:180 | 成本: 0.00 CNY
2026-01-17 23:59:57,306 [INFO] 进度: 180/514 | 成功:0 失败:0 跳过/空:180 | 成本: 0.00 CNY
2026-01-17 23:59:57,309 [INFO] 进度: 180/514 | 成功:0 失败:0 跳过/空:180 | 成本: 0.00 CNY
2026-01-17 23:59:57,309 [INFO] 进度: 180/514 | 成功:0 失败:0 跳过/空:180 | 成本: 0.00 CNY
2026-01-17 23:59:57,309 [INFO] 进度: 180/514 | 成功:0 失败:0 跳过/空:180 | 成本: 0.00 CNY
2026-01-17 23:59:57,309 [INFO] 进度: 180/514 | 成功:0 失败:0 跳过/空:180 | 成本: 0.00 CNY
2026-01-17 23:59:57,309 [INFO] 进度: 180/514 | 成功:0 失败:0 跳过/空:180 | 成本: 0.00 CNY
2026-01-17 23:59:57,309 [INFO] 进度: 180/514 | 成功:0 失败:0 跳过/空:180 | 成本: 0.00 CNY
2026-01-17 23:59:57,309 [INFO] 进度: 180/514 | 成功:0 失败:0 跳过/空:180 | 成本: 0.00 CNY
2026-01-17 23:59:57,309 [INFO] 进度: 180/514 | 成功:0 失败:0 跳过/空:180 | 成本: 0.00 CNY
2026-01-17 23:59:57,309 [INFO] 进度: 180/514 | 成功:0 失败:0 跳过/空:180 | 成本: 0.00 CNY
2026-01-17 23:59:57,309 [INFO] 进度: 180/514 | 成功:0 失败:0 跳过/空:180 | 成本: 0.00 CNY
2026-01-17 23:59:57,309 [INFO] 进度: 180/514 | 成功:0 失败:0 跳过/空:180 | 成本: 0.00 CNY
2026-01-17 23:59:57,309 [INFO] 进度: 180/514 | 成功:0 失败:0 跳过/空:180 | 成本: 0.00 CNY
2026-01-17 23:59:57,309 [INFO] 进度: 180/514 | 成功:0 失败:0 跳过/空:180 | 成本: 0.00 CNY
2026-01-17 23:59:57,310 [INFO] 进度: 180/514 | 成功:0 失败:0 跳过/空:180 | 成本: 0.00 CNY
2026-01-17 23:59:57,310 [INFO] 进度: 180/514 | 成功:0 失败:0 跳过/空:180 | 成本: 0.00 CNY
2026-01-17 23:59:57,310 [INFO] 进度: 180/514 | 成功:0 失败:0 跳过/空:180 | 成本: 0.00 CNY
2026-01-17 23:59:57,310 [INFO] 进度: 180/514 | 成功:0 失败:0 跳过/空:180 | 成本: 0.00 CNY
2026-01-17 23:59:57,310 [INFO] 进度: 180/514 | 成功:0 失败:0 跳过/空:180 | 成本: 0.00 CNY
2026-01-17 23:59:57,310 [INFO] 进度: 180/514 | 成功:0 失败:0 跳过/空:180 | 成本: 0.00 CNY
2026-01-17 23:59:57,310 [INFO] 进度: 180/514 | 成功:0 失败:0 跳过/空:180 | 成本: 0.00 CNY
2026-01-17 23:59:57,310 [INFO] 进度: 180/514 | 成功:0 失败:0 跳过/空:180 | 成本: 0.00 CNY
2026-01-17 23:59:57,310 [INFO] 进度: 180/514 | 成功:0 失败:0 跳过/空:180 | 成本: 0.00 CNY
2026-01-17 23:59:57,310 [INFO] 进度: 180/514 | 成功:0 失败:0 跳过/空:180 | 成本: 0.00 CNY
2026-01-17 23:59:57,311 [INFO] 进度: 180/514 | 成功:0 失败:0 跳过/空:180 | 成本: 0.00 CNY
2026-01-17 23:59:57,311 [INFO] 进度: 180/514 | 成功:0 失败:0 跳过/空:180 | 成本: 0.00 CNY
2026-01-17 23:59:57,311 [INFO] 进度: 180/514 | 成功:0 失败:0 跳过/空:180 | 成本: 0.00 CNY
2026-01-17 23:59:57,311 [INFO] 进度: 180/514 | 成功:0 失败:0 跳过/空:180 | 成本: 0.00 CNY
2026-01-17 23:59:57,311 [INFO] 进度: 180/514 | 成功:0 失败:0 跳过/空:180 | 成本: 0.00 CNY
2026-01-17 23:59:57,311 [INFO] 进度: 180/514 | 成功:0 失败:0 跳过/空:180 | 成本: 0.00 CNY
2026-01-17 23:59:57,311 [INFO] 进度: 180/514 | 成功:0 失败:0 跳过/空:180 | 成本: 0.00 CNY
2026-01-17 23:59:57,311 [INFO] 进度: 180/514 | 成功:0 失败:0 跳过/空:180 | 成本: 0.00 CNY
2026-01-17 23:59:57,311 [INFO] 进度: 180/514 | 成功:0 失败:0 跳过/空:180 | 成本: 0.00 CNY
2026-01-17 23:59:57,312 [INFO] 进度: 180/514 | 成功:0 失败:0 跳过/空:180 | 成本: 0.00 CNY
2026-01-17 23:59:57,312 [INFO] 进度: 180/514 | 成功:0 失败:0 跳过/空:180 | 成本: 0.00 CNY
2026-01-17 23:59:57,312 [INFO] 进度: 180/514 | 成功:0 失败:0 跳过/空:180 | 成本: 0.00 CNY
2026-01-17 23:59:57,312 [INFO] 进度: 180/514 | 成功:0 失败:0 跳过/空:180 | 成本: 0.00 CNY
2026-01-17 23:59:57,312 [INFO] 进度: 180/514 | 成功:0 失败:0 跳过/空:180 | 成本: 0.00 CNY
2026-01-17 23:59:57,312 [INFO] 进度: 180/514 | 成功:0 失败:0 跳过/空:180 | 成本: 0.00 CNY
2026-01-17 23:59:57,312 [INFO] 进度: 180/514 | 成功:0 失败:0 跳过/空:180 | 成本: 0.00 CNY
2026-01-17 23:59:57,312 [INFO] 进度: 180/514 | 成功:0 失败:0 跳过/空:180 | 成本: 0.00 CNY
2026-01-17 23:59:57,312 [INFO] 进度: 180/514 | 成功:0 失败:0 跳过/空:180 | 成本: 0.00 CNY
2026-01-17 23:59:57,312 [INFO] 进度: 180/514 | 成功:0 失败:0 跳过/空:180 | 成本: 0.00 CNY
2026-01-17 23:59:57,312 [INFO] 进度: 180/514 | 成功:0 失败:0 跳过/空:180 | 成本: 0.00 CNY
2026-01-17 23:59:57,313 [INFO] 进度: 180/514 | 成功:0 失败:0 跳过/空:180 | 成本: 0.00 CNY
2026-01-17 23:59:57,313 [INFO] 进度: 180/514 | 成功:0 失败:0 跳过/空:180 | 成本: 0.00 CNY
2026-01-17 23:59:57,313 [INFO] 进度: 180/514 | 成功:0 失败:0 跳过/空:180 | 成本: 0.00 CNY
2026-01-17 23:59:57,313 [INFO] 进度: 180/514 | 成功:0 失败:0 跳过/空:180 | 成本: 0.00 CNY
2026-01-17 23:59:57,313 [INFO] 进度: 180/514 | 成功:0 失败:0 跳过/空:180 | 成本: 0.00 CNY
2026-01-17 23:59:57,313 [INFO] 进度: 180/514 | 成功:0 失败:0 跳过/空:180 | 成本: 0.00 CNY
2026-01-17 23:59:57,313 [INFO] 进度: 180/514 | 成功:0 失败:0 跳过/空:180 | 成本: 0.00 CNY
2026-01-17 23:59:57,313 [INFO] 进度: 180/514 | 成功:0 失败:0 跳过/空:180 | 成本: 0.00 CNY
2026-01-17 23:59:57,313 [INFO] 进度: 180/514 | 成功:0 失败:0 跳过/空:180 | 成本: 0.00 CNY
2026-01-17 23:59:57,313 [INFO] 进度: 180/514 | 成功:0 失败:0 跳过/空:180 | 成本: 0.00 CNY
2026-01-17 23:59:57,314 [INFO] 进度: 180/514 | 成功:0 失败:0 跳过/空:180 | 成本: 0.00 CNY
2026-01-17 23:59:57,314 [INFO] 进度: 180/514 | 成功:0 失败:0 跳过/空:180 | 成本: 0.00 CNY
2026-01-17 23:59:57,314 [INFO] 进度: 180/514 | 成功:0 失败:0 跳过/空:180 | 成本: 0.00 CNY
2026-01-17 23:59:57,314 [INFO] 进度: 180/514 | 成功:0 失败:0 跳过/空:180 | 成本: 0.00 CNY
2026-01-17 23:59:57,314 [INFO] 进度: 180/514 | 成功:0 失败:0 跳过/空:180 | 成本: 0.00 CNY
2026-01-17 23:59:57,314 [INFO] 进度: 180/514 | 成功:0 失败:0 跳过/空:180 | 成本: 0.00 CNY
2026-01-17 23:59:57,315 [INFO] 进度: 180/514 | 成功:0 失败:0 跳过/空:180 | 成本: 0.00 CNY
2026-01-17 23:59:57,315 [INFO] 进度: 180/514 | 成功:0 失败:0 跳过/空:180 | 成本: 0.00 CNY
2026-01-17 23:59:57,315 [INFO] 进度: 180/514 | 成功:0 失败:0 跳过/空:180 | 成本: 0.00 CNY
2026-01-17 23:59:57,315 [INFO] 进度: 180/514 | 成功:0 失败:0 跳过/空:180 | 成本: 0.00 CNY
2026-01-17 23:59:57,315 [INFO] 进度: 180/514 | 成功:0 失败:0 跳过/空:180 | 成本: 0.00 CNY
2026-01-17 23:59:57,315 [INFO] 进度: 180/514 | 成功:0 失败:0 跳过/空:180 | 成本: 0.00 CNY
2026-01-17 23:59:57,315 [INFO] 进度: 180/514 | 成功:0 失败:0 跳过/空:180 | 成本: 0.00 CNY
2026-01-17 23:59:57,315 [INFO] 进度: 180/514 | 成功:0 失败:0 跳过/空:180 | 成本: 0.00 CNY
2026-01-17 23:59:57,315 [INFO] 进度: 180/514 | 成功:0 失败:0 跳过/空:180 | 成本: 0.00 CNY
2026-01-17 23:59:57,316 [INFO] 进度: 180/514 | 成功:0 失败:0 跳过/空:180 | 成本: 0.00 CNY
2026-01-17 23:59:57,316 [INFO] 进度: 180/514 | 成功:0 失败:0 跳过/空:180 | 成本: 0.00 CNY
2026-01-17 23:59:57,316 [INFO] 进度: 180/514 | 成功:0 失败:0 跳过/空:180 | 成本: 0.00 CNY
2026-01-17 23:59:57,316 [INFO] 进度: 180/514 | 成功:0 失败:0 跳过/空:180 | 成本: 0.00 CNY
2026-01-17 23:59:57,316 [INFO] 进度: 180/514 | 成功:0 失败:0 跳过/空:180 | 成本: 0.00 CNY
2026-01-17 23:59:57,316 [INFO] 进度: 180/514 | 成功:0 失败:0 跳过/空:180 | 成本: 0.00 CNY
2026-01-17 23:59:57,316 [INFO] 进度: 180/514 | 成功:0 失败:0 跳过/空:180 | 成本: 0.00 CNY
2026-01-17 23:59:57,316 [INFO] 进度: 180/514 | 成功:0 失败:0 跳过/空:180 | 成本: 0.00 CNY
2026-01-17 23:59:57,316 [INFO] 进度: 180/514 | 成功:0 失败:0 跳过/空:180 | 成本: 0.00 CNY
2026-01-17 23:59:57,316 [INFO] 进度: 180/514 | 成功:0 失败:0 跳过/空:180 | 成本: 0.00 CNY
2026-01-17 23:59:57,317 [INFO] 进度: 180/514 | 成功:0 失败:0 跳过/空:180 | 成本: 0.00 CNY
2026-01-17 23:59:57,317 [INFO] 进度: 180/514 | 成功:0 失败:0 跳过/空:180 | 成本: 0.00 CNY
2026-01-17 23:59:57,317 [INFO] 进度: 180/514 | 成功:0 失败:0 跳过/空:180 | 成本: 0.00 CNY
2026-01-17 23:59:57,317 [INFO] 进度: 180/514 | 成功:0 失败:0 跳过/空:180 | 成本: 0.00 CNY
2026-01-17 23:59:57,317 [INFO] 进度: 180/514 | 成功:0 失败:0 跳过/空:180 | 成本: 0.00 CNY
2026-01-17 23:59:57,317 [INFO] 进度: 180/514 | 成功:0 失败:0 跳过/空:180 | 成本: 0.00 CNY
2026-01-17 23:59:57,317 [INFO] 进度: 180/514 | 成功:0 失败:0 跳过/空:180 | 成本: 0.00 CNY
2026-01-17 23:59:57,317 [INFO] 进度: 180/514 | 成功:0 失败:0 跳过/空:180 | 成本: 0.00 CNY
2026-01-17 23:59:57,317 [INFO] 进度: 180/514 | 成功:0 失败:0 跳过/空:180 | 成本: 0.00 CNY
2026-01-17 23:59:57,317 [INFO] 进度: 180/514 | 成功:0 失败:0 跳过/空:180 | 成本: 0.00 CNY
2026-01-17 23:59:57,318 [INFO] 进度: 180/514 | 成功:0 失败:0 跳过/空:180 | 成本: 0.00 CNY
2026-01-17 23:59:57,318 [INFO] 进度: 180/514 | 成功:0 失败:0 跳过/空:180 | 成本: 0.00 CNY
2026-01-17 23:59:57,318 [INFO] 进度: 180/514 | 成功:0 失败:0 跳过/空:180 | 成本: 0.00 CNY
2026-01-17 23:59:57,318 [INFO] 进度: 180/514 | 成功:0 失败:0 跳过/空:180 | 成本: 0.00 CNY
2026-01-17 23:59:57,318 [INFO] 进度: 180/514 | 成功:0 失败:0 跳过/空:180 | 成本: 0.00 CNY
2026-01-17 23:59:57,318 [INFO] 进度: 180/514 | 成功:0 失败:0 跳过/空:180 | 成本: 0.00 CNY
2026-01-17 23:59:57,318 [INFO] 进度: 180/514 | 成功:0 失败:0 跳过/空:180 | 成本: 0.00 CNY
2026-01-17 23:59:57,318 [INFO] 进度: 180/514 | 成功:0 失败:0 跳过/空:180 | 成本: 0.00 CNY
2026-01-17 23:59:59,351 [INFO] 章节 304_第六卷 蔚蓝天空下 第三百零二节 - 过界.txt 处理完毕: 角色无互动 (空)
2026-01-17 23:59:59,709 [INFO] 章节 305_第六卷 蔚蓝天空下 第三百零三节 - 放任.txt 处理完毕: 角色无互动 (空)
2026-01-17 23:59:59,789 [INFO] 章节 066_第三卷 同居时代 第六十五节 - 回家路上.txt 处理完毕: 角色无互动 (空)
2026-01-18 00:00:13,270 [INFO] 章节 106_第三卷 同居时代 第一百零五节 - 我搞定.txt 处理完毕: 提取成功
2026-01-18 00:00:17,474 [INFO] 章节 186_第五卷 有爱的世界 第一百八十五节 （本节没有名字）.txt 处理完毕: 提取成功
2026-01-18 00:00:19,483 [INFO] 章节 387_第七卷 八月火 第三百八十四节 - 考试.txt 处理完毕: 角色无互动 (空)
2026-01-18 00:00:20,903 [INFO] 章节 105_第三卷 同居时代 第一百零四节 - 你敢碰球，我就得分.txt 处理完毕: 提取成功
2026-01-18 00:00:21,296 [INFO] 章节 068_第三卷 同居时代 第六十七节 - 黑客.txt 处理完毕: 角色无互动 (空)
2026-01-18 00:00:23,079 [INFO] 章节 388_第七卷 八月火 第三百八十五节 - 抱着熊猫的少女.txt 处理完毕: 角色无互动 (空)
2026-01-18 00:00:23,145 [INFO] 章节 104_第三卷 同居时代 第一百零三节 - 球场.txt 处理完毕: 提取成功
2026-01-18 00:00:23,146 [INFO] 进度: 190/514 | 成功:4 失败:0 跳过/空:186 | 成本: 0.03 CNY
2026-01-18 00:00:25,212 [INFO] 章节 189_第五卷 有爱的世界 第一百八十八节 - 聚会.txt 处理完毕: 角色无互动 (空)
2026-01-18 00:00:26,775 [INFO] 章节 064_第三卷 同居时代 第六十三节 - 积累幸福.txt 处理完毕: 提取成功
2026-01-18 00:00:27,626 [INFO] 章节 185_第五卷 有爱的世界 第一百八十四节 - 历史性的一刻.txt 处理完毕: 提取成功
2026-01-18 00:00:28,075 [INFO] 章节 065_第三卷 同居时代 第六十四节 - 杀手第一课：变笨.txt 处理完毕: 提取成功
2026-01-18 00:00:28,519 [INFO] 章节 184_第五卷 有爱的世界 第一百八十三节 - 求婚.txt 处理完毕: 提取成功
2026-01-18 00:00:29,424 [INFO] 章节 386_第七卷 八月火 第三百八十三节 - 选择.txt 处理完毕: 提取成功
2026-01-18 00:00:31,169 [INFO] 章节 191_第五卷 有爱的世界 第一百九十节 - 一种相思.txt 处理完毕: 角色无互动 (空)
2026-01-18 00:00:33,030 [INFO] 章节 391_第七卷 八月火 第三百八十八节 - 暗流.txt 处理完毕: 角色无互动 (空)
2026-01-18 00:00:34,956 [INFO] 章节 067_第三卷 同居时代 第六十六节 - 走后门.txt 处理完毕: 提取成功
2026-01-18 00:00:35,095 [INFO] 章节 112_第三卷 同居时代 第一百一十一节 - 各自的平安夜.txt 处理完毕: 角色无互动 (空)
2026-01-18 00:00:35,097 [INFO] 进度: 200/514 | 成功:10 失败:0 跳过/空:190 | 成本: 0.08 CNY
2026-01-18 00:00:37,188 [INFO] 章节 312_第六卷 蔚蓝天空下 第三百一十节 - 安静.txt 处理完毕: 角色无互动 (空)
2026-01-18 00:00:37,203 [INFO] 章节 192_第五卷 有爱的世界 第一百九十一节 - 复仇者.txt 处理完毕: 角色无互动 (空)
2026-01-18 00:00:38,899 [INFO] 章节 188_第五卷 有爱的世界 第一百八十七节 - 蹩脚组合.txt 处理完毕: 提取成功
2026-01-18 00:00:39,086 [INFO] 章节 389_第七卷 八月火 第三百八十六节 - 一切无非已然过往.txt 处理完毕: 提取成功
2026-01-18 00:00:39,451 [INFO] 章节 193_第五卷 有爱的世界 第一百九十二节 - 没事就好.txt 处理完毕: 角色无互动 (空)
2026-01-18 00:00:41,000 [INFO] 章节 114_第三卷 同居时代 第一百一十三节 - 超越时代.txt 处理完毕: 角色无互动 (空)
2026-01-18 00:00:41,163 [INFO] 章节 314_第六卷 蔚蓝天空下 第三百一十二节 - 破坏.txt 处理完毕: 角色无互动 (空)
2026-01-18 00:00:41,739 [INFO] 章节 310_第六卷 蔚蓝天空下 第三百零八节 - 入夜.txt 处理完毕: 提取成功
2026-01-18 00:00:41,899 [INFO] 章节 194_第五卷 有爱的世界 第一百九十三节 - 纯净的灵魂.txt 处理完毕: 角色无互动 (空)
2026-01-18 00:00:42,451 [INFO] 章节 111_第三卷 同居时代 第一百一十节 - 家明式机械理论.txt 处理完毕: 提取成功
2026-01-18 00:00:42,453 [INFO] 进度: 210/514 | 成功:14 失败:0 跳过/空:196 | 成本: 0.11 CNY
2026-01-18 00:00:42,741 [INFO] 章节 075_第三卷 同居时代 第七十四节 - 心事.txt 处理完毕: 角色无互动 (空)
2026-01-18 00:00:42,940 [INFO] 章节 195_第五卷 有爱的世界 第一百九十四节 - 我要回去.txt 处理完毕: 角色无互动 (空)
2026-01-18 00:00:43,782 [INFO] 章节 385_第七卷 八月火 第三百八十二节 - 家人.txt 处理完毕: 提取成功
2026-01-18 00:00:43,794 [INFO] 章节 076_第三卷 同居时代 第七十五节 - 决定.txt 处理完毕: 角色无互动 (空)
2026-01-18 00:00:45,256 [INFO] 章节 397_第七卷 八月火 第三百九十四节 - 开始作战.txt 处理完毕: 角色无互动 (空)
2026-01-18 00:00:47,650 [INFO] 章节 198_第五卷 有爱的世界 第一百九十七节 - 我们聊聊.txt 处理完毕: 角色无互动 (空)
2026-01-18 00:00:51,746 [INFO] 章节 069_第三卷 同居时代 第六十八节 - 等待.txt 处理完毕: 提取成功
2026-01-18 00:00:52,787 [INFO] 章节 390_第七卷 八月火 第三百八十七节 - 玩笑.txt 处理完毕: 提取成功
2026-01-18 00:00:54,896 [INFO] 章节 074_第三卷 同居时代 第七十三节 - 杀手之心.txt 处理完毕: 提取成功
2026-01-18 00:00:55,120 [INFO] 章节 199_第五卷 有爱的世界 第一百九十八节 - 初冬.txt 处理完毕: 角色无互动 (空)
2026-01-18 00:00:55,120 [INFO] 进度: 220/514 | 成功:18 失败:0 跳过/空:202 | 成本: 0.15 CNY
2026-01-18 00:00:56,486 [INFO] 章节 078_第三卷 同居时代 第七十七节 - 预言.txt 处理完毕: 提取成功
2026-01-18 00:00:56,773 [INFO] 章节 399_第七卷 八月火 第三百九十六节 - 未明.txt 处理完毕: 角色无互动 (空)
2026-01-18 00:00:58,146 [INFO] 章节 200_第五卷 有爱的世界 第一百九十九节 - 火花.txt 处理完毕: 角色无互动 (空)
2026-01-18 00:01:00,276 [INFO] 章节 079_第三卷 同居时代 第七十八节 - 英雄无家.txt 处理完毕: 提取成功
2026-01-18 00:01:01,622 [INFO] 章节 118_第三卷 同居时代 第一百一十七节 - 薰的不良爱好.txt 处理完毕: 提取成功
2026-01-18 00:01:02,248 [INFO] 章节 121_第四卷 当时青春年少 第一百二十节 - 喝醉的女人最可怕.txt 处理完毕: 角色无互动 (空)
2026-01-18 00:01:04,055 [INFO] 章节 321_第六卷 蔚蓝天空下 第三百一十九节 - 忽悠.txt 处理完毕: 角色无互动 (空)
2026-01-18 00:01:04,500 [INFO] 章节 116_第三卷 同居时代 第一百一十五节 - 我有话跟你说.txt 处理完毕: 提取成功
2026-01-18 00:01:05,570 [INFO] 章节 110_第三卷 同居时代 第一百零九节 - 九七年，飘雪.txt 处理完毕: 提取成功
2026-01-18 00:01:06,302 [INFO] 章节 202_第五卷 有爱的世界 第二百零一节 - 我上面有人，你惹不起.txt 处理完毕: 角色无互动 (空)
2026-01-18 00:01:06,302 [INFO] 进度: 230/514 | 成功:23 失败:0 跳过/空:207 | 成本: 0.18 CNY
2026-01-18 00:01:07,626 [INFO] 章节 402_第七卷 八月火 第三百九十九节 - 我花开后.txt 处理完毕: 角色无互动 (空)
2026-01-18 00:01:08,312 [INFO] 章节 203_第五卷 有爱的世界 第二百零二节 - 日落之前的错乱.txt 处理完毕: 角色无互动 (空)
2026-01-18 00:01:10,057 [INFO] 章节 077_第三卷 同居时代 第七十六节 - 上船.txt 处理完毕: 提取成功
2026-01-18 00:01:12,717 [INFO] 章节 204_第五卷 有爱的世界 第二百零三节 - 逃亡时间.txt 处理完毕: 角色无互动 (空)
2026-01-18 00:01:13,618 [INFO] 章节 120_第四卷 当时青春年少 第一百一十九节 - 尾行.txt 处理完毕: 提取成功
2026-01-18 00:01:15,404 [INFO] 章节 404_第七卷 八月火 第四百零一节 - 欢迎回家.txt 处理完毕: 角色无互动 (空)
2026-01-18 00:01:19,441 [INFO] 章节 201_第五卷 有爱的世界 第二百节 - 启幕.txt 处理完毕: 提取成功
2026-01-18 00:01:20,209 [INFO] 章节 197_第五卷 有爱的世界 第一百九十六节 - 迷蒙的旋律.txt 处理完毕: 提取成功
2026-01-18 00:01:20,319 [INFO] 章节 324_第六卷 蔚蓝天空下 第三百二十二节 - 林间.txt 处理完毕: 提取成功
2026-01-18 00:01:21,934 [INFO] 章节 205_第五卷 有爱的世界 第二百零四节 - 冷血.txt 处理完毕: 角色无互动 (空)
2026-01-18 00:01:21,934 [INFO] 进度: 240/514 | 成功:28 失败:0 跳过/空:212 | 成本: 0.22 CNY
2026-01-18 00:01:22,238 [INFO] 章节 084_第三卷 同居时代 第八十三节 - 舞会（一）.txt 处理完毕: 提取成功
2026-01-18 00:01:22,443 [INFO] 章节 405_第七卷 八月火 第四百零二节 - 不回家.txt 处理完毕: 角色无互动 (空)
2026-01-18 00:01:26,121 [INFO] 章节 320_第六卷 蔚蓝天空下 第三百一十八节 - 安谧.txt 处理完毕: 提取成功
2026-01-18 00:01:27,842 [INFO] 章节 406_第七卷 八月火 第四百零三节 - 全家福.txt 处理完毕: 角色无互动 (空)
2026-01-18 00:01:28,427 [INFO] 章节 325_第六卷 蔚蓝天空下 第三百二十三节 - 误伤.txt 处理完毕: 提取成功
2026-01-18 00:01:30,133 [INFO] 章节 323_第六卷 蔚蓝天空下 第三百二十一节 - 故人.txt 处理完毕: 提取成功
2026-01-18 00:01:34,065 [INFO] 章节 081_第三卷 同居时代 第八十节 - 半夜敲门声.txt 处理完毕: 提取成功
2026-01-18 00:01:35,331 [INFO] 章节 086_第三卷 同居时代 第八十五节 - 舞会（三）.txt 处理完毕: 提取成功
2026-01-18 00:01:36,332 [INFO] 章节 119_第三卷 同居时代 第一百一十八节 - 随便你了.txt 处理完毕: 提取成功
2026-01-18 00:01:37,489 [INFO] 章节 407_第七卷 八月火 第四百零四节 - 风雨无阻.txt 处理完毕: 角色无互动 (空)
2026-01-18 00:01:37,492 [INFO] 进度: 250/514 | 成功:35 失败:0 跳过/空:215 | 成本: 0.26 CNY
2026-01-18 00:01:37,797 [INFO] 章节 326_第六卷 蔚蓝天空下 第三百二十四节 - 争吵.txt 处理完毕: 提取成功
2026-01-18 00:01:41,323 [INFO] 章节 206_第五卷 有爱的世界 第二百零五节 - 赞美爱.txt 处理完毕: 提取成功
2026-01-18 00:01:41,334 [INFO] 章节 327_第六卷 蔚蓝天空下 第三百二十五节 - 郁闷的季节.txt 处理完毕: 提取成功
2026-01-18 00:01:43,005 [INFO] 章节 129_第四卷 当时青春年少 第一百二十八节 - 小麻烦.txt 处理完毕: 角色无互动 (空)
2026-01-18 00:01:43,227 [INFO] 章节 082_第三卷 同居时代 第八十一节 - 忧虑.txt 处理完毕: 提取成功
2026-01-18 00:01:44,755 [INFO] 章节 409_第七卷 八月火 第四百零六节 - 城市烟火.txt 处理完毕: 角色无互动 (空)
2026-01-18 00:01:45,048 [INFO] 章节 328_第六卷 蔚蓝天空下 第三百二十六节 - 搭讪地狱.txt 处理完毕: 提取成功
2026-01-18 00:01:46,798 [INFO] 章节 130_第四卷 当时青春年少 第一百二十九节 - 东方婉的观感.txt 处理完毕: 角色无互动 (空)
2026-01-18 00:01:49,020 [INFO] 章节 085_第三卷 同居时代 第八十四节 - 舞会（二）.txt 处理完毕: 提取成功
2026-01-18 00:01:49,139 [INFO] 章节 207_第五卷 有爱的世界 第二百零六节 - 狂奔.txt 处理完毕: 提取成功
2026-01-18 00:01:49,142 [INFO] 进度: 260/514 | 成功:42 失败:0 跳过/空:218 | 成本: 0.30 CNY
2026-01-18 00:01:50,820 [INFO] 章节 410_第七卷 八月火 第四百零七节 - 小强快跑.txt 处理完毕: 角色无互动 (空)
2026-01-18 00:01:51,242 [INFO] 章节 091_第三卷 同居时代 第九十节 - 海上危城（三）.txt 处理完毕: 角色无互动 (空)
2026-01-18 00:01:53,069 [INFO] 章节 330_第六卷 蔚蓝天空下 第三百二十八节 - 冷妍.txt 处理完毕: 提取成功
2026-01-18 00:01:53,123 [INFO] 章节 131_第四卷 当时青春年少 第一百三十节 - 一朵郁金香.txt 处理完毕: 角色无互动 (空)
2026-01-18 00:01:53,171 [INFO] 章节 211_第五卷 有爱的世界 第二百一十节 - 血色嘉年华（三）.txt 处理完毕: 角色无互动 (空)
2026-01-18 00:01:55,105 [INFO] 章节 128_第四卷 当时青春年少 第一百二十七节 - 刺激疗法.txt 处理完毕: 提取成功
2026-01-18 00:01:55,324 [INFO] 章节 092_第三卷 同居时代 第九十一节 - 剖白.txt 处理完毕: 角色无互动 (空)
2026-01-18 00:01:55,916 [INFO] 章节 331_第六卷 蔚蓝天空下 第三百二十九节 - 歉意.txt 处理完毕: 角色无互动 (空)
2026-01-18 00:02:00,108 [INFO] 章节 089_第三卷 同居时代 第八十八节 - 海上危城（一）.txt 处理完毕: 提取成功
2026-01-18 00:02:01,346 [INFO] 章节 132_第四卷 当时青春年少 第一百三十一节 - 推想、斗志、宣传单.txt 处理完毕: 提取成功
2026-01-18 00:02:01,349 [INFO] 进度: 270/514 | 成功:46 失败:0 跳过/空:224 | 成本: 0.34 CNY
2026-01-18 00:02:02,104 [INFO] 章节 087_第三卷 同居时代 第八十六节 - 盛开.txt 处理完毕: 提取成功
2026-01-18 00:02:02,168 [INFO] 章节 093_第三卷 同居时代 第九十二节 - 展露.txt 处理完毕: 角色无互动 (空)
2026-01-18 00:02:03,789 [INFO] 章节 088_第三卷 同居时代 第八十七节 - 预感.txt 处理完毕: 提取成功
2026-01-18 00:02:03,903 [INFO] 章节 090_第三卷 同居时代 第八十九节 - 海上危城（二）.txt 处理完毕: 提取成功
2026-01-18 00:02:05,480 [INFO] 章节 413_第七卷  小结  在那年夏天逝去的青春.txt 处理完毕: 角色无互动 (空)
2026-01-18 00:02:06,189 [INFO] 章节 134_第四卷 当时青春年少 第一百三十三节 - 蝴蝶.txt 处理完毕: 角色无互动 (空)
2026-01-18 00:02:07,494 [INFO] 章节 329_第六卷 蔚蓝天空下 第三百二十七节 - 喧闹的夜.txt 处理完毕: 提取成功
2026-01-18 00:02:08,044 [INFO] 章节 334_第六卷 蔚蓝天空下 第三百三十二节 - 买凶杀人.txt 处理完毕: 角色无互动 (空)
2026-01-18 00:02:09,153 [INFO] 章节 095_第三卷 同居时代 第九十四节 - 漂流.txt 处理完毕: 角色无互动 (空)
2026-01-18 00:02:10,248 [INFO] 章节 135_第四卷 当时青春年少 第一百三十四节 - 交涉.txt 处理完毕: 角色无互动 (空)
2026-01-18 00:02:10,250 [INFO] 进度: 280/514 | 成功:50 失败:0 跳过/空:230 | 成本: 0.37 CNY
2026-01-18 00:02:12,729 [INFO] 章节 212_第五卷 有爱的世界 第二百一十一节 - 血色嘉年华（四）.txt 处理完毕: 提取成功
2026-01-18 00:02:12,737 [INFO] 章节 335_第六卷 蔚蓝天空下 第三百三十三节 - 老古.txt 处理完毕: 角色无互动 (空)
2026-01-18 00:02:14,522 [INFO] 章节 096_第三卷 同居时代 第九十五节 - 孤岛.txt 处理完毕: 角色无互动 (空)
2026-01-18 00:02:15,060 [INFO] 章节 127_第四卷 当时青春年少 第一百二十六节 - 替代品.txt 处理完毕: 提取成功
2026-01-18 00:02:15,695 [INFO] 章节 333_第六卷 蔚蓝天空下 第三百三十一节 - 蝉.txt 处理完毕: 提取成功
2026-01-18 00:02:16,605 [INFO] 章节 332_第六卷 蔚蓝天空下 第三百三十节 - 变态嫌疑.txt 处理完毕: 提取成功
2026-01-18 00:02:18,793 [INFO] 章节 417_第八卷 往日之扉 第四百一十三节 - 河边的小楼.txt 处理完毕: 角色无互动 (空)
2026-01-18 00:02:21,735 [INFO] 章节 214_第五卷 有爱的世界 第二百一十三节 - 血色嘉年华（六）.txt 处理完毕: 提取成功
2026-01-18 00:02:23,685 [INFO] 章节 412_第七卷 八月火 第四百零九节 - 我如朝露降人间.txt 处理完毕: 提取成功
2026-01-18 00:02:24,117 [INFO] 章节 213_第五卷 有爱的世界 第二百一十二节 - 血色嘉年华（五）.txt 处理完毕: 提取成功
2026-01-18 00:02:24,119 [INFO] 进度: 290/514 | 成功:57 失败:0 跳过/空:233 | 成本: 0.41 CNY
2026-01-18 00:02:24,123 [INFO] 章节 133_第四卷 当时青春年少 第一百三十二节 - 简单的清晨.txt 处理完毕: 提取成功
2026-01-18 00:02:24,454 [INFO] 章节 218_第五卷 有爱的世界 第二百一十七节 - 血色嘉年华（十）.txt 处理完毕: 角色无互动 (空)
2026-01-18 00:02:25,887 [INFO] 章节 339_第六卷 蔚蓝天空下 第三百三十七节 - 刀.txt 处理完毕: 角色无互动 (空)
2026-01-18 00:02:26,092 [INFO] 章节 100_第三卷 同居时代 第九十九节 - 风暴（下）.txt 处理完毕: 角色无互动 (空)
2026-01-18 00:02:27,506 [INFO] 章节 215_第五卷 有爱的世界 第二百一十四节 - 血色嘉年华（七）.txt 处理完毕: 提取成功
2026-01-18 00:02:27,750 [INFO] 章节 140_第四卷 当时青春年少 第一百三十九节 - 方雨思.txt 处理完毕: 角色无互动 (空)
2026-01-18 00:02:29,176 [INFO] 章节 340_第六卷 蔚蓝天空下 第三百三十八节 - 设计.txt 处理完毕: 角色无互动 (空)
2026-01-18 00:02:32,979 [INFO] 章节 216_第五卷 有爱的世界 第二百一十五节 - 血色嘉年华（八）.txt 处理完毕: 提取成功
2026-01-18 00:02:33,462 [INFO] 章节 220_第五卷 有爱的世界 第二百一十九节 - 保密.txt 处理完毕: 提取成功
2026-01-18 00:02:35,620 [INFO] 章节 421_第八卷 往日之扉 第四百一十七节 - 除夕（上）.txt 处理完毕: 角色无互动 (空)
2026-01-18 00:02:35,620 [INFO] 进度: 300/514 | 成功:61 失败:0 跳过/空:239 | 成本: 0.45 CNY
2026-01-18 00:02:35,831 [INFO] 章节 138_第四卷 当时青春年少 第一百三十七节 - 黑暗的半身.txt 处理完毕: 提取成功
2026-01-18 00:02:36,556 [INFO] 章节 137_第四卷 当时青春年少 第一百三十六节 - 诚恳笑容.txt 处理完毕: 提取成功
2026-01-18 00:02:37,451 [INFO] 章节 102_第三卷 同居时代 第一百零一节 - 问罪.txt 处理完毕: 角色无互动 (空)
2026-01-18 00:02:39,000 [INFO] 章节 103_第三卷 同居时代 第一百零二节 - 热血青年.txt 处理完毕: 角色无互动 (空)
2026-01-18 00:02:40,885 [INFO] 章节 343_第六卷 蔚蓝天空下 第三百四十一节 - 杀场.txt 处理完毕: 角色无互动 (空)
2026-01-18 00:02:42,220 [INFO] 章节 101_第三卷 同居时代 第一百节 - 归航.txt 处理完毕: 提取成功
2026-01-18 00:02:44,143 [INFO] 章节 420_第八卷 往日之扉 第四百一十六节 - 变乱之始.txt 处理完毕: 提取成功
2026-01-18 00:02:45,183 [INFO] 章节 221_第五卷 有爱的世界 第二百二十节 - 冬.txt 处理完毕: 提取成功
2026-01-18 00:02:45,674 [INFO] 章节 336_第六卷 蔚蓝天空下 第三百三十四节 - 什么都不怕.txt 处理完毕: 提取成功
2026-01-18 00:02:45,942 [INFO] 章节 338_第六卷 蔚蓝天空下 第三百三十六节 - 得意一小会.txt 处理完毕: 提取成功
2026-01-18 00:02:45,945 [INFO] 进度: 310/514 | 成功:68 失败:0 跳过/空:242 | 成本: 0.49 CNY
2026-01-18 00:02:46,144 [INFO] 章节 264_第五卷 有爱的世界 第二百六十三节 - 绝技.txt 处理完毕: 角色无互动 (空)
2026-01-18 00:02:47,202 [INFO] 章节 344_第六卷 蔚蓝天空下 第三百四十二节 - 分裂.txt 处理完毕: 角色无互动 (空)
2026-01-18 00:02:48,032 [INFO] 章节 025_第二卷 初中生活 第二十五节 - 裴罗嘉的特级杀手.txt 处理完毕: 角色无互动 (空)
2026-01-18 00:02:48,343 [INFO] 章节 423_第八卷 往日之扉 第四百一十九节 - 汇聚.txt 处理完毕: 提取成功
2026-01-18 00:02:48,971 [INFO] 章节 265_第五卷 有爱的世界 第二百六十四节 - 挥拳.txt 处理完毕: 角色无互动 (空)
2026-01-18 00:02:49,395 [INFO] 章节 425_第八卷 往日之扉 第四百二十一节 - 茕茕白兔.txt 处理完毕: 角色无互动 (空)
2026-01-18 00:02:50,352 [INFO] 章节 136_第四卷 当时青春年少 第一百三十五节 - 在乎的东西.txt 处理完毕: 提取成功
2026-01-18 00:02:50,398 [INFO] 章节 505_后篇 第五章 婉.txt 处理完毕: 角色无互动 (空)
2026-01-18 00:02:50,659 [INFO] 章节 346_第六卷 蔚蓝天空下 第三百四十四节 - 扣扳机.txt 处理完毕: 角色无互动 (空)
2026-01-18 00:02:51,470 [INFO] 章节 426_第八卷 往日之扉 第四百二十二节 - 回忆如刀.txt 处理完毕: 角色无互动 (空)
2026-01-18 00:02:51,473 [INFO] 进度: 320/514 | 成功:70 失败:0 跳过/空:250 | 成本: 0.53 CNY
2026-01-18 00:02:51,887 [INFO] 章节 219_第五卷 有爱的世界 第二百一十八节 - 睡吧.txt 处理完毕: 提取成功
2026-01-18 00:02:52,568 [INFO] 章节 506_后篇 第六章 追求者.txt 处理完毕: 角色无互动 (空)
2026-01-18 00:02:53,123 [INFO] 章节 143_第四卷 当时青春年少 第一百四十二节 - 再会.txt 处理完毕: 提取成功
2026-01-18 00:02:53,756 [INFO] 章节 427_第八卷 往日之扉 第四百二十三节 - 我好想看到他.txt 处理完毕: 角色无互动 (空)
2026-01-18 00:02:54,832 [INFO] 章节 028_第二卷 初中生活 第二十八节 - 再见！熟女和萝莉.txt 处理完毕: 角色无互动 (空)
2026-01-18 00:02:54,926 [INFO] 章节 507_后篇 第七章 幽会.txt 处理完毕: 角色无互动 (空)
2026-01-18 00:02:56,691 [INFO] 章节 268_第五卷  小结.txt 处理完毕: 角色无互动 (空)
2026-01-18 00:02:57,296 [INFO] 章节 142_第四卷 当时青春年少 第一百四十一节 - 东方婉的推理.txt 处理完毕: 提取成功
2026-01-18 00:02:58,638 [INFO] 章节 428_第八卷 往日之扉 第四百二十四节 - 生死契阔.txt 处理完毕: 角色无互动 (空)
2026-01-18 00:03:01,287 [INFO] 章节 148_第四卷 当时青春年少 第一百四十七节 - 寄生.txt 处理完毕: 提取成功
2026-01-18 00:03:01,290 [INFO] 进度: 330/514 | 成功:74 失败:0 跳过/空:256 | 成本: 0.57 CNY
2026-01-18 00:03:04,414 [INFO] 章节 347_第六卷 蔚蓝天空下 第三百四十五节 - 疯狂.txt 处理完毕: 提取成功
2026-01-18 00:03:06,659 [INFO] 章节 349_第六卷 蔚蓝天空下 第三百四十七节 - 猜测.txt 处理完毕: 角色无互动 (空)
2026-01-18 00:03:08,213 [INFO] 章节 429_第八卷 往日之扉 第四百二十五节 - 夜谈.txt 处理完毕: 角色无互动 (空)
2026-01-18 00:03:10,844 [INFO] 章节 504_后篇 第四章 小诊所.txt 处理完毕: 提取成功
2026-01-18 00:03:14,449 [INFO] 章节 029_第二卷 初中生活 第二十九节 - 做戏.txt 处理完毕: 提取成功
2026-01-18 00:03:14,488 [INFO] 章节 144_第四卷 当时青春年少 第一百四十三节 - 真相.txt 处理完毕: 提取成功
2026-01-18 00:03:16,142 [INFO] 章节 230_第五卷 有爱的世界 第二百二十九节 - 家明的远征.txt 处理完毕: 角色无互动 (空)
2026-01-18 00:03:16,180 [INFO] 章节 150_第四卷 当时青春年少 第一百四十九节 - 无题.txt 处理完毕: 角色无互动 (空)
2026-01-18 00:03:16,454 [INFO] 章节 466_第八卷 往日之扉 第四百六十二节 - 顾家明必须死.txt 处理完毕: 提取成功
2026-01-18 00:03:16,932 [INFO] 章节 348_第六卷 蔚蓝天空下 第三百四十六节 - 没事了.txt 处理完毕: 提取成功
2026-01-18 00:03:16,932 [INFO] 进度: 340/514 | 成功:80 失败:0 跳过/空:260 | 成本: 0.61 CNY
2026-01-18 00:03:17,560 [INFO] 章节 509_后篇 第九章 艾卜哈.txt 处理完毕: 提取成功
2026-01-18 00:03:18,499 [INFO] 章节 270_第六卷 蔚蓝天空下 第二百六十八节 - 这是我的车.txt 处理完毕: 角色无互动 (空)
2026-01-18 00:03:18,585 [INFO] 章节 430_第八卷 往日之扉 第四百二十六节 - 来袭.txt 处理完毕: 角色无互动 (空)
2026-01-18 00:03:21,524 [INFO] 章节 508_后篇 第八章 旧时相识.txt 处理完毕: 提取成功
2026-01-18 00:03:28,387 [INFO] 章节 465_第八卷 往日之扉 第四百六十一节 - 三天.txt 处理完毕: 提取成功
2026-01-18 00:03:30,412 [INFO] 章节 510_后篇 第十章 突如其来的绑架.txt 处理完毕: 提取成功
2026-01-18 00:03:32,408 [INFO] 章节 468_第八卷 往日之扉 第四百六十四节 - 家门.txt 处理完毕: 提取成功
2026-01-18 00:03:37,990 [INFO] 章节 467_第八卷 往日之扉 第四百六十三节 - 面对.txt 处理完毕: 提取成功
2026-01-18 00:03:39,788 [INFO] 章节 350_第六卷 蔚蓝天空下 第三百四十八节 - 六月.txt 处理完毕: 提取成功
2026-01-18 00:03:41,435 [INFO] 章节 271_第六卷 蔚蓝天空下 第二百六十九节 - 琐碎.txt 处理完毕: 提取成功
2026-01-18 00:03:41,437 [INFO] 进度: 350/514 | 成功:88 失败:0 跳过/空:262 | 成本: 0.66 CNY
2026-01-18 00:03:47,902 [INFO] 章节 031_第二卷 初中生活 第三十一节 - 绑票.txt 处理完毕: 提取成功
2026-01-18 00:03:51,616 [INFO] 章节 030_第二卷 初中生活 第三十节 - 电子游戏.txt 处理完毕: 提取成功
2026-01-18 00:03:52,986 [INFO] 章节 470_第八卷 往日之扉 第四百六十六节 - 父母.txt 处理完毕: 提取成功
2026-01-18 00:03:53,031 [INFO] 章节 351_第六卷 蔚蓝天空下 第三百四十九节 - 死因.txt 处理完毕: 提取成功
2026-01-18 00:03:54,686 [INFO] 章节 153_第四卷 当时青春年少 第一百五十二节 - 生气.txt 处理完毕: 角色无互动 (空)
2026-01-18 00:03:55,428 [INFO] 章节 273_第六卷 蔚蓝天空下 第二百七十一节 - 剥落.txt 处理完毕: 角色无互动 (空)
2026-01-18 00:03:55,926 [INFO] 章节 471_第八卷 往日之扉 第四百六十七节 - 同学会（上）.txt 处理完毕: 提取成功
2026-01-18 00:03:57,035 [INFO] 章节 433_第八卷 往日之扉 第四百二十九节 - 故人.txt 处理完毕: 角色无互动 (空)
2026-01-18 00:04:03,331 [INFO] 章节 151_第四卷 当时青春年少 第一百五十节 - 化解.txt 处理完毕: 提取成功
2026-01-18 00:04:05,211 [INFO] 章节 272_第六卷 蔚蓝天空下 第二百七十节 - 倾倒的大厦.txt 处理完毕: 提取成功
2026-01-18 00:04:05,214 [INFO] 进度: 360/514 | 成功:95 失败:0 跳过/空:265 | 成本: 0.71 CNY
2026-01-18 00:04:05,494 [INFO] 章节 152_第四卷 当时青春年少 第一百五十一节 - 坦白.txt 处理完毕: 提取成功
2026-01-18 00:04:07,226 [INFO] 章节 473_第八卷 往日之扉 第四百六十九节 - 同学会（下）.txt 处理完毕: 提取成功
2026-01-18 00:04:09,128 [INFO] 章节 354_第六卷  小结.txt 处理完毕: 角色无互动 (空)
2026-01-18 00:04:11,355 [INFO] 章节 474_第八卷 往日之扉 第四百七十节 - 一个好人.txt 处理完毕: 角色无互动 (空)
2026-01-18 00:04:13,542 [INFO] 章节 035_第二卷 初中生活 第三十五节 - 獠牙（上）.txt 处理完毕: 角色无互动 (空)
2026-01-18 00:04:16,375 [INFO] 章节 472_第八卷 往日之扉 第四百六十八节 - 同学会（中）.txt 处理完毕: 提取成功
2026-01-18 00:04:17,417 [INFO] 章节 513_后篇 第十三章 对不起，搞错了.txt 处理完毕: 提取成功
2026-01-18 00:04:17,626 [INFO] 章节 032_第二卷 初中生活 第三十二节 - 这就是爱啊.txt 处理完毕: 提取成功
2026-01-18 00:04:19,391 [INFO] 章节 435_第八卷 往日之扉 第四百三十一节 - 乌河岭的过往.txt 处理完毕: 角色无互动 (空)
2026-01-18 00:04:21,109 [INFO] 章节 156_第四卷 当时青春年少 第一百五十五节 - 变强.txt 处理完毕: 角色无互动 (空)
2026-01-18 00:04:21,112 [INFO] 进度: 370/514 | 成功:100 失败:0 跳过/空:270 | 成本: 0.75 CNY
2026-01-18 00:04:23,339 [INFO] 章节 276_第六卷 蔚蓝天空下 第二百七十四节 - 生活秀.txt 处理完毕: 角色无互动 (空)
2026-01-18 00:04:23,374 [INFO] 章节 352_第六卷 蔚蓝天空下 第三百五十节 - 在你身边.txt 处理完毕: 提取成功
2026-01-18 00:04:23,518 [INFO] 章节 154_第四卷 当时青春年少 第一百五十三节 - 惩罚.txt 处理完毕: 提取成功
2026-01-18 00:04:25,509 [INFO] 章节 476_第八卷 往日之扉 第四百七十二节 - 暗示.txt 处理完毕: 角色无互动 (空)
2026-01-18 00:04:25,655 [INFO] 章节 436_第八卷 往日之扉 第四百三十二节 - 等待黎明.txt 处理完毕: 角色无互动 (空)
2026-01-18 00:04:27,713 [INFO] 章节 033_第二卷 初中生活 第三十三节 - 拷打.txt 处理完毕: 提取成功
2026-01-18 00:04:29,725 [INFO] 章节 277_第六卷 蔚蓝天空下 第二百七十五节 - 为难.txt 处理完毕: 角色无互动 (空)
2026-01-18 00:04:31,329 [INFO] 章节 357_第七卷 八月火 第三百五十四节 - 硬汉.txt 处理完毕: 角色无互动 (空)
2026-01-18 00:04:38,981 [INFO] 章节 355_第七卷 八月火 第三百五十二节 - 殇.txt 处理完毕: 提取成功
2026-01-18 00:04:40,740 [INFO] 章节 158_第四卷 当时青春年少 第一百五十七节 - 春梦.txt 处理完毕: 角色无互动 (空)
2026-01-18 00:04:40,740 [INFO] 进度: 380/514 | 成功:104 失败:0 跳过/空:276 | 成本: 0.80 CNY
2026-01-18 00:04:40,831 [INFO] 章节 353_第六卷 蔚蓝天空下 第三百五十一节 - 远去之蓝.txt 处理完毕: 提取成功
2026-01-18 00:04:41,496 [INFO] 章节 155_第四卷 当时青春年少 第一百五十四节 - 奔跑.txt 处理完毕: 提取成功
2026-01-18 00:04:43,067 [INFO] 章节 358_第七卷 八月火 第三百五十五节 - 四秒钟.txt 处理完毕: 角色无互动 (空)
2026-01-18 00:04:43,204 [INFO] 章节 438_第八卷 往日之扉 第四百三十四节 - 最好的冬季.txt 处理完毕: 角色无互动 (空)
2026-01-18 00:04:49,503 [INFO] 章节 274_第六卷 蔚蓝天空下 第二百七十二节 - 小麻烦.txt 处理完毕: 提取成功
2026-01-18 00:04:50,402 [INFO] 章节 475_第八卷 往日之扉 第四百七十一节 - 下午.txt 处理完毕: 提取成功
2026-01-18 00:04:53,228 [INFO] 章节 356_第七卷 八月火 第三百五十三节 - 爆炸.txt 处理完毕: 提取成功
2026-01-18 00:04:53,891 [INFO] 章节 037_第二卷 初中生活 第三十七节 - 獠牙（下）.txt 处理完毕: 提取成功
2026-01-18 00:04:54,985 [INFO] 章节 034_第二卷 初中生活 第三十四节 - 装疯卖傻.txt 处理完毕: 提取成功
2026-01-18 00:04:56,107 [INFO] 章节 440_第八卷 往日之扉 第四百三十六节 - 慧清.txt 处理完毕: 角色无互动 (空)
2026-01-18 00:04:56,107 [INFO] 进度: 390/514 | 成功:111 失败:0 跳过/空:279 | 成本: 0.85 CNY
2026-01-18 00:04:57,587 [INFO] 章节 480_第九卷 最后回旋 第四百七十六节 - 廉价劳工.txt 处理完毕: 角色无互动 (空)
2026-01-18 00:04:58,021 [INFO] 章节 041_第二卷 初中生活 第四十一节 - 用谋.txt 处理完毕: 角色无互动 (空)
2026-01-18 00:04:58,084 [INFO] 章节 157_第四卷 当时青春年少 第一百五十六节 - 生日快乐.txt 处理完毕: 提取成功
2026-01-18 00:04:59,684 [INFO] 章节 278_第六卷 蔚蓝天空下 第二百七十六节 - 耳光响亮.txt 处理完毕: 提取成功
2026-01-18 00:05:01,375 [INFO] 章节 481_第九卷 最后回旋 第四百七十七节 - 告别.txt 处理完毕: 角色无互动 (空)
2026-01-18 00:05:01,718 [INFO] 章节 279_第六卷 蔚蓝天空下 第二百七十七节 - 后果严重的一记耳光.txt 处理完毕: 提取成功
2026-01-18 00:05:07,692 [INFO] 章节 040_第二卷 初中生活 第四十节 - 两姐妹.txt 处理完毕: 提取成功
2026-01-18 00:05:10,333 [INFO] 章节 361_第七卷 八月火 第三百五十八节 - 打我.txt 处理完毕: 提取成功
2026-01-18 00:05:12,389 [INFO] 章节 442_第八卷 往日之扉 第四百三十八节 - 钢铁森林.txt 处理完毕: 角色无互动 (空)
2026-01-18 00:05:15,216 [INFO] 章节 359_第七卷 八月火 第三百五十六节 - 不许.txt 处理完毕: 提取成功
2026-01-18 00:05:15,218 [INFO] 进度: 400/514 | 成功:117 失败:0 跳过/空:283 | 成本: 0.89 CNY
2026-01-18 00:05:15,407 [INFO] 章节 039_第二卷 初中生活 第三十九节 - 休养（下）.txt 处理完毕: 提取成功
2026-01-18 00:05:19,098 [INFO] 章节 482_第九卷 最后回旋 第四百七十八节 - Bitch.txt 处理完毕: 提取成功
2026-01-18 00:05:19,500 [INFO] 章节 038_第二卷 初中生活 第三十八节 - 休养（上）.txt 处理完毕: 提取成功
2026-01-18 00:05:19,727 [INFO] 章节 441_第八卷 往日之扉 第四百三十七节 - 都是傻子.txt 处理完毕: 提取成功
2026-01-18 00:05:22,031 [INFO] 章节 360_第七卷 八月火 第三百五十七节 - 分歧.txt 处理完毕: 提取成功
2026-01-18 00:05:24,218 [INFO] 章节 042_第二卷 初中生活 第四十二节 - 天雨正则.txt 处理完毕: 提取成功
2026-01-18 00:05:26,385 [INFO] 章节 281_第六卷 蔚蓝天空下 第二百七十九节 - 求情.txt 处理完毕: 提取成功
2026-01-18 00:05:29,536 [INFO] 章节 043_第二卷 初中生活 第四十三节 - 追逐.txt 处理完毕: 提取成功
2026-01-18 00:05:31,088 [INFO] 章节 362_第七卷 八月火 第三百五十九节 - 遗嘱.txt 处理完毕: 提取成功
2026-01-18 00:05:36,903 [INFO] 章节 282_第六卷 蔚蓝天空下 第二百八十节 - 当我男朋友.txt 处理完毕: 提取成功
2026-01-18 00:05:36,903 [INFO] 进度: 410/514 | 成功:127 失败:0 跳过/空:283 | 成本: 0.94 CNY
2026-01-18 00:05:40,027 [INFO] 章节 363_第七卷 八月火 第三百六十节 - 烟火.txt 处理完毕: 提取成功
2026-01-18 00:05:42,533 [INFO] 章节 165_第四卷 当时青春年少 第一百六十四节 - 旋木.txt 处理完毕: 角色无互动 (空)
2026-01-18 00:05:43,426 [INFO] 章节 283_第六卷 蔚蓝天空下 第二百八十一节 - 车祸.txt 处理完毕: 提取成功
2026-01-18 00:05:45,579 [INFO] 章节 365_第七卷 八月火 第三百六十二节 - 洗白.txt 处理完毕: 角色无互动 (空)
2026-01-18 00:05:47,714 [INFO] 章节 485_第九卷 最后回旋 第四百八十一节 - 爸爸.txt 处理完毕: 角色无互动 (空)
2026-01-18 00:05:48,396 [INFO] 章节 284_第六卷 蔚蓝天空下 第二百八十二节 - 冲突.txt 处理完毕: 提取成功
2026-01-18 00:05:50,135 [INFO] 章节 006_第一卷 重生 第六节 - 张雅涵.txt 处理完毕: 角色无互动 (空)
2026-01-18 00:05:51,706 [INFO] 章节 044_第二卷 初中生活 第四十四节 - 九六 逃婚大计.txt 处理完毕: 提取成功
2026-01-18 00:05:54,641 [INFO] 章节 164_第四卷 当时青春年少 第一百六十三节 - 舞台后方.txt 处理完毕: 提取成功
2026-01-18 00:05:54,644 [INFO] 章节 003_第一卷 重生 第三节 - 柳怀沙.txt 处理完毕: 提取成功
2026-01-18 00:05:54,644 [INFO] 进度: 420/514 | 成功:133 失败:0 跳过/空:287 | 成本: 0.97 CNY
2026-01-18 00:05:54,647 [INFO] 进度: 420/514 | 成功:133 失败:0 跳过/空:287 | 成本: 0.97 CNY
2026-01-18 00:05:55,517 [INFO] 章节 004_第一卷 重生 第四节 - 踢馆.txt 处理完毕: 提取成功
2026-01-18 00:05:56,748 [INFO] 章节 163_第四卷 当时青春年少 第一百六十二节 - 表演者.txt 处理完毕: 提取成功
2026-01-18 00:05:57,686 [INFO] 章节 486_第九卷 最后回旋 第四百八十二节 - 抱我睡.txt 处理完毕: 角色无互动 (空)
2026-01-18 00:05:57,995 [INFO] 章节 285_第六卷 蔚蓝天空下 第二百八十三节 - 老虎.txt 处理完毕: 提取成功
2026-01-18 00:05:58,319 [INFO] 章节 364_第七卷 八月火 第三百六十一节 - 狙击.txt 处理完毕: 提取成功
2026-01-18 00:05:58,428 [INFO] 章节 047_第二卷 初中生活 第四十七节 - 小插曲.txt 处理完毕: 角色无互动 (空)
2026-01-18 00:06:00,519 [INFO] 章节 447_第八卷 往日之扉 第四百四十三节 - 迟到的全家福.txt 处理完毕: 角色无互动 (空)
2026-01-18 00:06:02,521 [INFO] 章节 166_第四卷 当时青春年少 第一百六十五节 - 雅涵啊雅涵.txt 处理完毕: 提取成功
2026-01-18 00:06:03,618 [INFO] 章节 286_第六卷 蔚蓝天空下 第二百八十四节 - 相亲.txt 处理完毕: 提取成功
2026-01-18 00:06:05,263 [INFO] 章节 367_第七卷 八月火 第三百六十四节 - 预定行程.txt 处理完毕: 提取成功
2026-01-18 00:06:05,263 [INFO] 进度: 430/514 | 成功:140 失败:0 跳过/空:290 | 成本: 1.01 CNY
2026-01-18 00:06:07,139 [INFO] 章节 448_第八卷 往日之扉 第四百四十四节 - 交错.txt 处理完毕: 角色无互动 (空)
2026-01-18 00:06:09,297 [INFO] 章节 168_第四卷 当时青春年少 第一百六十七节 - 东方若.txt 处理完毕: 提取成功
2026-01-18 00:06:13,068 [INFO] 章节 048_第二卷 初中生活 第四十八节 - 二选一.txt 处理完毕: 提取成功
2026-01-18 00:06:13,683 [INFO] 章节 005_第一卷 重生 第五节 - 三人行.txt 处理完毕: 提取成功
2026-01-18 00:06:14,660 [INFO] 章节 007_第一卷 重生 第七节 - 夏令营.txt 处理完毕: 提取成功
2026-01-18 00:06:14,831 [INFO] 章节 369_第七卷 八月火 第三百六十六节 - 三万英尺.txt 处理完毕: 角色无互动 (空)
2026-01-18 00:06:15,224 [INFO] 章节 287_第六卷 蔚蓝天空下 第二百八十五节 - 对峙的走廊.txt 处理完毕: 提取成功
2026-01-18 00:06:15,551 [INFO] 章节 008_第一卷 重生 第八节 - 交换.txt 处理完毕: 提取成功
2026-01-18 00:06:22,963 [INFO] 章节 366_第七卷 八月火 第三百六十三节 - 笨拙.txt 处理完毕: 提取成功
2026-01-18 00:06:24,264 [INFO] 章节 289_第六卷 蔚蓝天空下 第二百八十七节 - 打赌.txt 处理完毕: 提取成功
2026-01-18 00:06:24,264 [INFO] 进度: 440/514 | 成功:148 失败:0 跳过/空:292 | 成本: 1.06 CNY
2026-01-18 00:06:24,653 [INFO] 章节 049_第二卷 初中生活 第四十九节 - 三人同居引发的惨案…….txt 处理完毕: 提取成功
2026-01-18 00:06:27,137 [INFO] 章节 489_第九卷 最后回旋 第四百八十五节 - 大结局.txt 处理完毕: 提取成功
2026-01-18 00:06:31,915 [INFO] 章节 290_第六卷 蔚蓝天空下 第二百八十八节 - 四两拨千斤.txt 处理完毕: 提取成功
2026-01-18 00:06:31,978 [INFO] 章节 171_第四卷 当时青春年少 第一百七十节 - 冲突.txt 处理完毕: 提取成功
2026-01-18 00:06:32,705 [INFO] 章节 368_第七卷 八月火 第三百六十五节 - 启程.txt 处理完毕: 提取成功
2026-01-18 00:06:34,467 [INFO] 章节 371_第七卷 八月火 第三百六十八节 - 内部矛盾.txt 处理完毕: 角色无互动 (空)
2026-01-18 00:06:36,109 [INFO] 章节 052_第二卷  小结  关于隐杀，关于推倒.txt 处理完毕: 角色无互动 (空)
2026-01-18 00:06:36,940 [INFO] 章节 449_第八卷 往日之扉 第四百四十五节 - 破碎之画.txt 处理完毕: 提取成功
2026-01-18 00:06:36,960 [INFO] 章节 446_第八卷 往日之扉 第四百四十二节 - 星空.txt 处理完毕: 提取成功
2026-01-18 00:06:38,032 [INFO] 章节 172_第四卷 当时青春年少 第一百七十一节 - 肃杀.txt 处理完毕: 角色无互动 (空)
2026-01-18 00:06:38,032 [INFO] 进度: 450/514 | 成功:155 失败:0 跳过/空:295 | 成本: 1.10 CNY
2026-01-18 00:06:39,037 [INFO] 章节 372_第七卷 八月火 第三百六十九节 - 头可断，发型不能乱.txt 处理完毕: 角色无互动 (空)
2026-01-18 00:06:39,400 [INFO] 章节 292_第六卷 蔚蓝天空下 第二百九十节 - 阿猫阿狗.txt 处理完毕: 角色无互动 (空)
2026-01-18 00:06:41,931 [INFO] 章节 013_第二卷 初中生活 第十三节 - 最讨厌的事.txt 处理完毕: 角色无互动 (空)
2026-01-18 00:06:43,621 [INFO] 章节 011_第一卷 重生 第十一节 - 小学结束.txt 处理完毕: 提取成功
2026-01-18 00:06:44,613 [INFO] 章节 451_第八卷 往日之扉 第四百四十七节 - 哥斯拉.txt 处理完毕: 提取成功
2026-01-18 00:06:45,535 [INFO] 章节 373_第七卷 八月火 第三百七十节 - 偷袭.txt 处理完毕: 角色无互动 (空)
2026-01-18 00:06:47,807 [INFO] 章节 051_第二卷 初中生活 第五十一节 - 从今天开始.txt 处理完毕: 提取成功
2026-01-18 00:06:50,868 [INFO] 章节 452_第八卷 往日之扉 第四百四十八节 - 那就死吧.txt 处理完毕: 提取成功
2026-01-18 00:06:52,835 [INFO] 章节 174_第四卷 当时青春年少 第一百七十三节 - 死亡预兆.txt 处理完毕: 角色无互动 (空)
2026-01-18 00:06:55,050 [INFO] 章节 173_第四卷 当时青春年少 第一百七十二节 - 舞会开始.txt 处理完毕: 提取成功
2026-01-18 00:06:55,052 [INFO] 进度: 460/514 | 成功:160 失败:0 跳过/空:300 | 成本: 1.13 CNY
2026-01-18 00:06:59,610 [INFO] 章节 050_第二卷 初中生活 第五十节 - 童真初识绮罗香.txt 处理完毕: 提取成功
2026-01-18 00:06:59,987 [INFO] 章节 450_第八卷 往日之扉 第四百四十六节 - 夜色如潮.txt 处理完毕: 提取成功
2026-01-18 00:07:06,057 [INFO] 章节 291_第六卷 蔚蓝天空下 第二百八十九节 - 被盯上.txt 处理完毕: 提取成功
2026-01-18 00:07:06,141 [INFO] 章节 014_第二卷 初中生活 第十四节 - 齐心.txt 处理完毕: 提取成功
2026-01-18 00:07:06,314 [INFO] 章节 053_第三卷 同居时代 第五十二节 - 波澜.txt 处理完毕: 提取成功
2026-01-18 00:07:08,375 [INFO] 章节 176_第四卷 当时青春年少 第一百七十五节 - 祝你幸福.txt 处理完毕: 角色无互动 (空)
2026-01-18 00:07:08,920 [INFO] 章节 453_第八卷 往日之扉 第四百四十九节 - 生气.txt 处理完毕: 提取成功
2026-01-18 00:07:10,549 [INFO] 章节 256_第五卷 有爱的世界 第二百五十五节 - 得恋失恋.txt 处理完毕: 角色无互动 (空)
2026-01-18 00:07:10,732 [INFO] 章节 296_第六卷 蔚蓝天空下 第二百九十四节 - 评估.txt 处理完毕: 角色无互动 (空)
2026-01-18 00:07:11,386 [INFO] 章节 454_第八卷 往日之扉 第四百五十节 - 铁则之下.txt 处理完毕: 提取成功
2026-01-18 00:07:11,387 [INFO] 进度: 470/514 | 成功:167 失败:0 跳过/空:303 | 成本: 1.18 CNY
2026-01-18 00:07:13,165 [INFO] 章节 057_第三卷 同居时代 第五十六节 - 约战.txt 处理完毕: 角色无互动 (空)
2026-01-18 00:07:13,953 [INFO] 章节 455_第八卷 往日之扉 第四百五十一节 - 长驱赤火.txt 处理完毕: 提取成功
2026-01-18 00:07:16,441 [INFO] 章节 054_第三卷 同居时代 第五十三节 - 贵族学校.txt 处理完毕: 提取成功
2026-01-18 00:07:18,562 [INFO] 章节 377_第七卷 八月火 第三百七十四节 - 无声火.txt 处理完毕: 角色无互动 (空)
2026-01-18 00:07:22,800 [INFO] 章节 012_第二卷 初中生活 第十二节 - 裸照事件.txt 处理完毕: 提取成功
2026-01-18 00:07:24,854 [INFO] 章节 018_第二卷 初中生活 第十八节 - 同居生活.txt 处理完毕: 角色无互动 (空)
2026-01-18 00:07:26,152 [INFO] 章节 257_第五卷 有爱的世界 第二百五十六节 - 朋友关系.txt 处理完毕: 提取成功
2026-01-18 00:07:28,231 [INFO] 章节 178_第五卷 有爱的世界 第一百七十七节 - 杀人武器工坊.txt 处理完毕: 角色无互动 (空)
2026-01-18 00:07:30,313 [INFO] 章节 298_第六卷 蔚蓝天空下 第二百九十六节 - 摇摆.txt 处理完毕: 角色无互动 (空)
2026-01-18 00:07:34,598 [INFO] 章节 055_第三卷 同居时代 第五十四节 - 新居故事.txt 处理完毕: 提取成功
2026-01-18 00:07:34,601 [INFO] 进度: 480/514 | 成功:172 失败:0 跳过/空:308 | 成本: 1.22 CNY
2026-01-18 00:07:34,685 [INFO] 章节 015_第二卷 初中生活 第十五节 - 百合花（上）.txt 处理完毕: 提取成功
2026-01-18 00:07:36,913 [INFO] 章节 019_第二卷 初中生活 第十九节 - 美好人生.txt 处理完毕: 角色无互动 (空)
2026-01-18 00:07:37,890 [INFO] 章节 058_第三卷 同居时代 第五十七节 - 调解赛（上）.txt 处理完毕: 提取成功
2026-01-18 00:07:38,999 [INFO] 章节 179_第五卷 有爱的世界 第一百七十八节 - 欠条.txt 处理完毕: 角色无互动 (空)
2026-01-18 00:07:39,909 [INFO] 章节 259_第五卷 有爱的世界 第二百五十八节 - 冲动.txt 处理完毕: 角色无互动 (空)
2026-01-18 00:07:41,329 [INFO] 章节 299_第六卷 蔚蓝天空下 第二百九十七节 - 轻轻唱.txt 处理完毕: 角色无互动 (空)
2026-01-18 00:07:41,927 [INFO] 章节 056_第三卷 同居时代 第五十五节 - 评价.txt 处理完毕: 提取成功
2026-01-18 00:07:42,845 [INFO] 章节 177_第四卷 当时青春年少 第一百七十六节 - 曝光.txt 处理完毕: 提取成功
2026-01-18 00:07:43,399 [INFO] 章节 020_第二卷 初中生活 第二十节 - 海蒂.txt 处理完毕: 角色无互动 (空)
2026-01-18 00:07:45,529 [INFO] 章节 021_第二卷 初中生活 第二十一节 - 黑手党.txt 处理完毕: 角色无互动 (空)
2026-01-18 00:07:45,529 [INFO] 进度: 490/514 | 成功:176 失败:0 跳过/空:314 | 成本: 1.26 CNY
2026-01-18 00:07:46,738 [INFO] 章节 459_第八卷 往日之扉 第四百五十五节 - 守节.txt 处理完毕: 提取成功
2026-01-18 00:07:47,520 [INFO] 章节 457_第八卷 往日之扉 第四百五十三节 - 不许再有.txt 处理完毕: 提取成功
2026-01-18 00:07:48,884 [INFO] 章节 461_第八卷 往日之扉 第四百五十七节 - 雷雨的下午（上）.txt 处理完毕: 角色无互动 (空)
2026-01-18 00:07:49,459 [INFO] 章节 060_第三卷 同居时代 第五十九节 - 调解赛（下）.txt 处理完毕: 提取成功
2026-01-18 00:07:49,939 [INFO] 章节 501_后篇 第一章 傻杰与黑淘.txt 处理完毕: 角色无互动 (空)
2026-01-18 00:07:51,033 [INFO] 章节 016_第二卷 初中生活 第十六节 - 百合花（中）.txt 处理完毕: 提取成功
2026-01-18 00:07:51,179 [INFO] 章节 022_第二卷 初中生活 第二十二节 - 因由.txt 处理完毕: 角色无互动 (空)
2026-01-18 00:07:51,881 [INFO] 章节 262_第五卷 有爱的世界 第二百六十一节 - 呢喃.txt 处理完毕: 角色无互动 (空)
2026-01-18 00:07:52,503 [INFO] 章节 059_第三卷 同居时代 第五十八节 - 调解赛（中）.txt 处理完毕: 提取成功
2026-01-18 00:07:53,239 [INFO] 章节 462_第八卷 往日之扉 第四百五十八节 - 雷雨的下午（下）.txt 处理完毕: 角色无互动 (空)
2026-01-18 00:07:53,239 [INFO] 进度: 500/514 | 成功:181 失败:0 跳过/空:319 | 成本: 1.30 CNY
2026-01-18 00:07:54,431 [INFO] 章节 502_后篇 第二章 妈妈是大总裁.txt 处理完毕: 角色无互动 (空)
2026-01-18 00:07:54,937 [INFO] 章节 458_第八卷 往日之扉 第四百五十四节 - 再会.txt 处理完毕: 提取成功
2026-01-18 00:07:55,129 [INFO] 章节 017_第二卷 初中生活 第十七节 - 百合花（下）.txt 处理完毕: 提取成功
2026-01-18 00:07:55,731 [INFO] 章节 063_第三卷 同居时代 第六十二节 - 且饶人.txt 处理完毕: 角色无互动 (空)
2026-01-18 00:07:56,981 [INFO] 章节 456_第八卷 往日之扉 第四百五十二节 - 家.txt 处理完毕: 提取成功
2026-01-18 00:07:58,429 [INFO] 章节 503_后篇 第三章 爸爸是医生.txt 处理完毕: 角色无互动 (空)
2026-01-18 00:08:01,540 [INFO] 章节 180_第五卷 有爱的世界 第一百七十九节 - 恬淡.txt 处理完毕: 提取成功
2026-01-18 00:08:06,986 [INFO] 章节 061_第三卷 同居时代 第六十节 - 广告与杀意.txt 处理完毕: 提取成功
2026-01-18 00:08:07,505 [INFO] 章节 463_第八卷 往日之扉 第四百五十九节 - 契合.txt 处理完毕: 提取成功
2026-01-18 00:08:11,777 [INFO] 章节 382_第七卷 八月火 第三百七十九节 - 我们的未来.txt 处理完毕: 提取成功
2026-01-18 00:08:11,777 [INFO] 进度: 510/514 | 成功:188 失败:0 跳过/空:322 | 成本: 1.34 CNY
2026-01-18 00:08:16,968 [INFO] 章节 023_第二卷 初中生活 第二十三节 - 菜鸟出击.txt 处理完毕: 提取成功
2026-01-18 00:08:19,602 [INFO] 章节 182_第五卷 有爱的世界 第一百八十一节 - 请求.txt 处理完毕: 提取成功
2026-01-18 00:08:30,702 [INFO] 章节 383_第七卷 八月火 第三百八十节 - 心情.txt 处理完毕: 提取成功
2026-01-18 00:08:54,358 [INFO] 章节 183_第五卷 有爱的世界 第一百八十二节 - 江湖大佬.txt 处理完毕: 提取成功
2026-01-18 00:08:54,358 [INFO] 进度: 514/514 | 成功:192 失败:0 跳过/空:322 | 成本: 1.36 CNY
2026-01-18 00:08:54,358 [INFO] 开始标记序号...
2026-01-18 00:08:55,918 [INFO] 清洗完毕。输出至: novel_data/lora_dataset\cleaned_柳怀沙_full_20260117_235956
