2026-01-17 23:51:31,055 [INFO] 清洗任务启动: 514 章节
2026-01-17 23:51:31,062 [INFO] 章节 024_第二卷 初中生活 第二十四节 - 侏儒.txt 本地过滤跳过 (未发现角色关键词)
2026-01-17 23:51:31,063 [INFO] 章节 064_第三卷 同居时代 第六十三节 - 积累幸福.txt 本地过滤跳过 (未发现角色关键词)
2026-01-17 23:51:31,064 [INFO] 章节 184_第五卷 有爱的世界 第一百八十三节 - 求婚.txt 本地过滤跳过 (未发现角色关键词)
2026-01-17 23:51:31,250 [INFO] 章节 384_第七卷 八月火 第三百八十一节 - 狂躁.txt 本地过滤跳过 (未发现角色关键词)
2026-01-17 23:51:31,250 [INFO] 章节 025_第二卷 初中生活 第二十五节 - 裴罗嘉的特级杀手.txt 本地过滤跳过 (未发现角色关键词)
2026-01-17 23:51:31,253 [INFO] 章节 185_第五卷 有爱的世界 第一百八十四节 - 历史性的一刻.txt 本地过滤跳过 (未发现角色关键词)
2026-01-17 23:51:31,255 [INFO] 章节 385_第七卷 八月火 第三百八十二节 - 家人.txt 本地过滤跳过 (未发现角色关键词)
2026-01-17 23:51:31,255 [INFO] 章节 026_第二卷 初中生活 第二十六节 - 百人斩.txt 本地过滤跳过 (未发现角色关键词)
2026-01-17 23:51:31,257 [INFO] 章节 066_第三卷 同居时代 第六十五节 - 回家路上.txt 本地过滤跳过 (未发现角色关键词)
2026-01-17 23:51:31,257 [INFO] 章节 186_第五卷 有爱的世界 第一百八十五节 （本节没有名字）.txt 本地过滤跳过 (未发现角色关键词)
2026-01-17 23:51:31,258 [INFO] 章节 306_第六卷 蔚蓝天空下 第三百零四节 - 凯莉.txt 本地过滤跳过 (未发现角色关键词)
2026-01-17 23:51:31,258 [INFO] 章节 386_第七卷 八月火 第三百八十三节 - 选择.txt 本地过滤跳过 (未发现角色关键词)
2026-01-17 23:51:31,259 [INFO] 章节 027_第二卷 初中生活 第二十七节 - 我们回家.txt 本地过滤跳过 (未发现角色关键词)
2026-01-17 23:51:31,259 [INFO] 章节 067_第三卷 同居时代 第六十六节 - 走后门.txt 本地过滤跳过 (未发现角色关键词)
2026-01-17 23:51:31,260 [INFO] 章节 187_第五卷 有爱的世界 第一百八十六节 - 斩草.txt 本地过滤跳过 (未发现角色关键词)
2026-01-17 23:51:31,262 [INFO] 章节 387_第七卷 八月火 第三百八十四节 - 考试.txt 本地过滤跳过 (未发现角色关键词)
2026-01-17 23:51:31,263 [INFO] 章节 028_第二卷 初中生活 第二十八节 - 再见！熟女和萝莉.txt 本地过滤跳过 (未发现角色关键词)
2026-01-17 23:51:31,264 [INFO] 章节 068_第三卷 同居时代 第六十七节 - 黑客.txt 本地过滤跳过 (未发现角色关键词)
2026-01-17 23:51:31,265 [INFO] 章节 188_第五卷 有爱的世界 第一百八十七节 - 蹩脚组合.txt 本地过滤跳过 (未发现角色关键词)
2026-01-17 23:51:31,266 [INFO] 章节 308_第六卷 蔚蓝天空下 第三百零六节 - 直觉.txt 本地过滤跳过 (未发现角色关键词)
2026-01-17 23:51:31,269 [INFO] 章节 029_第二卷 初中生活 第二十九节 - 做戏.txt 本地过滤跳过 (未发现角色关键词)
2026-01-17 23:51:31,271 [INFO] 章节 189_第五卷 有爱的世界 第一百八十八节 - 聚会.txt 本地过滤跳过 (未发现角色关键词)
2026-01-17 23:51:31,274 [INFO] 章节 030_第二卷 初中生活 第三十节 - 电子游戏.txt 本地过滤跳过 (未发现角色关键词)
2026-01-17 23:51:31,276 [INFO] 章节 190_第五卷 有爱的世界 第一百八十九节 - 追求者.txt 本地过滤跳过 (未发现角色关键词)
2026-01-17 23:51:31,276 [INFO] 章节 310_第六卷 蔚蓝天空下 第三百零八节 - 入夜.txt 本地过滤跳过 (未发现角色关键词)
2026-01-17 23:51:31,277 [INFO] 章节 390_第七卷 八月火 第三百八十七节 - 玩笑.txt 本地过滤跳过 (未发现角色关键词)
2026-01-17 23:51:31,278 [INFO] 章节 071_第三卷 同居时代 第七十节 - 偷车贼.txt 本地过滤跳过 (未发现角色关键词)
2026-01-17 23:51:31,279 [INFO] 章节 191_第五卷 有爱的世界 第一百九十节 - 一种相思.txt 本地过滤跳过 (未发现角色关键词)
2026-01-17 23:51:31,279 [INFO] 章节 311_第六卷 蔚蓝天空下 第三百零九节 - 邀请.txt 本地过滤跳过 (未发现角色关键词)
2026-01-17 23:51:31,280 [INFO] 章节 072_第三卷 同居时代 第七十一节 - 残局.txt 本地过滤跳过 (未发现角色关键词)
2026-01-17 23:51:31,280 [INFO] 章节 192_第五卷 有爱的世界 第一百九十一节 - 复仇者.txt 本地过滤跳过 (未发现角色关键词)
2026-01-17 23:51:31,281 [INFO] 章节 312_第六卷 蔚蓝天空下 第三百一十节 - 安静.txt 本地过滤跳过 (未发现角色关键词)
2026-01-17 23:51:31,282 [INFO] 章节 193_第五卷 有爱的世界 第一百九十二节 - 没事就好.txt 本地过滤跳过 (未发现角色关键词)
2026-01-17 23:51:31,283 [INFO] 章节 313_第六卷 蔚蓝天空下 第三百一十一节 - 抓她见我.txt 本地过滤跳过 (未发现角色关键词)
2026-01-17 23:51:31,283 [INFO] 章节 074_第三卷 同居时代 第七十三节 - 杀手之心.txt 本地过滤跳过 (未发现角色关键词)
2026-01-17 23:51:31,284 [INFO] 章节 314_第六卷 蔚蓝天空下 第三百一十二节 - 破坏.txt 本地过滤跳过 (未发现角色关键词)
2026-01-17 23:51:31,285 [INFO] 章节 075_第三卷 同居时代 第七十四节 - 心事.txt 本地过滤跳过 (未发现角色关键词)
2026-01-17 23:51:31,286 [INFO] 章节 315_第六卷 蔚蓝天空下 第三百一十三节 - 相见.txt 本地过滤跳过 (未发现角色关键词)
2026-01-17 23:51:31,287 [INFO] 章节 076_第三卷 同居时代 第七十五节 - 决定.txt 本地过滤跳过 (未发现角色关键词)
2026-01-17 23:51:31,288 [INFO] 章节 316_第六卷 蔚蓝天空下 第三百一十四节 - 没见过人谈恋爱啊.txt 本地过滤跳过 (未发现角色关键词)
2026-01-17 23:51:31,289 [INFO] 章节 317_第六卷 蔚蓝天空下 第三百一十五节 - 枪击.txt 本地过滤跳过 (未发现角色关键词)
2026-01-17 23:51:31,290 [INFO] 章节 078_第三卷 同居时代 第七十七节 - 预言.txt 本地过滤跳过 (未发现角色关键词)
2026-01-17 23:51:31,291 [INFO] 章节 198_第五卷 有爱的世界 第一百九十七节 - 我们聊聊.txt 本地过滤跳过 (未发现角色关键词)
2026-01-17 23:51:31,291 [INFO] 章节 318_第六卷 蔚蓝天空下 第三百一十六节 - 素言哪.txt 本地过滤跳过 (未发现角色关键词)
2026-01-17 23:51:31,292 [INFO] 章节 079_第三卷 同居时代 第七十八节 - 英雄无家.txt 本地过滤跳过 (未发现角色关键词)
2026-01-17 23:51:31,293 [INFO] 章节 319_第六卷 蔚蓝天空下 第三百一十七节 - 恐怖之王.txt 本地过滤跳过 (未发现角色关键词)
2026-01-17 23:51:31,294 [INFO] 章节 080_第三卷 同居时代 第七十九节 - 警示.txt 本地过滤跳过 (未发现角色关键词)
2026-01-17 23:51:31,294 [INFO] 章节 320_第六卷 蔚蓝天空下 第三百一十八节 - 安谧.txt 本地过滤跳过 (未发现角色关键词)
2026-01-17 23:51:31,295 [INFO] 章节 400_第七卷 八月火 第三百九十七节 - 御守喜.txt 本地过滤跳过 (未发现角色关键词)
2026-01-17 23:51:31,295 [INFO] 章节 081_第三卷 同居时代 第八十节 - 半夜敲门声.txt 本地过滤跳过 (未发现角色关键词)
2026-01-17 23:51:31,296 [INFO] 章节 321_第六卷 蔚蓝天空下 第三百一十九节 - 忽悠.txt 本地过滤跳过 (未发现角色关键词)
2026-01-17 23:51:31,296 [INFO] 章节 401_第七卷 八月火 第三百九十八节 - 还剩下什么.txt 本地过滤跳过 (未发现角色关键词)
2026-01-17 23:51:31,297 [INFO] 章节 082_第三卷 同居时代 第八十一节 - 忧虑.txt 本地过滤跳过 (未发现角色关键词)
2026-01-17 23:51:31,297 [INFO] 章节 202_第五卷 有爱的世界 第二百零一节 - 我上面有人，你惹不起.txt 本地过滤跳过 (未发现角色关键词)
2026-01-17 23:51:31,298 [INFO] 章节 322_第六卷 蔚蓝天空下 第三百二十节 - 心眼.txt 本地过滤跳过 (未发现角色关键词)
2026-01-17 23:51:31,298 [INFO] 章节 402_第七卷 八月火 第三百九十九节 - 我花开后.txt 本地过滤跳过 (未发现角色关键词)
2026-01-17 23:51:31,298 [INFO] 章节 043_第二卷 初中生活 第四十三节 - 追逐.txt 本地过滤跳过 (未发现角色关键词)
2026-01-17 23:51:31,299 [INFO] 章节 083_第三卷 同居时代 第八十二节 - 小冲突.txt 本地过滤跳过 (未发现角色关键词)
2026-01-17 23:51:31,300 [INFO] 章节 084_第三卷 同居时代 第八十三节 - 舞会（一）.txt 本地过滤跳过 (未发现角色关键词)
2026-01-17 23:51:31,301 [INFO] 章节 045_第二卷 初中生活 第四十五节 - 楼台会.txt 本地过滤跳过 (未发现角色关键词)
2026-01-17 23:51:31,302 [INFO] 章节 085_第三卷 同居时代 第八十四节 - 舞会（二）.txt 本地过滤跳过 (未发现角色关键词)
2026-01-17 23:51:31,302 [INFO] 章节 405_第七卷 八月火 第四百零二节 - 不回家.txt 本地过滤跳过 (未发现角色关键词)
2026-01-17 23:51:31,303 [INFO] 章节 046_第二卷 初中生活 第四十六节 - 决定私奔.txt 本地过滤跳过 (未发现角色关键词)
2026-01-17 23:51:31,303 [INFO] 章节 086_第三卷 同居时代 第八十五节 - 舞会（三）.txt 本地过滤跳过 (未发现角色关键词)
2026-01-17 23:51:31,304 [INFO] 章节 406_第七卷 八月火 第四百零三节 - 全家福.txt 本地过滤跳过 (未发现角色关键词)
2026-01-17 23:51:31,304 [INFO] 章节 047_第二卷 初中生活 第四十七节 - 小插曲.txt 本地过滤跳过 (未发现角色关键词)
2026-01-17 23:51:31,305 [INFO] 章节 087_第三卷 同居时代 第八十六节 - 盛开.txt 本地过滤跳过 (未发现角色关键词)
2026-01-17 23:51:31,305 [INFO] 章节 327_第六卷 蔚蓝天空下 第三百二十五节 - 郁闷的季节.txt 本地过滤跳过 (未发现角色关键词)
2026-01-17 23:51:31,306 [INFO] 章节 407_第七卷 八月火 第四百零四节 - 风雨无阻.txt 本地过滤跳过 (未发现角色关键词)
2026-01-17 23:51:31,306 [INFO] 章节 048_第二卷 初中生活 第四十八节 - 二选一.txt 本地过滤跳过 (未发现角色关键词)
2026-01-17 23:51:31,307 [INFO] 章节 088_第三卷 同居时代 第八十七节 - 预感.txt 本地过滤跳过 (未发现角色关键词)
2026-01-17 23:51:31,308 [INFO] 章节 208_第五卷 有爱的世界 第二百零七节 - 她来了.txt 本地过滤跳过 (未发现角色关键词)
2026-01-17 23:51:31,308 [INFO] 章节 408_第七卷 八月火 第四百零五节 - 有人找.txt 本地过滤跳过 (未发现角色关键词)
2026-01-17 23:51:31,308 [INFO] 章节 049_第二卷 初中生活 第四十九节 - 三人同居引发的惨案…….txt 本地过滤跳过 (未发现角色关键词)
2026-01-17 23:51:31,309 [INFO] 章节 089_第三卷 同居时代 第八十八节 - 海上危城（一）.txt 本地过滤跳过 (未发现角色关键词)
2026-01-17 23:51:31,309 [INFO] 章节 209_第五卷 有爱的世界 第二百零八节 - 血色嘉年华（一）.txt 本地过滤跳过 (未发现角色关键词)
2026-01-17 23:51:31,310 [INFO] 章节 409_第七卷 八月火 第四百零六节 - 城市烟火.txt 本地过滤跳过 (未发现角色关键词)
2026-01-17 23:51:31,310 [INFO] 章节 050_第二卷 初中生活 第五十节 - 童真初识绮罗香.txt 本地过滤跳过 (未发现角色关键词)
2026-01-17 23:51:31,310 [INFO] 章节 090_第三卷 同居时代 第八十九节 - 海上危城（二）.txt 本地过滤跳过 (未发现角色关键词)
2026-01-17 23:51:31,310 [INFO] 章节 210_第五卷 有爱的世界 第二百零九节 - 血色嘉年华（二）.txt 本地过滤跳过 (未发现角色关键词)
2026-01-17 23:51:31,310 [INFO] 章节 410_第七卷 八月火 第四百零七节 - 小强快跑.txt 本地过滤跳过 (未发现角色关键词)
2026-01-17 23:51:31,310 [INFO] 章节 051_第二卷 初中生活 第五十一节 - 从今天开始.txt 本地过滤跳过 (未发现角色关键词)
2026-01-17 23:51:31,313 [INFO] 章节 091_第三卷 同居时代 第九十节 - 海上危城（三）.txt 本地过滤跳过 (未发现角色关键词)
2026-01-17 23:51:31,314 [INFO] 章节 411_第七卷 八月火 第四百零八节 - 染血的城池.txt 本地过滤跳过 (未发现角色关键词)
2026-01-17 23:51:31,314 [INFO] 章节 052_第二卷  小结  关于隐杀，关于推倒.txt 本地过滤跳过 (未发现角色关键词)
2026-01-17 23:51:31,315 [INFO] 章节 092_第三卷 同居时代 第九十一节 - 剖白.txt 本地过滤跳过 (未发现角色关键词)
2026-01-17 23:51:31,316 [INFO] 章节 053_第三卷 同居时代 第五十二节 - 波澜.txt 本地过滤跳过 (未发现角色关键词)
2026-01-17 23:51:31,316 [INFO] 章节 093_第三卷 同居时代 第九十二节 - 展露.txt 本地过滤跳过 (未发现角色关键词)
2026-01-17 23:51:31,318 [INFO] 章节 054_第三卷 同居时代 第五十三节 - 贵族学校.txt 本地过滤跳过 (未发现角色关键词)
2026-01-17 23:51:31,318 [INFO] 章节 094_第三卷 同居时代 第九十三节 - 破船.txt 本地过滤跳过 (未发现角色关键词)
2026-01-17 23:51:31,318 [INFO] 章节 334_第六卷 蔚蓝天空下 第三百三十二节 - 买凶杀人.txt 本地过滤跳过 (未发现角色关键词)
2026-01-17 23:51:31,319 [INFO] 章节 414_第八卷 往日之扉 第四百一十节 - 胡不归.txt 本地过滤跳过 (未发现角色关键词)
2026-01-17 23:51:31,320 [INFO] 章节 095_第三卷 同居时代 第九十四节 - 漂流.txt 本地过滤跳过 (未发现角色关键词)
2026-01-17 23:51:31,320 [INFO] 章节 335_第六卷 蔚蓝天空下 第三百三十三节 - 老古.txt 本地过滤跳过 (未发现角色关键词)
2026-01-17 23:51:31,321 [INFO] 章节 415_第八卷 往日之扉 第四百一十一节 - 糖炒栗子.txt 本地过滤跳过 (未发现角色关键词)
2026-01-17 23:51:31,321 [INFO] 章节 056_第三卷 同居时代 第五十五节 - 评价.txt 本地过滤跳过 (未发现角色关键词)
2026-01-17 23:51:31,322 [INFO] 章节 096_第三卷 同居时代 第九十五节 - 孤岛.txt 本地过滤跳过 (未发现角色关键词)
2026-01-17 23:51:31,323 [INFO] 章节 416_第八卷 往日之扉 第四百一十二节 - 死者.txt 本地过滤跳过 (未发现角色关键词)
2026-01-17 23:51:31,323 [INFO] 章节 097_第三卷 同居时代 第九十六节 - 人质.txt 本地过滤跳过 (未发现角色关键词)
2026-01-17 23:51:31,323 [INFO] 章节 217_第五卷 有爱的世界 第二百一十六节 - 血色嘉年华（九）.txt 本地过滤跳过 (未发现角色关键词)
2026-01-17 23:51:31,324 [INFO] 章节 337_第六卷 蔚蓝天空下 第三百三十五节 - 对不起，我爱你.txt 本地过滤跳过 (未发现角色关键词)
2026-01-17 23:51:31,324 [INFO] 章节 417_第八卷 往日之扉 第四百一十三节 - 河边的小楼.txt 本地过滤跳过 (未发现角色关键词)
2026-01-17 23:51:31,326 [INFO] 章节 098_第三卷 同居时代 第九十七节 - 所谓一拍两散.txt 本地过滤跳过 (未发现角色关键词)
2026-01-17 23:51:31,327 [INFO] 章节 338_第六卷 蔚蓝天空下 第三百三十六节 - 得意一小会.txt 本地过滤跳过 (未发现角色关键词)
2026-01-17 23:51:31,327 [INFO] 章节 418_第八卷 往日之扉 第四百一十四节 - 收留.txt 本地过滤跳过 (未发现角色关键词)
2026-01-17 23:51:31,327 [INFO] 章节 059_第三卷 同居时代 第五十八节 - 调解赛（中）.txt 本地过滤跳过 (未发现角色关键词)
2026-01-17 23:51:31,328 [INFO] 章节 099_第三卷 同居时代 第九十八节 - 风暴（上）.txt 本地过滤跳过 (未发现角色关键词)
2026-01-17 23:51:31,329 [INFO] 章节 339_第六卷 蔚蓝天空下 第三百三十七节 - 刀.txt 本地过滤跳过 (未发现角色关键词)
2026-01-17 23:51:31,329 [INFO] 章节 419_第八卷 往日之扉 第四百一十五节 - 复仇者.txt 本地过滤跳过 (未发现角色关键词)
2026-01-17 23:51:31,329 [INFO] 章节 060_第三卷 同居时代 第五十九节 - 调解赛（下）.txt 本地过滤跳过 (未发现角色关键词)
2026-01-17 23:51:31,330 [INFO] 章节 100_第三卷 同居时代 第九十九节 - 风暴（下）.txt 本地过滤跳过 (未发现角色关键词)
2026-01-17 23:51:31,331 [INFO] 章节 420_第八卷 往日之扉 第四百一十六节 - 变乱之始.txt 本地过滤跳过 (未发现角色关键词)
2026-01-17 23:51:31,331 [INFO] 章节 101_第三卷 同居时代 第一百节 - 归航.txt 本地过滤跳过 (未发现角色关键词)
2026-01-17 23:51:31,332 [INFO] 章节 341_第六卷 蔚蓝天空下 第三百三十九节 - 失却的杀手之心.txt 本地过滤跳过 (未发现角色关键词)
2026-01-17 23:51:31,332 [INFO] 章节 421_第八卷 往日之扉 第四百一十七节 - 除夕（上）.txt 本地过滤跳过 (未发现角色关键词)
2026-01-17 23:51:31,332 [INFO] 章节 222_第五卷 有爱的世界 第二百二十一节 - 风暴前夕.txt 本地过滤跳过 (未发现角色关键词)
2026-01-17 23:51:31,332 [INFO] 章节 342_第六卷 蔚蓝天空下 第三百四十节 - 最强压制.txt 本地过滤跳过 (未发现角色关键词)
2026-01-17 23:51:31,332 [INFO] 章节 422_第八卷 往日之扉 第四百一十八节 - 除夕（下）.txt 本地过滤跳过 (未发现角色关键词)
2026-01-17 23:51:31,335 [INFO] 章节 103_第三卷 同居时代 第一百零二节 - 热血青年.txt 本地过滤跳过 (未发现角色关键词)
2026-01-17 23:51:31,335 [INFO] 章节 223_第五卷 有爱的世界 第二百二十二节 - 海蒂的烦恼.txt 本地过滤跳过 (未发现角色关键词)
2026-01-17 23:51:31,335 [INFO] 章节 343_第六卷 蔚蓝天空下 第三百四十一节 - 杀场.txt 本地过滤跳过 (未发现角色关键词)
2026-01-17 23:51:31,335 [INFO] 章节 423_第八卷 往日之扉 第四百一十九节 - 汇聚.txt 本地过滤跳过 (未发现角色关键词)
2026-01-17 23:51:31,335 [INFO] 章节 104_第三卷 同居时代 第一百零三节 - 球场.txt 本地过滤跳过 (未发现角色关键词)
2026-01-17 23:51:31,335 [INFO] 章节 224_第五卷 有爱的世界 第二百二十三节 - 絮语.txt 本地过滤跳过 (未发现角色关键词)
2026-01-17 23:51:31,335 [INFO] 章节 264_第五卷 有爱的世界 第二百六十三节 - 绝技.txt 本地过滤跳过 (未发现角色关键词)
2026-01-17 23:51:31,338 [INFO] 章节 344_第六卷 蔚蓝天空下 第三百四十二节 - 分裂.txt 本地过滤跳过 (未发现角色关键词)
2026-01-17 23:51:31,338 [INFO] 章节 424_第八卷 往日之扉 第四百二十节 - 归来.txt 本地过滤跳过 (未发现角色关键词)
2026-01-17 23:51:31,338 [INFO] 章节 105_第三卷 同居时代 第一百零四节 - 你敢碰球，我就得分.txt 本地过滤跳过 (未发现角色关键词)
2026-01-17 23:51:31,338 [INFO] 章节 145_第四卷 当时青春年少 第一百四十四节 - 苦恼.txt 本地过滤跳过 (未发现角色关键词)
2026-01-17 23:51:31,338 [INFO] 章节 225_第五卷 有爱的世界 第二百二十四节 - 哈利路亚.txt 本地过滤跳过 (未发现角色关键词)
2026-01-17 23:51:31,338 [INFO] 章节 265_第五卷 有爱的世界 第二百六十四节 - 挥拳.txt 本地过滤跳过 (未发现角色关键词)
2026-01-17 23:51:31,338 [INFO] 章节 345_第六卷 蔚蓝天空下 第三百四十三节 - 国家.txt 本地过滤跳过 (未发现角色关键词)
2026-01-17 23:51:31,341 [INFO] 章节 425_第八卷 往日之扉 第四百二十一节 - 茕茕白兔.txt 本地过滤跳过 (未发现角色关键词)
2026-01-17 23:51:31,341 [INFO] 章节 465_第八卷 往日之扉 第四百六十一节 - 三天.txt 本地过滤跳过 (未发现角色关键词)
2026-01-17 23:51:31,341 [INFO] 章节 106_第三卷 同居时代 第一百零五节 - 我搞定.txt 本地过滤跳过 (未发现角色关键词)
2026-01-17 23:51:31,341 [INFO] 章节 146_第四卷 当时青春年少 第一百四十五节 - 拍卖会.txt 本地过滤跳过 (未发现角色关键词)
2026-01-17 23:51:31,341 [INFO] 章节 226_第五卷 有爱的世界 第二百二十五节 - 喋血街头.txt 本地过滤跳过 (未发现角色关键词)
2026-01-17 23:51:31,341 [INFO] 章节 266_第五卷 有爱的世界 第二百六十五节 - 道别.txt 本地过滤跳过 (未发现角色关键词)
2026-01-17 23:51:31,341 [INFO] 章节 346_第六卷 蔚蓝天空下 第三百四十四节 - 扣扳机.txt 本地过滤跳过 (未发现角色关键词)
2026-01-17 23:51:31,341 [INFO] 章节 426_第八卷 往日之扉 第四百二十二节 - 回忆如刀.txt 本地过滤跳过 (未发现角色关键词)
2026-01-17 23:51:31,344 [INFO] 章节 466_第八卷 往日之扉 第四百六十二节 - 顾家明必须死.txt 本地过滤跳过 (未发现角色关键词)
2026-01-17 23:51:31,344 [INFO] 章节 107_第三卷 同居时代 第一百零六节 - 结论.txt 本地过滤跳过 (未发现角色关键词)
2026-01-17 23:51:31,344 [INFO] 章节 147_第四卷 当时青春年少 第一百四十六节 - 心事.txt 本地过滤跳过 (未发现角色关键词)
2026-01-17 23:51:31,344 [INFO] 章节 227_第五卷 有爱的世界 第二百二十六节 - 黎明前的时间.txt 本地过滤跳过 (未发现角色关键词)
2026-01-17 23:51:31,344 [INFO] 章节 267_第五卷 有爱的世界 第二百六十六节 - 回家.txt 本地过滤跳过 (未发现角色关键词)
2026-01-17 23:51:31,344 [INFO] 章节 347_第六卷 蔚蓝天空下 第三百四十五节 - 疯狂.txt 本地过滤跳过 (未发现角色关键词)
2026-01-17 23:51:31,344 [INFO] 章节 427_第八卷 往日之扉 第四百二十三节 - 我好想看到他.txt 本地过滤跳过 (未发现角色关键词)
2026-01-17 23:51:31,347 [INFO] 章节 467_第八卷 往日之扉 第四百六十三节 - 面对.txt 本地过滤跳过 (未发现角色关键词)
2026-01-17 23:51:31,347 [INFO] 章节 108_第三卷 同居时代 第一百零七节 - 火拼.txt 本地过滤跳过 (未发现角色关键词)
2026-01-17 23:51:31,347 [INFO] 章节 148_第四卷 当时青春年少 第一百四十七节 - 寄生.txt 本地过滤跳过 (未发现角色关键词)
2026-01-17 23:51:31,347 [INFO] 章节 228_第五卷 有爱的世界 第二百二十七节 - 萨利埃.txt 本地过滤跳过 (未发现角色关键词)
2026-01-17 23:51:31,347 [INFO] 章节 268_第五卷  小结.txt 本地过滤跳过 (未发现角色关键词)
2026-01-17 23:51:31,350 [INFO] 章节 348_第六卷 蔚蓝天空下 第三百四十六节 - 没事了.txt 本地过滤跳过 (未发现角色关键词)
2026-01-17 23:51:31,350 [INFO] 章节 428_第八卷 往日之扉 第四百二十四节 - 生死契阔.txt 本地过滤跳过 (未发现角色关键词)
2026-01-17 23:51:31,350 [INFO] 章节 109_第三卷 同居时代 第一百零八节 - 犬牙.txt 本地过滤跳过 (未发现角色关键词)
2026-01-17 23:51:31,350 [INFO] 章节 149_第四卷 当时青春年少 第一百四十八节 - 蓝鸟.txt 本地过滤跳过 (未发现角色关键词)
2026-01-17 23:51:31,353 [INFO] 章节 269_第六卷 蔚蓝天空下 第二百六十七节 - 暗招.txt 本地过滤跳过 (未发现角色关键词)
2026-01-17 23:51:31,353 [INFO] 章节 349_第六卷 蔚蓝天空下 第三百四十七节 - 猜测.txt 本地过滤跳过 (未发现角色关键词)
2026-01-17 23:51:31,353 [INFO] 章节 429_第八卷 往日之扉 第四百二十五节 - 夜谈.txt 本地过滤跳过 (未发现角色关键词)
2026-01-17 23:51:31,356 [INFO] 章节 150_第四卷 当时青春年少 第一百四十九节 - 无题.txt 本地过滤跳过 (未发现角色关键词)
2026-01-17 23:51:31,356 [INFO] 章节 230_第五卷 有爱的世界 第二百二十九节 - 家明的远征.txt 本地过滤跳过 (未发现角色关键词)
2026-01-17 23:51:31,356 [INFO] 章节 270_第六卷 蔚蓝天空下 第二百六十八节 - 这是我的车.txt 本地过滤跳过 (未发现角色关键词)
2026-01-17 23:51:31,356 [INFO] 章节 430_第八卷 往日之扉 第四百二十六节 - 来袭.txt 本地过滤跳过 (未发现角色关键词)
2026-01-17 23:51:31,356 [INFO] 章节 470_第八卷 往日之扉 第四百六十六节 - 父母.txt 本地过滤跳过 (未发现角色关键词)
2026-01-17 23:51:31,359 [INFO] 章节 111_第三卷 同居时代 第一百一十节 - 家明式机械理论.txt 本地过滤跳过 (未发现角色关键词)
2026-01-17 23:51:31,359 [INFO] 章节 151_第四卷 当时青春年少 第一百五十节 - 化解.txt 本地过滤跳过 (未发现角色关键词)
2026-01-17 23:51:31,360 [INFO] 章节 231_第五卷 有爱的世界 第二百三十节 - 刃.txt 本地过滤跳过 (未发现角色关键词)
2026-01-17 23:51:31,361 [INFO] 章节 351_第六卷 蔚蓝天空下 第三百四十九节 - 死因.txt 本地过滤跳过 (未发现角色关键词)
2026-01-17 23:51:31,362 [INFO] 章节 431_第八卷 往日之扉 第四百二十七节 - 赌局.txt 本地过滤跳过 (未发现角色关键词)
2026-01-17 23:51:31,363 [INFO] 章节 471_第八卷 往日之扉 第四百六十七节 - 同学会（上）.txt 本地过滤跳过 (未发现角色关键词)
2026-01-17 23:51:31,363 [INFO] 章节 511_后篇 第十一章 黑小瘦.txt 本地过滤跳过 (未发现角色关键词)
2026-01-17 23:51:31,364 [INFO] 章节 152_第四卷 当时青春年少 第一百五十一节 - 坦白.txt 本地过滤跳过 (未发现角色关键词)
2026-01-17 23:51:31,365 [INFO] 章节 232_第五卷 有爱的世界 第二百三十一节 - 回溯.txt 本地过滤跳过 (未发现角色关键词)
2026-01-17 23:51:31,366 [INFO] 章节 432_第八卷 往日之扉 第四百二十八节 - 混乱.txt 本地过滤跳过 (未发现角色关键词)
2026-01-17 23:51:31,367 [INFO] 章节 472_第八卷 往日之扉 第四百六十八节 - 同学会（中）.txt 本地过滤跳过 (未发现角色关键词)
2026-01-17 23:51:31,367 [INFO] 章节 512_后篇 第十二章 鬼神.txt 本地过滤跳过 (未发现角色关键词)
2026-01-17 23:51:31,368 [INFO] 章节 113_第三卷 同居时代 第一百一十二节 - 狂欢宴会.txt 本地过滤跳过 (未发现角色关键词)
2026-01-17 23:51:31,369 [INFO] 章节 233_第五卷 有爱的世界 第二百三十二节 - 猜疑，内幕.txt 本地过滤跳过 (未发现角色关键词)
2026-01-17 23:51:31,370 [INFO] 章节 273_第六卷 蔚蓝天空下 第二百七十一节 - 剥落.txt 本地过滤跳过 (未发现角色关键词)
2026-01-17 23:51:31,371 [INFO] 章节 433_第八卷 往日之扉 第四百二十九节 - 故人.txt 本地过滤跳过 (未发现角色关键词)
2026-01-17 23:51:31,371 [INFO] 章节 473_第八卷 往日之扉 第四百六十九节 - 同学会（下）.txt 本地过滤跳过 (未发现角色关键词)
2026-01-17 23:51:31,372 [INFO] 章节 114_第三卷 同居时代 第一百一十三节 - 超越时代.txt 本地过滤跳过 (未发现角色关键词)
2026-01-17 23:51:31,373 [INFO] 章节 234_第五卷 有爱的世界 第二百三十三节 - 黑手党.txt 本地过滤跳过 (未发现角色关键词)
2026-01-17 23:51:31,374 [INFO] 章节 354_第六卷  小结.txt 本地过滤跳过 (未发现角色关键词)
2026-01-17 23:51:31,375 [INFO] 章节 434_第八卷 往日之扉 第四百三十节 - 躁动的夜.txt 本地过滤跳过 (未发现角色关键词)
2026-01-17 23:51:31,375 [INFO] 章节 115_第三卷 同居时代 第一百一十四节 - 意外.txt 本地过滤跳过 (未发现角色关键词)
2026-01-17 23:51:31,376 [INFO] 章节 235_第五卷 有爱的世界 第二百三十四节 - 扭曲.txt 本地过滤跳过 (未发现角色关键词)
2026-01-17 23:51:31,377 [INFO] 章节 355_第七卷 八月火 第三百五十二节 - 殇.txt 本地过滤跳过 (未发现角色关键词)
2026-01-17 23:51:31,378 [INFO] 章节 435_第八卷 往日之扉 第四百三十一节 - 乌河岭的过往.txt 本地过滤跳过 (未发现角色关键词)
2026-01-17 23:51:31,379 [INFO] 章节 475_第八卷 往日之扉 第四百七十一节 - 下午.txt 本地过滤跳过 (未发现角色关键词)
2026-01-17 23:51:31,380 [INFO] 章节 116_第三卷 同居时代 第一百一十五节 - 我有话跟你说.txt 本地过滤跳过 (未发现角色关键词)
2026-01-17 23:51:31,380 [INFO] 章节 236_第五卷 有爱的世界 第二百三十五节 - 幸运日.txt 本地过滤跳过 (未发现角色关键词)
2026-01-17 23:51:31,382 [INFO] 章节 356_第七卷 八月火 第三百五十三节 - 爆炸.txt 本地过滤跳过 (未发现角色关键词)
2026-01-17 23:51:31,383 [INFO] 章节 436_第八卷 往日之扉 第四百三十二节 - 等待黎明.txt 本地过滤跳过 (未发现角色关键词)
2026-01-17 23:51:31,383 [INFO] 章节 476_第八卷 往日之扉 第四百七十二节 - 暗示.txt 本地过滤跳过 (未发现角色关键词)
2026-01-17 23:51:31,384 [INFO] 章节 117_第三卷 同居时代 第一百一十六节 - 堕落的感觉.txt 本地过滤跳过 (未发现角色关键词)
2026-01-17 23:51:31,385 [INFO] 章节 237_第五卷 有爱的世界 第二百三十六节 - 疯狂.txt 本地过滤跳过 (未发现角色关键词)
2026-01-17 23:51:31,386 [INFO] 章节 357_第七卷 八月火 第三百五十四节 - 硬汉.txt 本地过滤跳过 (未发现角色关键词)
2026-01-17 23:51:31,386 [INFO] 章节 437_第八卷 往日之扉 第四百三十三节 - 清醒.txt 本地过滤跳过 (未发现角色关键词)
2026-01-17 23:51:31,388 [INFO] 章节 238_第五卷 有爱的世界 第二百三十七节 - 恋情.txt 本地过滤跳过 (未发现角色关键词)
2026-01-17 23:51:31,389 [INFO] 章节 358_第七卷 八月火 第三百五十五节 - 四秒钟.txt 本地过滤跳过 (未发现角色关键词)
2026-01-17 23:51:31,390 [INFO] 章节 438_第八卷 往日之扉 第四百三十四节 - 最好的冬季.txt 本地过滤跳过 (未发现角色关键词)
2026-01-17 23:51:31,391 [INFO] 章节 159_第四卷 当时青春年少 第一百五十八节 - 心乱.txt 本地过滤跳过 (未发现角色关键词)
2026-01-17 23:51:31,392 [INFO] 章节 239_第五卷 有爱的世界 第二百三十八节 - 离开.txt 本地过滤跳过 (未发现角色关键词)
2026-01-17 23:51:31,393 [INFO] 章节 359_第七卷 八月火 第三百五十六节 - 不许.txt 本地过滤跳过 (未发现角色关键词)
2026-01-17 23:51:31,393 [INFO] 章节 439_第八卷 往日之扉 第四百三十五节 - 劫持.txt 本地过滤跳过 (未发现角色关键词)
2026-01-17 23:51:31,394 [INFO] 章节 000_Intro.txt 本地过滤跳过 (未发现角色关键词)
2026-01-17 23:51:31,395 [INFO] 章节 120_第四卷 当时青春年少 第一百一十九节 - 尾行.txt 本地过滤跳过 (未发现角色关键词)
2026-01-17 23:51:31,396 [INFO] 章节 240_第五卷 有爱的世界 第二百三十九节 - 落寞.txt 本地过滤跳过 (未发现角色关键词)
2026-01-17 23:51:31,398 [INFO] 章节 440_第八卷 往日之扉 第四百三十六节 - 慧清.txt 本地过滤跳过 (未发现角色关键词)
2026-01-17 23:51:31,398 [INFO] 章节 001_第一卷 重生 第一节 - 回到过去.txt 本地过滤跳过 (未发现角色关键词)
2026-01-17 23:51:31,399 [INFO] 章节 121_第四卷 当时青春年少 第一百二十节 - 喝醉的女人最可怕.txt 本地过滤跳过 (未发现角色关键词)
2026-01-17 23:51:31,400 [INFO] 章节 161_第四卷 当时青春年少 第一百六十节 - 网络风暴（上）.txt 本地过滤跳过 (未发现角色关键词)
2026-01-17 23:51:31,401 [INFO] 章节 241_第五卷 有爱的世界 第二百四十节 - 猜疑.txt 本地过滤跳过 (未发现角色关键词)
2026-01-17 23:51:31,401 [INFO] 章节 281_第六卷 蔚蓝天空下 第二百七十九节 - 求情.txt 本地过滤跳过 (未发现角色关键词)
2026-01-17 23:51:31,402 [INFO] 章节 361_第七卷 八月火 第三百五十八节 - 打我.txt 本地过滤跳过 (未发现角色关键词)
2026-01-17 23:51:31,402 [INFO] 章节 441_第八卷 往日之扉 第四百三十七节 - 都是傻子.txt 本地过滤跳过 (未发现角色关键词)
2026-01-17 23:51:31,403 [INFO] 章节 002_第一卷 重生 第二节 - 家明与灵静.txt 本地过滤跳过 (未发现角色关键词)
2026-01-17 23:51:31,404 [INFO] 章节 162_第四卷 当时青春年少 第一百六十一节 - 网络风暴（下）.txt 本地过滤跳过 (未发现角色关键词)
2026-01-17 23:51:31,404 [INFO] 章节 242_第五卷 有爱的世界 第二百四十一节 - 熟悉的人影.txt 本地过滤跳过 (未发现角色关键词)
2026-01-17 23:51:31,404 [INFO] 章节 282_第六卷 蔚蓝天空下 第二百八十节 - 当我男朋友.txt 本地过滤跳过 (未发现角色关键词)
2026-01-17 23:51:31,405 [INFO] 章节 362_第七卷 八月火 第三百五十九节 - 遗嘱.txt 本地过滤跳过 (未发现角色关键词)
2026-01-17 23:51:31,405 [INFO] 章节 442_第八卷 往日之扉 第四百三十八节 - 钢铁森林.txt 本地过滤跳过 (未发现角色关键词)
2026-01-17 23:51:31,406 [INFO] 章节 003_第一卷 重生 第三节 - 柳怀沙.txt 本地过滤跳过 (未发现角色关键词)
2026-01-17 23:51:31,406 [INFO] 章节 123_第四卷 当时青春年少 第一百二十二节 - 迷乱.txt 本地过滤跳过 (未发现角色关键词)
2026-01-17 23:51:31,407 [INFO] 章节 163_第四卷 当时青春年少 第一百六十二节 - 表演者.txt 本地过滤跳过 (未发现角色关键词)
2026-01-17 23:51:31,408 [INFO] 章节 243_第五卷 有爱的世界 第二百四十二节 - 隐匿之枪.txt 本地过滤跳过 (未发现角色关键词)
2026-01-17 23:51:31,409 [INFO] 章节 283_第六卷 蔚蓝天空下 第二百八十一节 - 车祸.txt 本地过滤跳过 (未发现角色关键词)
2026-01-17 23:51:31,410 [INFO] 章节 363_第七卷 八月火 第三百六十节 - 烟火.txt 本地过滤跳过 (未发现角色关键词)
2026-01-17 23:51:31,411 [INFO] 章节 443_第八卷 往日之扉 第四百三十九节 - 你是谁.txt 本地过滤跳过 (未发现角色关键词)
2026-01-17 23:51:31,411 [INFO] 章节 483_第九卷 最后回旋 第四百七十九节 - 水城漫步.txt 本地过滤跳过 (未发现角色关键词)
2026-01-17 23:51:31,412 [INFO] 章节 164_第四卷 当时青春年少 第一百六十三节 - 舞台后方.txt 本地过滤跳过 (未发现角色关键词)
2026-01-17 23:51:31,413 [INFO] 章节 244_第五卷 有爱的世界 第二百四十三节 - 无踪.txt 本地过滤跳过 (未发现角色关键词)
2026-01-17 23:51:31,413 [INFO] 章节 284_第六卷 蔚蓝天空下 第二百八十二节 - 冲突.txt 本地过滤跳过 (未发现角色关键词)
2026-01-17 23:51:31,414 [INFO] 章节 004_第一卷 重生 第四节 - 踢馆.txt 本地过滤跳过 (未发现角色关键词)
2026-01-17 23:51:31,414 [INFO] 章节 124_第四卷 当时青春年少 第一百二十三节 - 砸场子.txt 本地过滤跳过 (未发现角色关键词)
2026-01-17 23:51:31,415 [INFO] 章节 364_第七卷 八月火 第三百六十一节 - 狙击.txt 本地过滤跳过 (未发现角色关键词)
2026-01-17 23:51:31,415 [INFO] 章节 444_第八卷 往日之扉 第四百四十节 - 巨兽.txt 本地过滤跳过 (未发现角色关键词)
2026-01-17 23:51:31,416 [INFO] 章节 484_第九卷 最后回旋 第四百八十节 - 淑女.txt 本地过滤跳过 (未发现角色关键词)
2026-01-17 23:51:31,417 [INFO] 章节 005_第一卷 重生 第五节 - 三人行.txt 本地过滤跳过 (未发现角色关键词)
2026-01-17 23:51:31,418 [INFO] 章节 125_第四卷 当时青春年少 第一百二十四节 - 女神.txt 本地过滤跳过 (未发现角色关键词)
2026-01-17 23:51:31,419 [INFO] 章节 165_第四卷 当时青春年少 第一百六十四节 - 旋木.txt 本地过滤跳过 (未发现角色关键词)
2026-01-17 23:51:31,423 [INFO] 章节 245_第五卷 有爱的世界 第二百四十四节 - 漫天风雪.txt 本地过滤跳过 (未发现角色关键词)
2026-01-17 23:51:31,425 [INFO] 章节 285_第六卷 蔚蓝天空下 第二百八十三节 - 老虎.txt 本地过滤跳过 (未发现角色关键词)
2026-01-17 23:51:31,426 [INFO] 章节 365_第七卷 八月火 第三百六十二节 - 洗白.txt 本地过滤跳过 (未发现角色关键词)
2026-01-17 23:51:31,427 [INFO] 章节 445_第八卷 往日之扉 第四百四十一节 - 窗外的死神.txt 本地过滤跳过 (未发现角色关键词)
2026-01-17 23:51:31,428 [INFO] 章节 485_第九卷 最后回旋 第四百八十一节 - 爸爸.txt 本地过滤跳过 (未发现角色关键词)
2026-01-17 23:51:31,428 [INFO] 章节 006_第一卷 重生 第六节 - 张雅涵.txt 本地过滤跳过 (未发现角色关键词)
2026-01-17 23:51:31,429 [INFO] 章节 126_第四卷 当时青春年少 第一百二十五节 - 伤.txt 本地过滤跳过 (未发现角色关键词)
2026-01-17 23:51:31,430 [INFO] 章节 166_第四卷 当时青春年少 第一百六十五节 - 雅涵啊雅涵.txt 本地过滤跳过 (未发现角色关键词)
2026-01-17 23:51:31,431 [INFO] 章节 246_第五卷 有爱的世界 第二百四十五节 - 深巷.txt 本地过滤跳过 (未发现角色关键词)
2026-01-17 23:51:31,431 [INFO] 章节 286_第六卷 蔚蓝天空下 第二百八十四节 - 相亲.txt 本地过滤跳过 (未发现角色关键词)
2026-01-17 23:51:31,432 [INFO] 章节 366_第七卷 八月火 第三百六十三节 - 笨拙.txt 本地过滤跳过 (未发现角色关键词)
2026-01-17 23:51:31,433 [INFO] 章节 446_第八卷 往日之扉 第四百四十二节 - 星空.txt 本地过滤跳过 (未发现角色关键词)
2026-01-17 23:51:31,434 [INFO] 章节 486_第九卷 最后回旋 第四百八十二节 - 抱我睡.txt 本地过滤跳过 (未发现角色关键词)
2026-01-17 23:51:31,434 [INFO] 章节 007_第一卷 重生 第七节 - 夏令营.txt 本地过滤跳过 (未发现角色关键词)
2026-01-17 23:51:31,435 [INFO] 章节 127_第四卷 当时青春年少 第一百二十六节 - 替代品.txt 本地过滤跳过 (未发现角色关键词)
2026-01-17 23:51:31,436 [INFO] 章节 167_第四卷 当时青春年少 第一百六十六节 - 造物奇迹.txt 本地过滤跳过 (未发现角色关键词)
2026-01-17 23:51:31,436 [INFO] 章节 247_第五卷 有爱的世界 第二百四十六节 - 你是谁.txt 本地过滤跳过 (未发现角色关键词)
2026-01-17 23:51:31,437 [INFO] 章节 287_第六卷 蔚蓝天空下 第二百八十五节 - 对峙的走廊.txt 本地过滤跳过 (未发现角色关键词)
2026-01-17 23:51:31,438 [INFO] 章节 447_第八卷 往日之扉 第四百四十三节 - 迟到的全家福.txt 本地过滤跳过 (未发现角色关键词)
2026-01-17 23:51:31,439 [INFO] 章节 487_第九卷 最后回旋 第四百八十三节 - 我叫简素言.txt 本地过滤跳过 (未发现角色关键词)
2026-01-17 23:51:31,440 [INFO] 章节 008_第一卷 重生 第八节 - 交换.txt 本地过滤跳过 (未发现角色关键词)
2026-01-17 23:51:31,440 [INFO] 章节 128_第四卷 当时青春年少 第一百二十七节 - 刺激疗法.txt 本地过滤跳过 (未发现角色关键词)
2026-01-17 23:51:31,442 [INFO] 章节 248_第五卷 有爱的世界 第二百四十七节 - 雅涵的决定.txt 本地过滤跳过 (未发现角色关键词)
2026-01-17 23:51:31,443 [INFO] 章节 288_第六卷 蔚蓝天空下 第二百八十六节 - 最近的小烦恼.txt 本地过滤跳过 (未发现角色关键词)
2026-01-17 23:51:31,445 [INFO] 章节 448_第八卷 往日之扉 第四百四十四节 - 交错.txt 本地过滤跳过 (未发现角色关键词)
2026-01-17 23:51:31,446 [INFO] 章节 488_第九卷 最后回旋 第四百八十四节 - 自然进化.txt 本地过滤跳过 (未发现角色关键词)
2026-01-17 23:51:31,446 [INFO] 章节 009_第一卷 重生 第九节 - 纯属意外（上）.txt 本地过滤跳过 (未发现角色关键词)
2026-01-17 23:51:31,447 [INFO] 章节 129_第四卷 当时青春年少 第一百二十八节 - 小麻烦.txt 本地过滤跳过 (未发现角色关键词)
2026-01-17 23:51:31,448 [INFO] 章节 169_第四卷 当时青春年少 第一百六十八节 - 恐惧.txt 本地过滤跳过 (未发现角色关键词)
2026-01-17 23:51:31,448 [INFO] 章节 249_第五卷 有爱的世界 第二百四十八节 - 宣战.txt 本地过滤跳过 (未发现角色关键词)
2026-01-17 23:51:31,449 [INFO] 章节 369_第七卷 八月火 第三百六十六节 - 三万英尺.txt 本地过滤跳过 (未发现角色关键词)
2026-01-17 23:51:31,450 [INFO] 章节 449_第八卷 往日之扉 第四百四十五节 - 破碎之画.txt 本地过滤跳过 (未发现角色关键词)
2026-01-17 23:51:31,451 [INFO] 章节 010_第一卷 重生 第十节 - 纯属意外（下）.txt 本地过滤跳过 (未发现角色关键词)
2026-01-17 23:51:31,451 [INFO] 章节 130_第四卷 当时青春年少 第一百二十九节 - 东方婉的观感.txt 本地过滤跳过 (未发现角色关键词)
2026-01-17 23:51:31,451 [INFO] 章节 170_第四卷 当时青春年少 第一百六十九节 - 头痛之谜.txt 本地过滤跳过 (未发现角色关键词)
2026-01-17 23:51:31,453 [INFO] 章节 250_第五卷 有爱的世界 第二百四十九节 - 人海.txt 本地过滤跳过 (未发现角色关键词)
2026-01-17 23:51:31,453 [INFO] 章节 290_第六卷 蔚蓝天空下 第二百八十八节 - 四两拨千斤.txt 本地过滤跳过 (未发现角色关键词)
2026-01-17 23:51:31,454 [INFO] 章节 370_第七卷 八月火 第三百六十七节 - 雨中的机场.txt 本地过滤跳过 (未发现角色关键词)
2026-01-17 23:51:31,454 [INFO] 章节 450_第八卷 往日之扉 第四百四十六节 - 夜色如潮.txt 本地过滤跳过 (未发现角色关键词)
2026-01-17 23:51:31,454 [INFO] 章节 490_--外篇--.txt 本地过滤跳过 (未发现角色关键词)
2026-01-17 23:51:31,454 [INFO] 章节 011_第一卷 重生 第十一节 - 小学结束.txt 本地过滤跳过 (未发现角色关键词)
2026-01-17 23:51:31,454 [INFO] 章节 131_第四卷 当时青春年少 第一百三十节 - 一朵郁金香.txt 本地过滤跳过 (未发现角色关键词)
2026-01-17 23:51:31,457 [INFO] 章节 251_第五卷 有爱的世界 第二百五十节 - 重枪.txt 本地过滤跳过 (未发现角色关键词)
2026-01-17 23:51:31,457 [INFO] 章节 371_第七卷 八月火 第三百六十八节 - 内部矛盾.txt 本地过滤跳过 (未发现角色关键词)
2026-01-17 23:51:31,457 [INFO] 章节 451_第八卷 往日之扉 第四百四十七节 - 哥斯拉.txt 本地过滤跳过 (未发现角色关键词)
2026-01-17 23:51:31,459 [INFO] 章节 491_外篇 第一节.txt 本地过滤跳过 (未发现角色关键词)
2026-01-17 23:51:31,460 [INFO] 章节 012_第二卷 初中生活 第十二节 - 裸照事件.txt 本地过滤跳过 (未发现角色关键词)
2026-01-17 23:51:31,461 [INFO] 章节 172_第四卷 当时青春年少 第一百七十一节 - 肃杀.txt 本地过滤跳过 (未发现角色关键词)
2026-01-17 23:51:31,462 [INFO] 章节 252_第五卷 有爱的世界 第二百五十一节 - 互刺.txt 本地过滤跳过 (未发现角色关键词)
2026-01-17 23:51:31,462 [INFO] 章节 292_第六卷 蔚蓝天空下 第二百九十节 - 阿猫阿狗.txt 本地过滤跳过 (未发现角色关键词)
2026-01-17 23:51:31,463 [INFO] 章节 372_第七卷 八月火 第三百六十九节 - 头可断，发型不能乱.txt 本地过滤跳过 (未发现角色关键词)
2026-01-17 23:51:31,463 [INFO] 章节 452_第八卷 往日之扉 第四百四十八节 - 那就死吧.txt 本地过滤跳过 (未发现角色关键词)
2026-01-17 23:51:31,464 [INFO] 章节 492_外篇 第二节.txt 本地过滤跳过 (未发现角色关键词)
2026-01-17 23:51:31,465 [INFO] 章节 013_第二卷 初中生活 第十三节 - 最讨厌的事.txt 本地过滤跳过 (未发现角色关键词)
2026-01-17 23:51:31,466 [INFO] 章节 173_第四卷 当时青春年少 第一百七十二节 - 舞会开始.txt 本地过滤跳过 (未发现角色关键词)
2026-01-17 23:51:31,467 [INFO] 章节 253_第五卷 有爱的世界 第二百五十二节 - 谁是你爸爸.txt 本地过滤跳过 (未发现角色关键词)
2026-01-17 23:51:31,467 [INFO] 章节 293_第六卷 蔚蓝天空下 第二百九十一节 - 黄雀.txt 本地过滤跳过 (未发现角色关键词)
2026-01-17 23:51:31,468 [INFO] 章节 453_第八卷 往日之扉 第四百四十九节 - 生气.txt 本地过滤跳过 (未发现角色关键词)
2026-01-17 23:51:31,469 [INFO] 章节 493_外篇 第三节.txt 本地过滤跳过 (未发现角色关键词)
2026-01-17 23:51:31,470 [INFO] 章节 014_第二卷 初中生活 第十四节 - 齐心.txt 本地过滤跳过 (未发现角色关键词)
2026-01-17 23:51:31,472 [INFO] 章节 174_第四卷 当时青春年少 第一百七十三节 - 死亡预兆.txt 本地过滤跳过 (未发现角色关键词)
2026-01-17 23:51:31,473 [INFO] 章节 254_第五卷 有爱的世界 第二百五十三节 - 逃亡.txt 本地过滤跳过 (未发现角色关键词)
2026-01-17 23:51:31,474 [INFO] 章节 294_第六卷 蔚蓝天空下 第二百九十二节 - 伯爵.txt 本地过滤跳过 (未发现角色关键词)
2026-01-17 23:51:31,474 [INFO] 章节 374_第七卷 八月火 第三百七十一节 - 两年半.txt 本地过滤跳过 (未发现角色关键词)
2026-01-17 23:51:31,474 [INFO] 章节 454_第八卷 往日之扉 第四百五十节 - 铁则之下.txt 本地过滤跳过 (未发现角色关键词)
2026-01-17 23:51:31,474 [INFO] 章节 494_外篇 第四节.txt 本地过滤跳过 (未发现角色关键词)
2026-01-17 23:51:31,474 [INFO] 章节 015_第二卷 初中生活 第十五节 - 百合花（上）.txt 本地过滤跳过 (未发现角色关键词)
2026-01-17 23:51:31,477 [INFO] 章节 135_第四卷 当时青春年少 第一百三十四节 - 交涉.txt 本地过滤跳过 (未发现角色关键词)
2026-01-17 23:51:31,477 [INFO] 章节 175_第四卷 当时青春年少 第一百七十四节 - 交火点.txt 本地过滤跳过 (未发现角色关键词)
2026-01-17 23:51:31,477 [INFO] 章节 255_第五卷 有爱的世界 第二百五十四节 - 我回来了.txt 本地过滤跳过 (未发现角色关键词)
2026-01-17 23:51:31,478 [INFO] 章节 295_第六卷 蔚蓝天空下 第二百九十三节 - 分解.txt 本地过滤跳过 (未发现角色关键词)
2026-01-17 23:51:31,479 [INFO] 章节 375_第七卷 八月火 第三百七十二节 - 巴黎.txt 本地过滤跳过 (未发现角色关键词)
2026-01-17 23:51:31,480 [INFO] 章节 455_第八卷 往日之扉 第四百五十一节 - 长驱赤火.txt 本地过滤跳过 (未发现角色关键词)
2026-01-17 23:51:31,481 [INFO] 章节 495_外篇 第五节.txt 本地过滤跳过 (未发现角色关键词)
2026-01-17 23:51:31,482 [INFO] 章节 016_第二卷 初中生活 第十六节 - 百合花（中）.txt 本地过滤跳过 (未发现角色关键词)
2026-01-17 23:51:31,482 [INFO] 章节 136_第四卷 当时青春年少 第一百三十五节 - 在乎的东西.txt 本地过滤跳过 (未发现角色关键词)
2026-01-17 23:51:31,483 [INFO] 章节 176_第四卷 当时青春年少 第一百七十五节 - 祝你幸福.txt 本地过滤跳过 (未发现角色关键词)
2026-01-17 23:51:31,484 [INFO] 章节 256_第五卷 有爱的世界 第二百五十五节 - 得恋失恋.txt 本地过滤跳过 (未发现角色关键词)
2026-01-17 23:51:31,485 [INFO] 章节 376_第七卷 八月火 第三百七十三节 - 我会来找你.txt 本地过滤跳过 (未发现角色关键词)
2026-01-17 23:51:31,485 [INFO] 章节 456_第八卷 往日之扉 第四百五十二节 - 家.txt 本地过滤跳过 (未发现角色关键词)
2026-01-17 23:51:31,485 [INFO] 章节 496_外篇 第六节.txt 本地过滤跳过 (未发现角色关键词)
2026-01-17 23:51:31,485 [INFO] 章节 017_第二卷 初中生活 第十七节 - 百合花（下）.txt 本地过滤跳过 (未发现角色关键词)
2026-01-17 23:51:31,487 [INFO] 章节 137_第四卷 当时青春年少 第一百三十六节 - 诚恳笑容.txt 本地过滤跳过 (未发现角色关键词)
2026-01-17 23:51:31,488 [INFO] 章节 297_第六卷 蔚蓝天空下 第二百九十五节 - 背影.txt 本地过滤跳过 (未发现角色关键词)
2026-01-17 23:51:31,489 [INFO] 章节 377_第七卷 八月火 第三百七十四节 - 无声火.txt 本地过滤跳过 (未发现角色关键词)
2026-01-17 23:51:31,490 [INFO] 章节 457_第八卷 往日之扉 第四百五十三节 - 不许再有.txt 本地过滤跳过 (未发现角色关键词)
2026-01-17 23:51:31,490 [INFO] 章节 497_外篇 第七节.txt 本地过滤跳过 (未发现角色关键词)
2026-01-17 23:51:31,490 [INFO] 章节 018_第二卷 初中生活 第十八节 - 同居生活.txt 本地过滤跳过 (未发现角色关键词)
2026-01-17 23:51:31,492 [INFO] 章节 258_第五卷 有爱的世界 第二百五十七节 - 小镇.txt 本地过滤跳过 (未发现角色关键词)
2026-01-17 23:51:31,492 [INFO] 章节 298_第六卷 蔚蓝天空下 第二百九十六节 - 摇摆.txt 本地过滤跳过 (未发现角色关键词)
2026-01-17 23:51:31,494 [INFO] 章节 378_第七卷 八月火 第三百七十五节 - 史上最恐怖三人组.txt 本地过滤跳过 (未发现角色关键词)
2026-01-17 23:51:31,494 [INFO] 章节 458_第八卷 往日之扉 第四百五十四节 - 再会.txt 本地过滤跳过 (未发现角色关键词)
2026-01-17 23:51:31,495 [INFO] 章节 498_外篇 第八节.txt 本地过滤跳过 (未发现角色关键词)
2026-01-17 23:51:31,495 [INFO] 章节 019_第二卷 初中生活 第十九节 - 美好人生.txt 本地过滤跳过 (未发现角色关键词)
2026-01-17 23:51:31,495 [INFO] 章节 139_第四卷 当时青春年少 第一百三十八节 - 詹姆斯.txt 本地过滤跳过 (未发现角色关键词)
2026-01-17 23:51:31,496 [INFO] 章节 259_第五卷 有爱的世界 第二百五十八节 - 冲动.txt 本地过滤跳过 (未发现角色关键词)
2026-01-17 23:51:31,497 [INFO] 章节 299_第六卷 蔚蓝天空下 第二百九十七节 - 轻轻唱.txt 本地过滤跳过 (未发现角色关键词)
2026-01-17 23:51:31,498 [INFO] 章节 379_第七卷 八月火 第三百七十六节 - 染血的长街.txt 本地过滤跳过 (未发现角色关键词)
2026-01-17 23:51:31,498 [INFO] 章节 459_第八卷 往日之扉 第四百五十五节 - 守节.txt 本地过滤跳过 (未发现角色关键词)
2026-01-17 23:51:31,499 [INFO] 章节 499_外篇 第九节.txt 本地过滤跳过 (未发现角色关键词)
2026-01-17 23:51:31,499 [INFO] 章节 020_第二卷 初中生活 第二十节 - 海蒂.txt 本地过滤跳过 (未发现角色关键词)
2026-01-17 23:51:31,500 [INFO] 章节 140_第四卷 当时青春年少 第一百三十九节 - 方雨思.txt 本地过滤跳过 (未发现角色关键词)
2026-01-17 23:51:31,500 [INFO] 章节 260_第五卷 有爱的世界 第二百五十九节 - 挑战.txt 本地过滤跳过 (未发现角色关键词)
2026-01-17 23:51:31,501 [INFO] 章节 300_第六卷 蔚蓝天空下 第二百九十八节 - 女人啊.txt 本地过滤跳过 (未发现角色关键词)
2026-01-17 23:51:31,502 [INFO] 章节 380_第七卷 八月火 第三百七十七节 - 初识.txt 本地过滤跳过 (未发现角色关键词)
2026-01-17 23:51:31,502 [INFO] 章节 460_第八卷 往日之扉 第四百五十六节 - 白熊.txt 本地过滤跳过 (未发现角色关键词)
2026-01-17 23:51:31,502 [INFO] 章节 500_--后篇--.txt 本地过滤跳过 (未发现角色关键词)
2026-01-17 23:51:31,502 [INFO] 章节 021_第二卷 初中生活 第二十一节 - 黑手党.txt 本地过滤跳过 (未发现角色关键词)
2026-01-17 23:51:31,505 [INFO] 章节 141_第四卷 当时青春年少 第一百四十节 - 要命.txt 本地过滤跳过 (未发现角色关键词)
2026-01-17 23:51:31,505 [INFO] 章节 181_第五卷 有爱的世界 第一百八十节 - 因果线.txt 本地过滤跳过 (未发现角色关键词)
2026-01-17 23:51:31,505 [INFO] 章节 261_第五卷 有爱的世界 第二百六十节 - 初吻.txt 本地过滤跳过 (未发现角色关键词)
2026-01-17 23:51:31,506 [INFO] 章节 301_第六卷 蔚蓝天空下 第二百九十九节 - 再见方雨思.txt 本地过滤跳过 (未发现角色关键词)
2026-01-17 23:51:31,506 [INFO] 章节 381_第七卷 八月火 第三百七十八节 - 喜欢你也没什么.txt 本地过滤跳过 (未发现角色关键词)
2026-01-17 23:51:31,506 [INFO] 章节 461_第八卷 往日之扉 第四百五十七节 - 雷雨的下午（上）.txt 本地过滤跳过 (未发现角色关键词)
2026-01-17 23:51:31,508 [INFO] 章节 022_第二卷 初中生活 第二十二节 - 因由.txt 本地过滤跳过 (未发现角色关键词)
2026-01-17 23:51:31,508 [INFO] 章节 142_第四卷 当时青春年少 第一百四十一节 - 东方婉的推理.txt 本地过滤跳过 (未发现角色关键词)
2026-01-17 23:51:31,508 [INFO] 章节 182_第五卷 有爱的世界 第一百八十一节 - 请求.txt 本地过滤跳过 (未发现角色关键词)
2026-01-17 23:51:31,508 [INFO] 章节 262_第五卷 有爱的世界 第二百六十一节 - 呢喃.txt 本地过滤跳过 (未发现角色关键词)
2026-01-17 23:51:31,510 [INFO] 章节 023_第二卷 初中生活 第二十三节 - 菜鸟出击.txt 本地过滤跳过 (未发现角色关键词)
2026-01-17 23:51:31,510 [INFO] 章节 143_第四卷 当时青春年少 第一百四十二节 - 再会.txt 本地过滤跳过 (未发现角色关键词)
2026-01-17 23:51:31,510 [INFO] 章节 183_第五卷 有爱的世界 第一百八十二节 - 江湖大佬.txt 本地过滤跳过 (未发现角色关键词)
2026-01-17 23:51:31,514 [INFO] 章节 263_第五卷 有爱的世界 第二百六十二节 - 简单清晨.txt 本地过滤跳过 (未发现角色关键词)
2026-01-17 23:51:31,514 [INFO] 章节 303_第六卷 蔚蓝天空下 第三百零一节 - 唯一的优势.txt 本地过滤跳过 (未发现角色关键词)
2026-01-17 23:51:31,514 [INFO] 章节 383_第七卷 八月火 第三百八十节 - 心情.txt 本地过滤跳过 (未发现角色关键词)
2026-01-17 23:51:33,354 [INFO] 章节 031_第二卷 初中生活 第三十一节 - 绑票.txt 处理完毕: 角色无互动 (空)
2026-01-17 23:51:39,636 [INFO] 章节 304_第六卷 蔚蓝天空下 第三百零二节 - 过界.txt 处理完毕: 提取成功
2026-01-17 23:51:40,748 [INFO] 章节 391_第七卷 八月火 第三百八十八节 - 暗流.txt 处理完毕: 提取成功
2026-01-17 23:51:42,966 [INFO] 章节 392_第七卷 八月火 第三百八十九节 - 月池家的小院落.txt 处理完毕: 角色无互动 (空)
2026-01-17 23:51:42,967 [INFO] 进度: 370/514 | 成功:2 失败:0 跳过/空:368 | 成本: 0.01 CNY
2026-01-17 23:51:49,386 [INFO] 章节 309_第六卷 蔚蓝天空下 第三百零七节 - 时间不多.txt 处理完毕: 提取成功
2026-01-17 23:51:54,375 [INFO] 章节 032_第二卷 初中生活 第三十二节 - 这就是爱啊.txt 处理完毕: 提取成功
2026-01-17 23:51:55,227 [INFO] 章节 069_第三卷 同居时代 第六十八节 - 等待.txt 处理完毕: 提取成功
2026-01-17 23:51:55,230 [INFO] 章节 305_第六卷 蔚蓝天空下 第三百零三节 - 放任.txt 处理完毕: 提取成功
2026-01-17 23:51:56,498 [INFO] 章节 307_第六卷 蔚蓝天空下 第三百零五节 - 你妈贵姓.txt 处理完毕: 提取成功
2026-01-17 23:51:56,694 [INFO] 章节 065_第三卷 同居时代 第六十四节 - 杀手第一课：变笨.txt 处理完毕: 提取成功
2026-01-17 23:52:00,570 [INFO] 章节 389_第七卷 八月火 第三百八十六节 - 一切无非已然过往.txt 处理完毕: 提取成功
2026-01-17 23:52:03,785 [INFO] 章节 034_第二卷 初中生活 第三十四节 - 装疯卖傻.txt 处理完毕: 提取成功
2026-01-17 23:52:07,955 [INFO] 章节 073_第三卷 同居时代 第七十二节 - 夜路.txt 处理完毕: 提取成功
2026-01-17 23:52:10,330 [INFO] 章节 070_第三卷 同居时代 第六十九节 - 郁金香.txt 处理完毕: 提取成功
2026-01-17 23:52:10,332 [INFO] 进度: 380/514 | 成功:12 失败:0 跳过/空:368 | 成本: 0.05 CNY
2026-01-17 23:52:12,624 [INFO] 章节 388_第七卷 八月火 第三百八十五节 - 抱着熊猫的少女.txt 处理完毕: 提取成功
2026-01-17 23:52:14,789 [INFO] 章节 194_第五卷 有爱的世界 第一百九十三节 - 纯净的灵魂.txt 处理完毕: 提取成功
2026-01-17 23:52:14,957 [INFO] 章节 035_第二卷 初中生活 第三十五节 - 獠牙（上）.txt 处理完毕: 提取成功
2026-01-17 23:52:19,409 [INFO] 章节 033_第二卷 初中生活 第三十三节 - 拷打.txt 处理完毕: 提取成功
2026-01-17 23:52:22,547 [INFO] 章节 077_第三卷 同居时代 第七十六节 - 上船.txt 处理完毕: 提取成功
2026-01-17 23:52:34,299 [INFO] 章节 037_第二卷 初中生活 第三十七节 - 獠牙（下）.txt 处理完毕: 提取成功
2026-01-17 23:52:38,222 [INFO] 章节 036_第二卷 初中生活 第三十六节 - 獠牙（中）.txt 处理完毕: 提取成功
2026-01-17 23:52:40,540 [INFO] 章节 196_第五卷 有爱的世界 第一百九十五节 - 比较.txt 处理完毕: 提取成功
2026-01-17 23:52:41,703 [INFO] 章节 195_第五卷 有爱的世界 第一百九十四节 - 我要回去.txt 处理完毕: 提取成功
2026-01-17 23:52:44,097 [INFO] 章节 199_第五卷 有爱的世界 第一百九十八节 - 初冬.txt 处理完毕: 角色无互动 (空)
2026-01-17 23:52:44,100 [INFO] 进度: 390/514 | 成功:21 失败:0 跳过/空:369 | 成本: 0.10 CNY
2026-01-17 23:52:44,751 [INFO] 章节 393_第七卷 八月火 第三百九十节 - 妒意.txt 处理完毕: 提取成功
2026-01-17 23:52:45,964 [INFO] 章节 398_第七卷 八月火 第三百九十五节 - 惊艳一枪.txt 处理完毕: 提取成功
2026-01-17 23:52:46,869 [INFO] 章节 040_第二卷 初中生活 第四十节 - 两姐妹.txt 处理完毕: 角色无互动 (空)
2026-01-17 23:52:47,207 [INFO] 章节 396_第七卷 八月火 第三百九十三节 - 无暇.txt 处理完毕: 提取成功
2026-01-17 23:52:47,323 [INFO] 章节 038_第二卷 初中生活 第三十八节 - 休养（上）.txt 处理完毕: 提取成功
2026-01-17 23:52:49,103 [INFO] 章节 200_第五卷 有爱的世界 第一百九十九节 - 火花.txt 处理完毕: 角色无互动 (空)
2026-01-17 23:52:51,467 [INFO] 章节 197_第五卷 有爱的世界 第一百九十六节 - 迷蒙的旋律.txt 处理完毕: 提取成功
2026-01-17 23:52:52,115 [INFO] 章节 203_第五卷 有爱的世界 第二百零二节 - 日落之前的错乱.txt 处理完毕: 角色无互动 (空)
2026-01-17 23:52:52,484 [INFO] 章节 394_第七卷 八月火 第三百九十一节 - 差距.txt 处理完毕: 提取成功
2026-01-17 23:52:55,155 [INFO] 章节 204_第五卷 有爱的世界 第二百零三节 - 逃亡时间.txt 处理完毕: 角色无互动 (空)
2026-01-17 23:52:55,156 [INFO] 进度: 400/514 | 成功:27 失败:0 跳过/空:373 | 成本: 0.14 CNY
2026-01-17 23:52:55,669 [INFO] 章节 201_第五卷 有爱的世界 第二百节 - 启幕.txt 处理完毕: 提取成功
2026-01-17 23:52:57,372 [INFO] 章节 044_第二卷 初中生活 第四十四节 - 九六 逃婚大计.txt 处理完毕: 角色无互动 (空)
2026-01-17 23:52:58,465 [INFO] 章节 397_第七卷 八月火 第三百九十四节 - 开始作战.txt 处理完毕: 提取成功
2026-01-17 23:52:58,469 [INFO] 章节 399_第七卷 八月火 第三百九十六节 - 未明.txt 处理完毕: 提取成功
2026-01-17 23:52:59,564 [INFO] 章节 404_第七卷 八月火 第四百零一节 - 欢迎回家.txt 处理完毕: 角色无互动 (空)
2026-01-17 23:53:03,112 [INFO] 章节 042_第二卷 初中生活 第四十二节 - 天雨正则.txt 处理完毕: 提取成功
2026-01-17 23:53:06,122 [INFO] 章节 403_第七卷 八月火 第四百节 - 无限光明火.txt 处理完毕: 提取成功
2026-01-17 23:53:06,506 [INFO] 章节 325_第六卷 蔚蓝天空下 第三百二十三节 - 误伤.txt 处理完毕: 提取成功
2026-01-17 23:53:06,914 [INFO] 章节 205_第五卷 有爱的世界 第二百零四节 - 冷血.txt 处理完毕: 提取成功
2026-01-17 23:53:06,930 [INFO] 章节 039_第二卷 初中生活 第三十九节 - 休养（下）.txt 处理完毕: 提取成功
2026-01-17 23:53:06,932 [INFO] 进度: 410/514 | 成功:35 失败:0 跳过/空:375 | 成本: 0.18 CNY
2026-01-17 23:53:07,589 [INFO] 章节 395_第七卷 八月火 第三百九十二节 - 生猛海鲜.txt 处理完毕: 提取成功
2026-01-17 23:53:09,468 [INFO] 章节 211_第五卷 有爱的世界 第二百一十节 - 血色嘉年华（三）.txt 处理完毕: 角色无互动 (空)
2026-01-17 23:53:09,595 [INFO] 章节 323_第六卷 蔚蓝天空下 第三百二十一节 - 故人.txt 处理完毕: 提取成功
2026-01-17 23:53:11,124 [INFO] 章节 326_第六卷 蔚蓝天空下 第三百二十四节 - 争吵.txt 处理完毕: 提取成功
2026-01-17 23:53:11,339 [INFO] 章节 331_第六卷 蔚蓝天空下 第三百二十九节 - 歉意.txt 处理完毕: 角色无互动 (空)
2026-01-17 23:53:15,999 [INFO] 章节 329_第六卷 蔚蓝天空下 第三百二十七节 - 喧闹的夜.txt 处理完毕: 提取成功
2026-01-17 23:53:19,385 [INFO] 章节 332_第六卷 蔚蓝天空下 第三百三十节 - 变态嫌疑.txt 处理完毕: 提取成功
2026-01-17 23:53:21,277 [INFO] 章节 333_第六卷 蔚蓝天空下 第三百三十一节 - 蝉.txt 处理完毕: 角色无互动 (空)
2026-01-17 23:53:21,517 [INFO] 章节 324_第六卷 蔚蓝天空下 第三百二十二节 - 林间.txt 处理完毕: 提取成功
2026-01-17 23:53:23,497 [INFO] 章节 413_第七卷  小结  在那年夏天逝去的青春.txt 处理完毕: 角色无互动 (空)
2026-01-17 23:53:23,497 [INFO] 进度: 420/514 | 成功:41 失败:0 跳过/空:379 | 成本: 0.22 CNY
2026-01-17 23:53:24,219 [INFO] 章节 412_第七卷 八月火 第四百零九节 - 我如朝露降人间.txt 处理完毕: 提取成功
2026-01-17 23:53:25,412 [INFO] 章节 055_第三卷 同居时代 第五十四节 - 新居故事.txt 处理完毕: 角色无互动 (空)
2026-01-17 23:53:26,743 [INFO] 章节 328_第六卷 蔚蓝天空下 第三百二十六节 - 搭讪地狱.txt 处理完毕: 提取成功
2026-01-17 23:53:27,497 [INFO] 章节 212_第五卷 有爱的世界 第二百一十一节 - 血色嘉年华（四）.txt 处理完毕: 提取成功
2026-01-17 23:53:29,298 [INFO] 章节 336_第六卷 蔚蓝天空下 第三百三十四节 - 什么都不怕.txt 处理完毕: 角色无互动 (空)
2026-01-17 23:53:31,730 [INFO] 章节 206_第五卷 有爱的世界 第二百零五节 - 赞美爱.txt 处理完毕: 提取成功
2026-01-17 23:53:34,345 [INFO] 章节 218_第五卷 有爱的世界 第二百一十七节 - 血色嘉年华（十）.txt 处理完毕: 角色无互动 (空)
2026-01-17 23:53:36,871 [INFO] 章节 219_第五卷 有爱的世界 第二百一十八节 - 睡吧.txt 处理完毕: 角色无互动 (空)
2026-01-17 23:53:37,567 [INFO] 章节 215_第五卷 有爱的世界 第二百一十四节 - 血色嘉年华（七）.txt 处理完毕: 提取成功
2026-01-17 23:53:39,281 [INFO] 章节 220_第五卷 有爱的世界 第二百一十九节 - 保密.txt 处理完毕: 角色无互动 (空)
2026-01-17 23:53:39,281 [INFO] 进度: 430/514 | 成功:46 失败:0 跳过/空:384 | 成本: 0.26 CNY
2026-01-17 23:53:40,163 [INFO] 章节 340_第六卷 蔚蓝天空下 第三百三十八节 - 设计.txt 处理完毕: 角色无互动 (空)
2026-01-17 23:53:40,675 [INFO] 章节 057_第三卷 同居时代 第五十六节 - 约战.txt 处理完毕: 提取成功
2026-01-17 23:53:41,019 [INFO] 章节 213_第五卷 有爱的世界 第二百一十二节 - 血色嘉年华（五）.txt 处理完毕: 提取成功
2026-01-17 23:53:41,138 [INFO] 章节 214_第五卷 有爱的世界 第二百一十三节 - 血色嘉年华（六）.txt 处理完毕: 提取成功
2026-01-17 23:53:42,795 [INFO] 章节 102_第三卷 同居时代 第一百零一节 - 问罪.txt 处理完毕: 角色无互动 (空)
2026-01-17 23:53:44,467 [INFO] 章节 041_第二卷 初中生活 第四十一节 - 用谋.txt 处理完毕: 提取成功
2026-01-17 23:53:46,623 [INFO] 章节 464_第八卷 往日之扉 第四百六十节 - 距离.txt 处理完毕: 角色无互动 (空)
2026-01-17 23:53:49,036 [INFO] 章节 330_第六卷 蔚蓝天空下 第三百二十八节 - 冷妍.txt 处理完毕: 提取成功
2026-01-17 23:53:49,384 [INFO] 章节 061_第三卷 同居时代 第六十节 - 广告与杀意.txt 处理完毕: 提取成功
2026-01-17 23:53:50,527 [INFO] 章节 207_第五卷 有爱的世界 第二百零六节 - 狂奔.txt 处理完毕: 提取成功
2026-01-17 23:53:50,530 [INFO] 进度: 440/514 | 成功:53 失败:0 跳过/空:387 | 成本: 0.30 CNY
2026-01-17 23:53:50,969 [INFO] 章节 216_第五卷 有爱的世界 第二百一十五节 - 血色嘉年华（八）.txt 处理完毕: 提取成功
2026-01-17 23:53:51,038 [INFO] 章节 144_第四卷 当时青春年少 第一百四十三节 - 真相.txt 处理完毕: 提取成功
2026-01-17 23:53:51,648 [INFO] 章节 506_后篇 第六章 追求者.txt 处理完毕: 角色无互动 (空)
2026-01-17 23:53:51,906 [INFO] 章节 505_后篇 第五章 婉.txt 处理完毕: 角色无互动 (空)
2026-01-17 23:53:52,866 [INFO] 章节 507_后篇 第七章 幽会.txt 处理完毕: 角色无互动 (空)
2026-01-17 23:53:53,135 [INFO] 章节 468_第八卷 往日之扉 第四百六十四节 - 家门.txt 处理完毕: 角色无互动 (空)
2026-01-17 23:53:53,584 [INFO] 章节 229_第五卷 有爱的世界 第二百二十八节 - 约瑟夫.txt 处理完毕: 角色无互动 (空)
2026-01-17 23:53:54,856 [INFO] 章节 221_第五卷 有爱的世界 第二百二十节 - 冬.txt 处理完毕: 提取成功
2026-01-17 23:53:55,694 [INFO] 章节 509_后篇 第九章 艾卜哈.txt 处理完毕: 角色无互动 (空)
2026-01-17 23:53:57,141 [INFO] 章节 058_第三卷 同居时代 第五十七节 - 调解赛（上）.txt 处理完毕: 提取成功
2026-01-17 23:53:57,144 [INFO] 进度: 450/514 | 成功:57 失败:0 跳过/空:393 | 成本: 0.34 CNY
2026-01-17 23:53:57,951 [INFO] 章节 271_第六卷 蔚蓝天空下 第二百六十九节 - 琐碎.txt 处理完毕: 角色无互动 (空)
2026-01-17 23:54:00,460 [INFO] 章节 272_第六卷 蔚蓝天空下 第二百七十节 - 倾倒的大厦.txt 处理完毕: 角色无互动 (空)
2026-01-17 23:54:02,809 [INFO] 章节 352_第六卷 蔚蓝天空下 第三百五十节 - 在你身边.txt 处理完毕: 角色无互动 (空)
2026-01-17 23:54:03,772 [INFO] 章节 508_后篇 第八章 旧时相识.txt 处理完毕: 提取成功
2026-01-17 23:54:06,615 [INFO] 章节 062_第三卷 同居时代 第六十一节 - 夜林.txt 处理完毕: 提取成功
2026-01-17 23:54:08,905 [INFO] 章节 504_后篇 第四章 小诊所.txt 处理完毕: 提取成功
2026-01-17 23:54:11,335 [INFO] 章节 110_第三卷 同居时代 第一百零九节 - 九七年，飘雪.txt 处理完毕: 提取成功
2026-01-17 23:54:13,219 [INFO] 章节 350_第六卷 蔚蓝天空下 第三百四十八节 - 六月.txt 处理完毕: 提取成功
2026-01-17 23:54:15,654 [INFO] 章节 474_第八卷 往日之扉 第四百七十节 - 一个好人.txt 处理完毕: 角色无互动 (空)
2026-01-17 23:54:16,054 [INFO] 章节 112_第三卷 同居时代 第一百一十一节 - 各自的平安夜.txt 处理完毕: 提取成功
2026-01-17 23:54:16,057 [INFO] 进度: 460/514 | 成功:63 失败:0 跳过/空:397 | 成本: 0.39 CNY
2026-01-17 23:54:17,633 [INFO] 章节 353_第六卷 蔚蓝天空下 第三百五十一节 - 远去之蓝.txt 处理完毕: 提取成功
2026-01-17 23:54:18,914 [INFO] 章节 510_后篇 第十章 突如其来的绑架.txt 处理完毕: 提取成功
2026-01-17 23:54:20,817 [INFO] 章节 469_第八卷 往日之扉 第四百六十五节 - 最后的试题.txt 处理完毕: 提取成功
2026-01-17 23:54:22,891 [INFO] 章节 063_第三卷 同居时代 第六十二节 - 且饶人.txt 处理完毕: 提取成功
2026-01-17 23:54:25,083 [INFO] 章节 513_后篇 第十三章 对不起，搞错了.txt 处理完毕: 提取成功
2026-01-17 23:54:27,019 [INFO] 章节 276_第六卷 蔚蓝天空下 第二百七十四节 - 生活秀.txt 处理完毕: 提取成功
2026-01-17 23:54:27,218 [INFO] 章节 153_第四卷 当时青春年少 第一百五十二节 - 生气.txt 处理完毕: 提取成功
2026-01-17 23:54:27,770 [INFO] 章节 154_第四卷 当时青春年少 第一百五十三节 - 惩罚.txt 处理完毕: 提取成功
2026-01-17 23:54:29,064 [INFO] 章节 158_第四卷 当时青春年少 第一百五十七节 - 春梦.txt 处理完毕: 角色无互动 (空)
2026-01-17 23:54:29,726 [INFO] 章节 278_第六卷 蔚蓝天空下 第二百七十六节 - 耳光响亮.txt 处理完毕: 角色无互动 (空)
2026-01-17 23:54:29,729 [INFO] 进度: 470/514 | 成功:71 失败:0 跳过/空:399 | 成本: 0.44 CNY
2026-01-17 23:54:35,452 [INFO] 章节 277_第六卷 蔚蓝天空下 第二百七十五节 - 为难.txt 处理完毕: 提取成功
2026-01-17 23:54:41,166 [INFO] 章节 275_第六卷 蔚蓝天空下 第二百七十三节 - 风将起.txt 处理完毕: 提取成功
2026-01-17 23:54:41,220 [INFO] 章节 155_第四卷 当时青春年少 第一百五十四节 - 奔跑.txt 处理完毕: 提取成功
2026-01-17 23:54:49,084 [INFO] 章节 477_第九卷 最后回旋 第四百七十三节 - 捕蝉.txt 处理完毕: 提取成功
2026-01-17 23:54:49,537 [INFO] 章节 119_第三卷 同居时代 第一百一十八节 - 随便你了.txt 处理完毕: 提取成功
2026-01-17 23:54:51,138 [INFO] 章节 280_第六卷 蔚蓝天空下 第二百七十八节 - 乱.txt 处理完毕: 角色无互动 (空)
2026-01-17 23:54:51,663 [INFO] 章节 360_第七卷 八月火 第三百五十七节 - 分歧.txt 处理完毕: 角色无互动 (空)
2026-01-17 23:54:52,893 [INFO] 章节 274_第六卷 蔚蓝天空下 第二百七十二节 - 小麻烦.txt 处理完毕: 提取成功
2026-01-17 23:54:53,527 [INFO] 章节 160_第四卷 当时青春年少 第一百五十九节 - 校庆.txt 处理完毕: 提取成功
2026-01-17 23:54:54,345 [INFO] 章节 279_第六卷 蔚蓝天空下 第二百七十七节 - 后果严重的一记耳光.txt 处理完毕: 提取成功
2026-01-17 23:54:54,348 [INFO] 进度: 480/514 | 成功:79 失败:0 跳过/空:401 | 成本: 0.48 CNY
2026-01-17 23:54:55,587 [INFO] 章节 122_第四卷 当时青春年少 第一百二十一节 - 期待.txt 处理完毕: 角色无互动 (空)
2026-01-17 23:54:56,495 [INFO] 章节 367_第七卷 八月火 第三百六十四节 - 预定行程.txt 处理完毕: 角色无互动 (空)
2026-01-17 23:54:57,542 [INFO] 章节 156_第四卷 当时青春年少 第一百五十五节 - 变强.txt 处理完毕: 提取成功
2026-01-17 23:54:59,666 [INFO] 章节 289_第六卷 蔚蓝天空下 第二百八十七节 - 打赌.txt 处理完毕: 角色无互动 (空)
2026-01-17 23:55:01,943 [INFO] 章节 482_第九卷 最后回旋 第四百七十八节 - Bitch.txt 处理完毕: 提取成功
2026-01-17 23:55:03,528 [INFO] 章节 168_第四卷 当时青春年少 第一百六十七节 - 东方若.txt 处理完毕: 提取成功
2026-01-17 23:55:04,178 [INFO] 章节 478_第九卷 最后回旋 第四百七十四节 - 樱花（上）.txt 处理完毕: 提取成功
2026-01-17 23:55:05,692 [INFO] 章节 291_第六卷 蔚蓝天空下 第二百八十九节 - 被盯上.txt 处理完毕: 角色无互动 (空)
2026-01-17 23:55:06,317 [INFO] 章节 479_第九卷 最后回旋 第四百七十五节 - 樱花（下）.txt 处理完毕: 提取成功
2026-01-17 23:55:07,452 [INFO] 章节 118_第三卷 同居时代 第一百一十七节 - 薰的不良爱好.txt 处理完毕: 提取成功
2026-01-17 23:55:07,452 [INFO] 进度: 490/514 | 成功:85 失败:0 跳过/空:405 | 成本: 0.52 CNY
2026-01-17 23:55:09,347 [INFO] 章节 373_第七卷 八月火 第三百七十节 - 偷袭.txt 处理完毕: 角色无互动 (空)
2026-01-17 23:55:09,434 [INFO] 章节 157_第四卷 当时青春年少 第一百五十六节 - 生日快乐.txt 处理完毕: 提取成功
2026-01-17 23:55:11,604 [INFO] 章节 296_第六卷 蔚蓝天空下 第二百九十四节 - 评估.txt 处理完毕: 角色无互动 (空)
2026-01-17 23:55:11,623 [INFO] 章节 177_第四卷 当时青春年少 第一百七十六节 - 曝光.txt 处理完毕: 角色无互动 (空)
2026-01-17 23:55:15,317 [INFO] 章节 368_第七卷 八月火 第三百六十五节 - 启程.txt 处理完毕: 提取成功
2026-01-17 23:55:15,570 [INFO] 章节 171_第四卷 当时青春年少 第一百七十节 - 冲突.txt 处理完毕: 提取成功
2026-01-17 23:55:18,246 [INFO] 章节 178_第五卷 有爱的世界 第一百七十七节 - 杀人武器工坊.txt 处理完毕: 角色无互动 (空)
2026-01-17 23:55:18,249 [INFO] 章节 179_第五卷 有爱的世界 第一百七十八节 - 欠条.txt 处理完毕: 角色无互动 (空)
2026-01-17 23:55:19,741 [INFO] 章节 138_第四卷 当时青春年少 第一百三十七节 - 黑暗的半身.txt 处理完毕: 提取成功
2026-01-17 23:55:20,364 [INFO] 章节 180_第五卷 有爱的世界 第一百七十九节 - 恬淡.txt 处理完毕: 角色无互动 (空)
2026-01-17 23:55:20,364 [INFO] 进度: 500/514 | 成功:89 失败:0 跳过/空:411 | 成本: 0.55 CNY
2026-01-17 23:55:21,001 [INFO] 章节 501_后篇 第一章 傻杰与黑淘.txt 处理完毕: 角色无互动 (空)
2026-01-17 23:55:21,964 [INFO] 章节 302_第六卷 蔚蓝天空下 第三百节 - 你们不知道.txt 处理完毕: 角色无互动 (空)
2026-01-17 23:55:22,365 [INFO] 章节 132_第四卷 当时青春年少 第一百三十一节 - 推想、斗志、宣传单.txt 处理完毕: 提取成功
2026-01-17 23:55:22,634 [INFO] 章节 382_第七卷 八月火 第三百七十九节 - 我们的未来.txt 处理完毕: 角色无互动 (空)
2026-01-17 23:55:23,455 [INFO] 章节 462_第八卷 往日之扉 第四百五十八节 - 雷雨的下午（下）.txt 处理完毕: 角色无互动 (空)
2026-01-17 23:55:24,133 [INFO] 章节 463_第八卷 往日之扉 第四百五十九节 - 契合.txt 处理完毕: 角色无互动 (空)
2026-01-17 23:55:24,573 [INFO] 章节 502_后篇 第二章 妈妈是大总裁.txt 处理完毕: 角色无互动 (空)
2026-01-17 23:55:26,763 [INFO] 章节 489_第九卷 最后回旋 第四百八十五节 - 大结局.txt 处理完毕: 提取成功
2026-01-17 23:55:30,532 [INFO] 章节 133_第四卷 当时青春年少 第一百三十二节 - 简单的清晨.txt 处理完毕: 提取成功
2026-01-17 23:55:36,803 [INFO] 章节 480_第九卷 最后回旋 第四百七十六节 - 廉价劳工.txt 处理完毕: 提取成功
2026-01-17 23:55:36,803 [INFO] 进度: 510/514 | 成功:93 失败:0 跳过/空:417 | 成本: 0.60 CNY
2026-01-17 23:55:38,749 [INFO] 章节 481_第九卷 最后回旋 第四百七十七节 - 告别.txt 处理完毕: 提取成功
2026-01-17 23:55:39,909 [INFO] 章节 503_后篇 第三章 爸爸是医生.txt 处理完毕: 提取成功
2026-01-17 23:55:45,564 [INFO] 章节 257_第五卷 有爱的世界 第二百五十六节 - 朋友关系.txt 处理完毕: 提取成功
2026-01-17 23:55:56,055 [INFO] 章节 134_第四卷 当时青春年少 第一百三十三节 - 蝴蝶.txt 处理完毕: 提取成功
2026-01-17 23:55:56,055 [INFO] 进度: 514/514 | 成功:97 失败:0 跳过/空:417 | 成本: 0.62 CNY
2026-01-17 23:55:56,055 [INFO] 开始标记序号...
2026-01-17 23:55:56,943 [INFO] 清洗完毕。输出至: novel_data/lora_dataset\cleaned_月池薰_full_20260117_235131
